{"/home/webreflection/code/hyperHTML/hyperhtml.js":{"path":"/home/webreflection/code/hyperHTML/hyperhtml.js","s":{"1":2,"2":2,"3":2,"4":1,"5":20,"6":2,"7":28,"8":32,"9":32,"10":32,"11":32,"12":2,"13":1,"14":198,"15":2,"16":2,"17":2,"18":2,"19":2,"20":1,"21":62,"22":2,"23":2,"24":2,"25":2,"26":2,"27":2,"28":2,"29":2,"30":2,"31":2,"32":2,"33":1,"34":46,"35":46,"36":34,"37":22,"38":12,"39":34,"40":1,"41":14,"42":6,"43":6,"44":2,"45":2,"46":4,"47":4,"48":6,"49":4,"50":6,"51":2,"52":2,"53":1,"54":86,"55":86,"56":24,"57":24,"58":1,"59":134,"60":134,"61":1,"62":16,"63":16,"64":2,"65":2,"66":2,"67":14,"68":14,"69":1,"70":260,"71":260,"72":144,"73":144,"74":260,"75":260,"76":1,"77":38,"78":38,"79":8,"80":38,"81":20,"82":38,"83":22,"84":14,"85":4,"86":14,"87":14,"88":12,"89":20,"90":16,"91":16,"92":14,"93":4,"94":4,"95":10,"96":34,"97":30,"98":30,"99":28,"100":4,"101":2,"102":2,"103":24,"104":24,"105":2,"106":2,"107":1,"108":104,"109":104,"110":104,"111":284,"112":120,"113":56,"114":50,"115":50,"116":64,"117":22,"118":8,"119":8,"120":42,"121":42,"122":42,"123":42,"124":120,"125":4,"126":2,"127":2,"128":4,"129":160,"130":6,"131":6,"132":6,"133":154,"134":154,"135":72,"136":72,"137":2,"138":2,"139":70,"140":24,"141":24,"142":10,"143":10,"144":10,"145":12,"146":10,"147":8,"148":10,"149":10,"150":34,"151":8,"152":34,"153":4,"154":4,"155":32,"156":24,"157":24,"158":16,"159":8,"160":32,"161":82,"162":22,"163":14,"164":8,"165":60,"166":4,"167":56,"168":10,"169":46,"170":4,"171":42,"172":4,"173":38,"174":28,"175":28,"176":18,"177":10,"178":10,"179":10,"180":10,"181":10,"182":4,"183":6,"184":154,"185":1,"186":110,"187":44,"188":44,"189":38,"190":38,"191":1,"192":212,"193":290,"194":290,"195":110,"196":110,"197":110,"198":66,"199":64,"200":64,"201":24,"202":24,"203":40,"204":66,"205":114,"206":4,"207":4,"208":114,"209":2,"210":2,"211":2,"212":2,"213":2,"214":2,"215":2,"216":2,"217":2,"218":1,"219":4,"220":1,"221":2,"222":1,"223":54,"224":74,"225":74,"226":58,"227":54,"228":1,"229":136,"230":1,"231":112,"232":1,"233":110,"234":110,"235":110,"236":110,"237":110,"238":110,"239":52,"240":52,"241":110,"242":1,"243":1,"244":1,"245":109,"246":109,"247":58,"248":51,"249":110,"250":1,"251":2,"252":2,"253":2,"254":1,"255":1,"256":1,"257":1,"258":1,"259":1,"260":2,"261":1,"262":46,"263":1,"264":46,"265":58,"266":8,"267":8,"268":6,"269":8,"270":8,"271":12,"272":12,"273":12,"274":12,"275":12,"276":12,"277":12,"278":12,"279":2,"280":2,"281":4,"282":10,"283":10,"284":12,"285":12,"286":2,"287":10,"288":12,"289":10,"290":12,"291":38,"292":38,"293":38,"294":46,"295":1,"296":4,"297":4,"298":4,"299":1,"300":12,"301":10,"302":2,"303":1,"304":36,"305":36,"306":4,"307":4,"308":2,"309":36,"310":1,"311":28,"312":1,"313":10,"314":10,"315":2,"316":8,"317":2,"318":6,"319":2,"320":4,"321":1,"322":10,"323":10,"324":8,"325":1,"326":82,"327":1,"328":94,"329":1,"330":68,"331":68,"332":1,"333":144,"334":20,"335":1,"336":14,"337":14,"338":4,"339":4,"340":1,"341":142,"342":142,"343":52,"344":52,"345":38,"346":38,"347":52,"348":52,"349":142,"350":1,"351":16,"352":16,"353":12,"354":12,"355":12,"356":12,"357":12,"358":12,"359":12,"360":1,"361":106,"362":2,"363":2,"364":153,"365":84,"366":2,"367":1,"368":1,"369":72,"370":51,"371":2,"372":1,"373":1,"374":1,"375":94,"376":2,"377":37,"378":2,"379":2,"380":2,"381":1,"382":1,"383":187,"384":187,"385":2,"386":70,"387":18,"388":26,"389":2,"390":133,"391":343,"392":343,"393":195,"394":133,"395":77,"396":2,"397":75,"398":101,"399":101,"400":56,"401":56,"402":45,"403":45,"404":75,"405":75,"406":101,"407":75,"408":2,"409":2,"410":2,"411":32,"412":2,"413":38,"414":2,"415":7,"416":8,"417":6,"418":1,"419":7,"420":2,"421":6,"422":6,"423":4,"424":2,"425":6,"426":2,"427":2,"428":2,"429":2,"430":2,"431":2,"432":2,"433":2,"434":187,"435":131,"436":187,"437":56,"438":1,"439":102,"440":102,"441":102,"442":102,"443":102,"444":102,"445":1,"446":106,"447":106,"448":106,"449":28,"450":28,"451":40,"452":40,"453":40,"454":38,"455":38,"456":38,"457":106,"458":82,"459":106,"460":1,"461":112,"462":96,"463":96,"464":96,"465":8,"466":8,"467":96,"468":112,"469":112,"470":1,"471":32,"472":46,"473":46,"474":46,"475":32,"476":32,"477":1,"478":260,"479":270,"480":1,"481":144,"482":72,"483":144,"484":144,"485":144,"486":112,"487":112,"488":112,"489":32,"490":144,"491":1,"492":52,"493":1,"494":52,"495":52,"496":52,"497":1,"498":76,"499":54,"500":54,"501":6,"502":54,"503":76,"504":52,"505":14,"506":14,"507":7,"508":14,"509":10,"510":10,"511":10,"512":14,"513":10,"514":2,"515":2,"516":2,"517":8,"518":2,"519":8,"520":14,"521":14,"522":14,"523":62,"524":31,"525":62,"526":44,"527":44,"528":44,"529":62,"530":62,"531":1,"532":46,"533":46,"534":46,"535":46,"536":12,"537":12,"538":46,"539":24,"540":24,"541":46,"542":2,"543":2,"544":2},"b":{"1":[14,6],"2":[2,12],"3":[2,10],"4":[2,8],"5":[4,4],"6":[2,4],"7":[14,48],"8":[6,42],"9":[6,2],"10":[42,16],"11":[22,12],"12":[34,28],"13":[14,20],"14":[6,6,2],"15":[2,4],"16":[4,2],"17":[2,14],"18":[144,116],"19":[260,154],"20":[77,77],"21":[38,36,16],"22":[10,28],"23":[38,28],"24":[8,30],"25":[38,10],"26":[20,18],"27":[10,28],"28":[14,8],"29":[4,10],"30":[12,2],"31":[10,18],"32":[16,4],"33":[14,2],"34":[4,10],"35":[30,4],"36":[28,2],"37":[4,24],"38":[2,2],"39":[2,22],"40":[106,118,120,4,156,160,154],"41":[56,64],"42":[50,6],"43":[22,42],"44":[64,24],"45":[8,14],"46":[2,2],"47":[6,154],"48":[72,82],"49":[2,70],"50":[72,4],"51":[16,24,24,10,34,32],"52":[8,2],"53":[8,2],"54":[8,2],"55":[8,26],"56":[4,30],"57":[24,8],"58":[16,8],"59":[22,60],"60":[14,8],"61":[2,6],"62":[4,56],"63":[10,46],"64":[4,42],"65":[4,38],"66":[28,10],"67":[18,10],"68":[4,6],"69":[38,6],"70":[110,66,114],"71":[64,2],"72":[24,40],"73":[64,50,18],"74":[4,110],"75":[114,4],"76":[2,1,1],"77":[58,16],"78":[74,30],"79":[46,8],"80":[2,110],"81":[52,58],"82":[1,109],"83":[58,51],"84":[1,1],"85":[2,1],"86":[8,12,38],"87":[6,2],"88":[8,4],"89":[10,2],"90":[2,4,10],"91":[2,10],"92":[10,2],"93":[38,8],"94":[4,4],"95":[4,4],"96":[10,2],"97":[4,32],"98":[36,36],"99":[2,2],"100":[36,36],"101":[2,8],"102":[2,6],"103":[2,4],"104":[8,2],"105":[94,94],"106":[92,64,40],"107":[4,10],"108":[14,10],"109":[52,38,52],"110":[12,4],"111":[1,1],"112":[1,1],"113":[2,1],"114":[2,1],"115":[1,1],"116":[187,51],"117":[1,1],"118":[1,1],"119":[2,1],"120":[195,148],"121":[1,1],"122":[2,1],"123":[56,45],"124":[38,12],"125":[38,12],"126":[1,1],"127":[6,2],"128":[1,1],"129":[4,2],"130":[1,1],"131":[26,28,40,16,38],"132":[8,88],"133":[72,72],"134":[144,102],"135":[112,32],"136":[6,46],"137":[54,22],"138":[6,48],"139":[8,44],"140":[7,7],"141":[10,4],"142":[10,4],"143":[2,8],"144":[2,6],"145":[31,31],"146":[44,18],"147":[12,34],"148":[12,12],"149":[24,22],"150":[46,26]},"f":{"1":2,"2":20,"3":28,"4":32,"5":198,"6":2,"7":2,"8":62,"9":46,"10":14,"11":86,"12":134,"13":16,"14":260,"15":38,"16":22,"17":20,"18":34,"19":104,"20":284,"21":110,"22":212,"23":2,"24":4,"25":2,"26":54,"27":136,"28":112,"29":110,"30":2,"31":46,"32":46,"33":4,"34":12,"35":36,"36":28,"37":10,"38":10,"39":82,"40":94,"41":68,"42":144,"43":14,"44":142,"45":16,"46":106,"47":2,"48":153,"49":84,"50":1,"51":72,"52":51,"53":1,"54":94,"55":37,"56":187,"57":70,"58":18,"59":133,"60":77,"61":75,"62":75,"63":32,"64":38,"65":7,"66":7,"67":6,"68":6,"69":2,"70":187,"71":56,"72":102,"73":106,"74":112,"75":32,"76":260,"77":144,"78":52,"79":52,"80":76,"81":14,"82":14,"83":62,"84":46},"fnMap":{"1":{"name":"(anonymous_1)","line":1,"loc":{"start":{"line":1,"column":17},"end":{"line":1,"column":43}}},"2":{"name":"hyper","line":16,"loc":{"start":{"line":16,"column":2},"end":{"line":16,"column":23}}},"3":{"name":"adopt","line":38,"loc":{"start":{"line":38,"column":16},"end":{"line":38,"column":37}}},"4":{"name":"(anonymous_4)","line":39,"loc":{"start":{"line":39,"column":11},"end":{"line":39,"column":23}}},"5":{"name":"bind","line":50,"loc":{"start":{"line":50,"column":2},"end":{"line":50,"column":25}}},"6":{"name":"define","line":53,"loc":{"start":{"line":53,"column":17},"end":{"line":53,"column":56}}},"7":{"name":"escape","line":58,"loc":{"start":{"line":58,"column":17},"end":{"line":58,"column":39}}},"8":{"name":"wire","line":64,"loc":{"start":{"line":64,"column":2},"end":{"line":64,"column":27}}},"9":{"name":"indexOfDifferences","line":103,"loc":{"start":{"line":103,"column":2},"end":{"line":103,"column":36}}},"10":{"name":"populateNode","line":119,"loc":{"start":{"line":119,"column":2},"end":{"line":119,"column":39}}},"11":{"name":"removeNodeList","line":141,"loc":{"start":{"line":141,"column":2},"end":{"line":141,"column":44}}},"12":{"name":"resetAndPopulate","line":150,"loc":{"start":{"line":150,"column":2},"end":{"line":150,"column":43}}},"13":{"name":"updateViaArray","line":156,"loc":{"start":{"line":156,"column":2},"end":{"line":156,"column":47}}},"14":{"name":"render","line":173,"loc":{"start":{"line":173,"column":2},"end":{"line":173,"column":28}}},"15":{"name":"setAttribute","line":190,"loc":{"start":{"line":190,"column":2},"end":{"line":190,"column":59}}},"16":{"name":"eventAttr","line":204,"loc":{"start":{"line":204,"column":6},"end":{"line":204,"column":35}}},"17":{"name":"specialAttr","line":212,"loc":{"start":{"line":212,"column":8},"end":{"line":212,"column":39}}},"18":{"name":"normalAttr","line":232,"loc":{"start":{"line":232,"column":8},"end":{"line":232,"column":38}}},"19":{"name":"setVirtualContent","line":259,"loc":{"start":{"line":259,"column":2},"end":{"line":259,"column":47}}},"20":{"name":"anyVirtual","line":262,"loc":{"start":{"line":262,"column":11},"end":{"line":262,"column":38}}},"21":{"name":"attributesSeeker","line":386,"loc":{"start":{"line":386,"column":2},"end":{"line":386,"column":48}}},"22":{"name":"hyperSeeker","line":412,"loc":{"start":{"line":412,"column":2},"end":{"line":412,"column":43}}},"23":{"name":"(anonymous_23)","line":466,"loc":{"start":{"line":466,"column":13},"end":{"line":466,"column":25}}},"24":{"name":"fnEscape","line":491,"loc":{"start":{"line":491,"column":2},"end":{"line":491,"column":23}}},"25":{"name":"asHTML","line":496,"loc":{"start":{"line":496,"column":2},"end":{"line":496,"column":24}}},"26":{"name":"createContent","line":501,"loc":{"start":{"line":501,"column":2},"end":{"line":501,"column":31}}},"27":{"name":"createDocumentFragment","line":522,"loc":{"start":{"line":522,"column":2},"end":{"line":522,"column":44}}},"28":{"name":"createFragment","line":528,"loc":{"start":{"line":528,"column":2},"end":{"line":528,"column":38}}},"29":{"name":"createHTMLFragment","line":537,"loc":{"start":{"line":537,"column":2},"end":{"line":537,"column":42}}},"30":{"name":"createSVGFragment","line":573,"loc":{"start":{"line":573,"column":2},"end":{"line":573,"column":41}}},"31":{"name":"createText","line":589,"loc":{"start":{"line":589,"column":2},"end":{"line":589,"column":34}}},"32":{"name":"discoverNode","line":595,"loc":{"start":{"line":595,"column":2},"end":{"line":595,"column":63}}},"33":{"name":"getCEClass","line":675,"loc":{"start":{"line":675,"column":2},"end":{"line":675,"column":28}}},"34":{"name":"insertBefore","line":682,"loc":{"start":{"line":682,"column":2},"end":{"line":682,"column":51}}},"35":{"name":"isSpecialAttribute","line":692,"loc":{"start":{"line":692,"column":2},"end":{"line":692,"column":42}}},"36":{"name":"emptyFragment","line":702,"loc":{"start":{"line":702,"column":2},"end":{"line":702,"column":31}}},"37":{"name":"invokeAtDistance","line":707,"loc":{"start":{"line":707,"column":2},"end":{"line":707,"column":45}}},"38":{"name":"invokeTransformer","line":721,"loc":{"start":{"line":721,"column":2},"end":{"line":721,"column":37}}},"39":{"name":"isNode_ish","line":730,"loc":{"start":{"line":730,"column":2},"end":{"line":730,"column":29}}},"40":{"name":"isPromise_ish","line":735,"loc":{"start":{"line":735,"column":2},"end":{"line":735,"column":32}}},"41":{"name":"noContent","line":741,"loc":{"start":{"line":741,"column":2},"end":{"line":741,"column":38}}},"42":{"name":"removeAttributeList","line":751,"loc":{"start":{"line":751,"column":2},"end":{"line":751,"column":37}}},"43":{"name":"removePreviousText","line":758,"loc":{"start":{"line":758,"column":2},"end":{"line":758,"column":48}}},"44":{"name":"setContent","line":767,"loc":{"start":{"line":767,"column":2},"end":{"line":767,"column":66}}},"45":{"name":"updateVirtualNodes","line":785,"loc":{"start":{"line":785,"column":2},"end":{"line":785,"column":55}}},"46":{"name":"Path","line":799,"loc":{"start":{"line":799,"column":2},"end":{"line":799,"column":34}}},"47":{"name":"(anonymous_47)","line":809,"loc":{"start":{"line":809,"column":6},"end":{"line":809,"column":18}}},"48":{"name":"(anonymous_48)","line":811,"loc":{"start":{"line":811,"column":15},"end":{"line":811,"column":30}}},"49":{"name":"(anonymous_49)","line":812,"loc":{"start":{"line":812,"column":15},"end":{"line":812,"column":37}}},"50":{"name":"(anonymous_50)","line":824,"loc":{"start":{"line":824,"column":6},"end":{"line":824,"column":18}}},"51":{"name":"(anonymous_51)","line":827,"loc":{"start":{"line":827,"column":15},"end":{"line":827,"column":30}}},"52":{"name":"(anonymous_52)","line":833,"loc":{"start":{"line":833,"column":15},"end":{"line":833,"column":37}}},"53":{"name":"(anonymous_53)","line":844,"loc":{"start":{"line":844,"column":17},"end":{"line":844,"column":29}}},"54":{"name":"(anonymous_54)","line":849,"loc":{"start":{"line":849,"column":25},"end":{"line":849,"column":38}}},"55":{"name":"(anonymous_55)","line":856,"loc":{"start":{"line":856,"column":14},"end":{"line":856,"column":26}}},"56":{"name":"(anonymous_56)","line":869,"loc":{"start":{"line":869,"column":13},"end":{"line":869,"column":33}}},"57":{"name":"(anonymous_57)","line":878,"loc":{"start":{"line":878,"column":6},"end":{"line":878,"column":34}}},"58":{"name":"appendNodes","line":881,"loc":{"start":{"line":881,"column":6},"end":{"line":881,"column":45}}},"59":{"name":"(anonymous_59)","line":893,"loc":{"start":{"line":893,"column":6},"end":{"line":893,"column":22}}},"60":{"name":"(anonymous_60)","line":907,"loc":{"start":{"line":907,"column":6},"end":{"line":907,"column":22}}},"61":{"name":"(anonymous_61)","line":912,"loc":{"start":{"line":912,"column":6},"end":{"line":912,"column":34}}},"62":{"name":"(anonymous_62)","line":926,"loc":{"start":{"line":926,"column":6},"end":{"line":926,"column":34}}},"63":{"name":"(anonymous_63)","line":936,"loc":{"start":{"line":936,"column":17},"end":{"line":936,"column":43}}},"64":{"name":"(anonymous_64)","line":940,"loc":{"start":{"line":940,"column":26},"end":{"line":940,"column":48}}},"65":{"name":"(anonymous_65)","line":946,"loc":{"start":{"line":946,"column":4},"end":{"line":946,"column":20}}},"66":{"name":"(anonymous_66)","line":952,"loc":{"start":{"line":952,"column":4},"end":{"line":952,"column":20}}},"67":{"name":"(anonymous_67)","line":955,"loc":{"start":{"line":955,"column":4},"end":{"line":955,"column":20}}},"68":{"name":"(anonymous_68)","line":961,"loc":{"start":{"line":961,"column":4},"end":{"line":961,"column":20}}},"69":{"name":"(anonymous_69)","line":977,"loc":{"start":{"line":977,"column":19},"end":{"line":977,"column":31}}},"70":{"name":"(anonymous_70)","line":981,"loc":{"start":{"line":981,"column":6},"end":{"line":981,"column":22}}},"71":{"name":"(anonymous_71)","line":992,"loc":{"start":{"line":992,"column":6},"end":{"line":992,"column":26}}},"72":{"name":"createTemplate","line":1003,"loc":{"start":{"line":1003,"column":2},"end":{"line":1003,"column":36}}},"73":{"name":"createPath","line":1015,"loc":{"start":{"line":1015,"column":2},"end":{"line":1015,"column":28}}},"74":{"name":"createUpdates","line":1049,"loc":{"start":{"line":1049,"column":2},"end":{"line":1049,"column":42}}},"75":{"name":"discoverUpdates","line":1070,"loc":{"start":{"line":1070,"column":2},"end":{"line":1070,"column":44}}},"76":{"name":"update","line":1092,"loc":{"start":{"line":1092,"column":2},"end":{"line":1092,"column":20}}},"77":{"name":"upgrade","line":1100,"loc":{"start":{"line":1100,"column":2},"end":{"line":1100,"column":29}}},"78":{"name":"wireContent","line":1120,"loc":{"start":{"line":1120,"column":2},"end":{"line":1120,"column":29}}},"79":{"name":"before","line":1123,"loc":{"start":{"line":1123,"column":4},"end":{"line":1123,"column":30}}},"80":{"name":"after","line":1131,"loc":{"start":{"line":1131,"column":4},"end":{"line":1131,"column":21}}},"81":{"name":"adopt","line":1143,"loc":{"start":{"line":1143,"column":6},"end":{"line":1143,"column":30}}},"82":{"name":"(anonymous_82)","line":1149,"loc":{"start":{"line":1149,"column":20},"end":{"line":1149,"column":55}}},"83":{"name":"update","line":1170,"loc":{"start":{"line":1170,"column":6},"end":{"line":1170,"column":31}}},"84":{"name":"wireWeakly","line":1183,"loc":{"start":{"line":1183,"column":2},"end":{"line":1183,"column":33}}}},"statementMap":{"1":{"start":{"line":1,"column":0},"end":{"line":1203,"column":13}},"2":{"start":{"line":11,"column":2},"end":{"line":11,"column":34}},"3":{"start":{"line":14,"column":2},"end":{"line":14,"column":22}},"4":{"start":{"line":16,"column":2},"end":{"line":33,"column":3}},"5":{"start":{"line":17,"column":4},"end":{"line":32,"column":31}},"6":{"start":{"line":38,"column":2},"end":{"line":45,"column":4}},"7":{"start":{"line":39,"column":4},"end":{"line":44,"column":6}},"8":{"start":{"line":40,"column":6},"end":{"line":40,"column":26}},"9":{"start":{"line":41,"column":6},"end":{"line":41,"column":36}},"10":{"start":{"line":42,"column":6},"end":{"line":42,"column":25}},"11":{"start":{"line":43,"column":6},"end":{"line":43,"column":18}},"12":{"start":{"line":49,"column":2},"end":{"line":49,"column":20}},"13":{"start":{"line":50,"column":2},"end":{"line":50,"column":57}},"14":{"start":{"line":50,"column":27},"end":{"line":50,"column":55}},"15":{"start":{"line":53,"column":2},"end":{"line":55,"column":4}},"16":{"start":{"line":54,"column":4},"end":{"line":54,"column":41}},"17":{"start":{"line":58,"column":2},"end":{"line":60,"column":4}},"18":{"start":{"line":59,"column":4},"end":{"line":59,"column":46}},"19":{"start":{"line":63,"column":2},"end":{"line":63,"column":20}},"20":{"start":{"line":64,"column":2},"end":{"line":71,"column":3}},"21":{"start":{"line":65,"column":4},"end":{"line":70,"column":8}},"22":{"start":{"line":82,"column":2},"end":{"line":82,"column":23}},"23":{"start":{"line":83,"column":2},"end":{"line":83,"column":25}},"24":{"start":{"line":84,"column":2},"end":{"line":84,"column":20}},"25":{"start":{"line":85,"column":2},"end":{"line":85,"column":23}},"26":{"start":{"line":86,"column":2},"end":{"line":86,"column":34}},"27":{"start":{"line":89,"column":2},"end":{"line":89,"column":44}},"28":{"start":{"line":90,"column":2},"end":{"line":90,"column":51}},"29":{"start":{"line":92,"column":2},"end":{"line":92,"column":40}},"30":{"start":{"line":93,"column":2},"end":{"line":93,"column":32}},"31":{"start":{"line":94,"column":2},"end":{"line":94,"column":61}},"32":{"start":{"line":95,"column":2},"end":{"line":95,"column":34}},"33":{"start":{"line":103,"column":2},"end":{"line":114,"column":3}},"34":{"start":{"line":104,"column":4},"end":{"line":108,"column":5}},"35":{"start":{"line":109,"column":4},"end":{"line":112,"column":5}},"36":{"start":{"line":110,"column":6},"end":{"line":111,"column":20}},"37":{"start":{"line":110,"column":40},"end":{"line":110,"column":44}},"38":{"start":{"line":111,"column":11},"end":{"line":111,"column":20}},"39":{"start":{"line":113,"column":4},"end":{"line":113,"column":34}},"40":{"start":{"line":119,"column":2},"end":{"line":138,"column":3}},"41":{"start":{"line":120,"column":4},"end":{"line":137,"column":5}},"42":{"start":{"line":122,"column":8},"end":{"line":122,"column":43}},"43":{"start":{"line":123,"column":8},"end":{"line":126,"column":9}},"44":{"start":{"line":124,"column":10},"end":{"line":124,"column":40}},"45":{"start":{"line":125,"column":10},"end":{"line":125,"column":16}},"46":{"start":{"line":127,"column":8},"end":{"line":127,"column":40}},"47":{"start":{"line":128,"column":8},"end":{"line":128,"column":14}},"48":{"start":{"line":130,"column":8},"end":{"line":132,"column":9}},"49":{"start":{"line":131,"column":10},"end":{"line":131,"column":42}},"50":{"start":{"line":133,"column":8},"end":{"line":133,"column":14}},"51":{"start":{"line":135,"column":8},"end":{"line":135,"column":47}},"52":{"start":{"line":136,"column":8},"end":{"line":136,"column":14}},"53":{"start":{"line":141,"column":2},"end":{"line":147,"column":3}},"54":{"start":{"line":142,"column":4},"end":{"line":142,"column":36}},"55":{"start":{"line":143,"column":4},"end":{"line":146,"column":5}},"56":{"start":{"line":144,"column":6},"end":{"line":144,"column":27}},"57":{"start":{"line":145,"column":6},"end":{"line":145,"column":42}},"58":{"start":{"line":150,"column":2},"end":{"line":153,"column":3}},"59":{"start":{"line":151,"column":4},"end":{"line":151,"column":28}},"60":{"start":{"line":152,"column":4},"end":{"line":152,"column":30}},"61":{"start":{"line":156,"column":2},"end":{"line":166,"column":3}},"62":{"start":{"line":157,"column":4},"end":{"line":157,"column":39}},"63":{"start":{"line":158,"column":4},"end":{"line":165,"column":5}},"64":{"start":{"line":159,"column":6},"end":{"line":159,"column":41}},"65":{"start":{"line":160,"column":6},"end":{"line":160,"column":49}},"66":{"start":{"line":161,"column":6},"end":{"line":161,"column":33}},"67":{"start":{"line":163,"column":6},"end":{"line":163,"column":40}},"68":{"start":{"line":164,"column":6},"end":{"line":164,"column":39}},"69":{"start":{"line":173,"column":2},"end":{"line":184,"column":3}},"70":{"start":{"line":174,"column":4},"end":{"line":174,"column":33}},"71":{"start":{"line":175,"column":4},"end":{"line":181,"column":5}},"72":{"start":{"line":179,"column":6},"end":{"line":179,"column":45}},"73":{"start":{"line":180,"column":6},"end":{"line":180,"column":30}},"74":{"start":{"line":182,"column":4},"end":{"line":182,"column":43}},"75":{"start":{"line":183,"column":4},"end":{"line":183,"column":16}},"76":{"start":{"line":190,"column":2},"end":{"line":255,"column":3}},"77":{"start":{"line":191,"column":4},"end":{"line":200,"column":5}},"78":{"start":{"line":201,"column":4},"end":{"line":201,"column":73}},"79":{"start":{"line":201,"column":47},"end":{"line":201,"column":73}},"80":{"start":{"line":202,"column":4},"end":{"line":202,"column":51}},"81":{"start":{"line":202,"column":17},"end":{"line":202,"column":51}},"82":{"start":{"line":203,"column":4},"end":{"line":254,"column":8}},"83":{"start":{"line":205,"column":8},"end":{"line":209,"column":9}},"84":{"start":{"line":206,"column":10},"end":{"line":206,"column":72}},"85":{"start":{"line":206,"column":24},"end":{"line":206,"column":72}},"86":{"start":{"line":207,"column":10},"end":{"line":207,"column":30}},"87":{"start":{"line":208,"column":10},"end":{"line":208,"column":69}},"88":{"start":{"line":208,"column":24},"end":{"line":208,"column":69}},"89":{"start":{"line":213,"column":10},"end":{"line":230,"column":11}},"90":{"start":{"line":214,"column":12},"end":{"line":214,"column":32}},"91":{"start":{"line":217,"column":12},"end":{"line":229,"column":13}},"92":{"start":{"line":221,"column":14},"end":{"line":228,"column":15}},"93":{"start":{"line":224,"column":16},"end":{"line":224,"column":34}},"94":{"start":{"line":225,"column":16},"end":{"line":225,"column":43}},"95":{"start":{"line":227,"column":16},"end":{"line":227,"column":38}},"96":{"start":{"line":233,"column":10},"end":{"line":252,"column":11}},"97":{"start":{"line":234,"column":12},"end":{"line":234,"column":32}},"98":{"start":{"line":237,"column":12},"end":{"line":251,"column":13}},"99":{"start":{"line":238,"column":14},"end":{"line":250,"column":15}},"100":{"start":{"line":239,"column":16},"end":{"line":243,"column":17}},"101":{"start":{"line":241,"column":18},"end":{"line":241,"column":33}},"102":{"start":{"line":242,"column":18},"end":{"line":242,"column":54}},"103":{"start":{"line":245,"column":16},"end":{"line":245,"column":43}},"104":{"start":{"line":246,"column":16},"end":{"line":249,"column":17}},"105":{"start":{"line":247,"column":18},"end":{"line":247,"column":34}},"106":{"start":{"line":248,"column":18},"end":{"line":248,"column":51}},"107":{"start":{"line":259,"column":2},"end":{"line":379,"column":3}},"108":{"start":{"line":260,"column":4},"end":{"line":260,"column":17}},"109":{"start":{"line":261,"column":4},"end":{"line":261,"column":34}},"110":{"start":{"line":262,"column":4},"end":{"line":378,"column":6}},"111":{"start":{"line":263,"column":6},"end":{"line":377,"column":7}},"112":{"start":{"line":267,"column":10},"end":{"line":285,"column":11}},"113":{"start":{"line":268,"column":12},"end":{"line":271,"column":13}},"114":{"start":{"line":269,"column":14},"end":{"line":269,"column":31}},"115":{"start":{"line":270,"column":14},"end":{"line":270,"column":39}},"116":{"start":{"line":272,"column":17},"end":{"line":285,"column":11}},"117":{"start":{"line":276,"column":12},"end":{"line":279,"column":13}},"118":{"start":{"line":277,"column":14},"end":{"line":277,"column":31}},"119":{"start":{"line":278,"column":14},"end":{"line":278,"column":48}},"120":{"start":{"line":281,"column":12},"end":{"line":281,"column":29}},"121":{"start":{"line":282,"column":12},"end":{"line":282,"column":42}},"122":{"start":{"line":283,"column":12},"end":{"line":283,"column":51}},"123":{"start":{"line":284,"column":12},"end":{"line":284,"column":62}},"124":{"start":{"line":286,"column":10},"end":{"line":286,"column":16}},"125":{"start":{"line":288,"column":10},"end":{"line":292,"column":11}},"126":{"start":{"line":289,"column":12},"end":{"line":289,"column":58}},"127":{"start":{"line":291,"column":12},"end":{"line":291,"column":62}},"128":{"start":{"line":293,"column":10},"end":{"line":293,"column":16}},"129":{"start":{"line":296,"column":10},"end":{"line":300,"column":11}},"130":{"start":{"line":297,"column":12},"end":{"line":297,"column":29}},"131":{"start":{"line":298,"column":12},"end":{"line":298,"column":27}},"132":{"start":{"line":299,"column":12},"end":{"line":299,"column":18}},"133":{"start":{"line":302,"column":10},"end":{"line":302,"column":27}},"134":{"start":{"line":303,"column":10},"end":{"line":375,"column":11}},"135":{"start":{"line":304,"column":12},"end":{"line":304,"column":38}},"136":{"start":{"line":305,"column":12},"end":{"line":342,"column":13}},"137":{"start":{"line":306,"column":14},"end":{"line":306,"column":44}},"138":{"start":{"line":307,"column":14},"end":{"line":307,"column":30}},"139":{"start":{"line":309,"column":14},"end":{"line":341,"column":15}},"140":{"start":{"line":313,"column":18},"end":{"line":313,"column":44}},"141":{"start":{"line":314,"column":18},"end":{"line":314,"column":24}},"142":{"start":{"line":316,"column":18},"end":{"line":316,"column":72}},"143":{"start":{"line":317,"column":18},"end":{"line":318,"column":65}},"144":{"start":{"line":319,"column":18},"end":{"line":321,"column":19}},"145":{"start":{"line":320,"column":20},"end":{"line":320,"column":65}},"146":{"start":{"line":322,"column":18},"end":{"line":322,"column":63}},"147":{"start":{"line":322,"column":35},"end":{"line":322,"column":63}},"148":{"start":{"line":323,"column":18},"end":{"line":323,"column":60}},"149":{"start":{"line":324,"column":18},"end":{"line":324,"column":24}},"150":{"start":{"line":326,"column":18},"end":{"line":328,"column":19}},"151":{"start":{"line":327,"column":20},"end":{"line":327,"column":58}},"152":{"start":{"line":329,"column":18},"end":{"line":332,"column":19}},"153":{"start":{"line":330,"column":20},"end":{"line":330,"column":56}},"154":{"start":{"line":331,"column":20},"end":{"line":331,"column":26}},"155":{"start":{"line":334,"column":18},"end":{"line":339,"column":19}},"156":{"start":{"line":335,"column":20},"end":{"line":335,"column":71}},"157":{"start":{"line":336,"column":20},"end":{"line":336,"column":65}},"158":{"start":{"line":336,"column":34},"end":{"line":336,"column":65}},"159":{"start":{"line":338,"column":20},"end":{"line":338,"column":64}},"160":{"start":{"line":340,"column":18},"end":{"line":340,"column":24}},"161":{"start":{"line":343,"column":17},"end":{"line":375,"column":11}},"162":{"start":{"line":344,"column":12},"end":{"line":351,"column":14}},"163":{"start":{"line":344,"column":29},"end":{"line":344,"column":55}},"164":{"start":{"line":345,"column":17},"end":{"line":351,"column":14}},"165":{"start":{"line":352,"column":17},"end":{"line":375,"column":11}},"166":{"start":{"line":353,"column":12},"end":{"line":353,"column":35}},"167":{"start":{"line":354,"column":17},"end":{"line":375,"column":11}},"168":{"start":{"line":355,"column":12},"end":{"line":355,"column":48}},"169":{"start":{"line":356,"column":17},"end":{"line":375,"column":11}},"170":{"start":{"line":357,"column":12},"end":{"line":357,"column":43}},"171":{"start":{"line":358,"column":17},"end":{"line":375,"column":11}},"172":{"start":{"line":359,"column":12},"end":{"line":359,"column":34}},"173":{"start":{"line":360,"column":17},"end":{"line":375,"column":11}},"174":{"start":{"line":361,"column":12},"end":{"line":361,"column":54}},"175":{"start":{"line":364,"column":12},"end":{"line":370,"column":13}},"176":{"start":{"line":364,"column":29},"end":{"line":364,"column":51}},"177":{"start":{"line":366,"column":14},"end":{"line":366,"column":44}},"178":{"start":{"line":367,"column":14},"end":{"line":367,"column":56}},"179":{"start":{"line":368,"column":14},"end":{"line":368,"column":59}},"180":{"start":{"line":369,"column":14},"end":{"line":369,"column":59}},"181":{"start":{"line":371,"column":17},"end":{"line":375,"column":11}},"182":{"start":{"line":372,"column":12},"end":{"line":372,"column":42}},"183":{"start":{"line":374,"column":12},"end":{"line":374,"column":49}},"184":{"start":{"line":376,"column":10},"end":{"line":376,"column":16}},"185":{"start":{"line":386,"column":2},"end":{"line":409,"column":3}},"186":{"start":{"line":387,"column":4},"end":{"line":408,"column":5}},"187":{"start":{"line":395,"column":6},"end":{"line":395,"column":32}},"188":{"start":{"line":396,"column":6},"end":{"line":407,"column":7}},"189":{"start":{"line":397,"column":8},"end":{"line":397,"column":76}},"190":{"start":{"line":398,"column":8},"end":{"line":406,"column":10}},"191":{"start":{"line":412,"column":2},"end":{"line":450,"column":3}},"192":{"start":{"line":413,"column":4},"end":{"line":449,"column":5}},"193":{"start":{"line":419,"column":6},"end":{"line":419,"column":28}},"194":{"start":{"line":420,"column":6},"end":{"line":448,"column":7}},"195":{"start":{"line":422,"column":10},"end":{"line":422,"column":48}},"196":{"start":{"line":423,"column":10},"end":{"line":423,"column":43}},"197":{"start":{"line":424,"column":10},"end":{"line":424,"column":16}},"198":{"start":{"line":426,"column":10},"end":{"line":437,"column":11}},"199":{"start":{"line":427,"column":12},"end":{"line":427,"column":26}},"200":{"start":{"line":428,"column":12},"end":{"line":436,"column":13}},"201":{"start":{"line":432,"column":14},"end":{"line":432,"column":44}},"202":{"start":{"line":433,"column":14},"end":{"line":433,"column":25}},"203":{"start":{"line":435,"column":14},"end":{"line":435,"column":49}},"204":{"start":{"line":438,"column":10},"end":{"line":438,"column":16}},"205":{"start":{"line":440,"column":10},"end":{"line":446,"column":11}},"206":{"start":{"line":444,"column":12},"end":{"line":444,"column":26}},"207":{"start":{"line":445,"column":12},"end":{"line":445,"column":42}},"208":{"start":{"line":447,"column":10},"end":{"line":447,"column":16}},"209":{"start":{"line":455,"column":2},"end":{"line":455,"column":63}},"210":{"start":{"line":460,"column":2},"end":{"line":462,"column":39}},"211":{"start":{"line":466,"column":2},"end":{"line":470,"column":17}},"212":{"start":{"line":467,"column":14},"end":{"line":467,"column":57}},"213":{"start":{"line":468,"column":14},"end":{"line":468,"column":57}},"214":{"start":{"line":469,"column":14},"end":{"line":469,"column":68}},"215":{"start":{"line":474,"column":2},"end":{"line":474,"column":44}},"216":{"start":{"line":481,"column":2},"end":{"line":481,"column":23}},"217":{"start":{"line":484,"column":2},"end":{"line":490,"column":4}},"218":{"start":{"line":491,"column":2},"end":{"line":493,"column":3}},"219":{"start":{"line":492,"column":4},"end":{"line":492,"column":22}},"220":{"start":{"line":496,"column":2},"end":{"line":498,"column":3}},"221":{"start":{"line":497,"column":4},"end":{"line":497,"column":24}},"222":{"start":{"line":501,"column":2},"end":{"line":519,"column":3}},"223":{"start":{"line":502,"column":4},"end":{"line":517,"column":5}},"224":{"start":{"line":510,"column":6},"end":{"line":510,"column":28}},"225":{"start":{"line":511,"column":6},"end":{"line":516,"column":7}},"226":{"start":{"line":515,"column":8},"end":{"line":515,"column":28}},"227":{"start":{"line":518,"column":4},"end":{"line":518,"column":55}},"228":{"start":{"line":522,"column":2},"end":{"line":524,"column":3}},"229":{"start":{"line":523,"column":4},"end":{"line":523,"column":45}},"230":{"start":{"line":528,"column":2},"end":{"line":534,"column":3}},"231":{"start":{"line":529,"column":4},"end":{"line":533,"column":40}},"232":{"start":{"line":537,"column":2},"end":{"line":570,"column":3}},"233":{"start":{"line":538,"column":4},"end":{"line":538,"column":17}},"234":{"start":{"line":539,"column":4},"end":{"line":539,"column":38}},"235":{"start":{"line":540,"column":4},"end":{"line":540,"column":55}},"236":{"start":{"line":541,"column":4},"end":{"line":541,"column":44}},"237":{"start":{"line":542,"column":4},"end":{"line":542,"column":31}},"238":{"start":{"line":543,"column":4},"end":{"line":553,"column":5}},"239":{"start":{"line":545,"column":6},"end":{"line":545,"column":50}},"240":{"start":{"line":552,"column":6},"end":{"line":552,"column":88}},"241":{"start":{"line":554,"column":4},"end":{"line":568,"column":5}},"242":{"start":{"line":558,"column":6},"end":{"line":558,"column":31}},"243":{"start":{"line":559,"column":6},"end":{"line":559,"column":58}},"244":{"start":{"line":560,"column":6},"end":{"line":560,"column":78}},"245":{"start":{"line":562,"column":6},"end":{"line":562,"column":33}},"246":{"start":{"line":563,"column":6},"end":{"line":567,"column":7}},"247":{"start":{"line":564,"column":8},"end":{"line":564,"column":37}},"248":{"start":{"line":566,"column":8},"end":{"line":566,"column":64}},"249":{"start":{"line":569,"column":4},"end":{"line":569,"column":20}},"250":{"start":{"line":573,"column":2},"end":{"line":586,"column":3}},"251":{"start":{"line":574,"column":4},"end":{"line":574,"column":38}},"252":{"start":{"line":575,"column":4},"end":{"line":575,"column":52}},"253":{"start":{"line":576,"column":4},"end":{"line":584,"column":5}},"254":{"start":{"line":577,"column":6},"end":{"line":577,"column":52}},"255":{"start":{"line":578,"column":6},"end":{"line":578,"column":84}},"256":{"start":{"line":579,"column":6},"end":{"line":579,"column":73}},"257":{"start":{"line":581,"column":6},"end":{"line":581,"column":69}},"258":{"start":{"line":582,"column":6},"end":{"line":582,"column":33}},"259":{"start":{"line":583,"column":6},"end":{"line":583,"column":62}},"260":{"start":{"line":585,"column":4},"end":{"line":585,"column":20}},"261":{"start":{"line":589,"column":2},"end":{"line":591,"column":3}},"262":{"start":{"line":590,"column":4},"end":{"line":590,"column":51}},"263":{"start":{"line":595,"column":2},"end":{"line":671,"column":3}},"264":{"start":{"line":596,"column":4},"end":{"line":669,"column":5}},"265":{"start":{"line":605,"column":6},"end":{"line":668,"column":7}},"266":{"start":{"line":607,"column":10},"end":{"line":607,"column":38}},"267":{"start":{"line":608,"column":10},"end":{"line":610,"column":11}},"268":{"start":{"line":609,"column":12},"end":{"line":609,"column":46}},"269":{"start":{"line":611,"column":10},"end":{"line":611,"column":47}},"270":{"start":{"line":612,"column":10},"end":{"line":612,"column":16}},"271":{"start":{"line":614,"column":10},"end":{"line":614,"column":49}},"272":{"start":{"line":615,"column":10},"end":{"line":615,"column":68}},"273":{"start":{"line":616,"column":10},"end":{"line":616,"column":55}},"274":{"start":{"line":617,"column":10},"end":{"line":617,"column":86}},"275":{"start":{"line":618,"column":10},"end":{"line":618,"column":51}},"276":{"start":{"line":619,"column":10},"end":{"line":619,"column":79}},"277":{"start":{"line":620,"column":10},"end":{"line":620,"column":47}},"278":{"start":{"line":621,"column":10},"end":{"line":636,"column":11}},"279":{"start":{"line":627,"column":14},"end":{"line":627,"column":38}},"280":{"start":{"line":628,"column":14},"end":{"line":628,"column":20}},"281":{"start":{"line":631,"column":14},"end":{"line":631,"column":25}},"282":{"start":{"line":634,"column":14},"end":{"line":634,"column":56}},"283":{"start":{"line":635,"column":14},"end":{"line":635,"column":20}},"284":{"start":{"line":637,"column":10},"end":{"line":640,"column":12}},"285":{"start":{"line":641,"column":10},"end":{"line":653,"column":11}},"286":{"start":{"line":642,"column":12},"end":{"line":646,"column":14}},"287":{"start":{"line":648,"column":12},"end":{"line":652,"column":14}},"288":{"start":{"line":654,"column":10},"end":{"line":656,"column":11}},"289":{"start":{"line":655,"column":12},"end":{"line":655,"column":51}},"290":{"start":{"line":657,"column":10},"end":{"line":657,"column":16}},"291":{"start":{"line":660,"column":10},"end":{"line":665,"column":22}},"292":{"start":{"line":666,"column":10},"end":{"line":666,"column":30}},"293":{"start":{"line":667,"column":10},"end":{"line":667,"column":16}},"294":{"start":{"line":670,"column":4},"end":{"line":670,"column":18}},"295":{"start":{"line":675,"column":2},"end":{"line":679,"column":3}},"296":{"start":{"line":676,"column":4},"end":{"line":676,"column":29}},"297":{"start":{"line":677,"column":4},"end":{"line":677,"column":66}},"298":{"start":{"line":678,"column":4},"end":{"line":678,"column":39}},"299":{"start":{"line":682,"column":2},"end":{"line":688,"column":3}},"300":{"start":{"line":683,"column":4},"end":{"line":687,"column":5}},"301":{"start":{"line":684,"column":6},"end":{"line":684,"column":45}},"302":{"start":{"line":686,"column":6},"end":{"line":686,"column":37}},"303":{"start":{"line":692,"column":2},"end":{"line":699,"column":3}},"304":{"start":{"line":693,"column":4},"end":{"line":693,"column":46}},"305":{"start":{"line":694,"column":4},"end":{"line":697,"column":5}},"306":{"start":{"line":695,"column":6},"end":{"line":695,"column":35}},"307":{"start":{"line":696,"column":6},"end":{"line":696,"column":40}},"308":{"start":{"line":696,"column":17},"end":{"line":696,"column":40}},"309":{"start":{"line":698,"column":4},"end":{"line":698,"column":34}},"310":{"start":{"line":702,"column":2},"end":{"line":704,"column":3}},"311":{"start":{"line":703,"column":4},"end":{"line":703,"column":54}},"312":{"start":{"line":707,"column":2},"end":{"line":718,"column":3}},"313":{"start":{"line":708,"column":4},"end":{"line":708,"column":32}},"314":{"start":{"line":709,"column":4},"end":{"line":717,"column":5}},"315":{"start":{"line":710,"column":6},"end":{"line":710,"column":62}},"316":{"start":{"line":711,"column":11},"end":{"line":717,"column":5}},"317":{"start":{"line":712,"column":6},"end":{"line":712,"column":48}},"318":{"start":{"line":713,"column":11},"end":{"line":717,"column":5}},"319":{"start":{"line":714,"column":6},"end":{"line":714,"column":62}},"320":{"start":{"line":716,"column":6},"end":{"line":716,"column":63}},"321":{"start":{"line":721,"column":2},"end":{"line":727,"column":3}},"322":{"start":{"line":722,"column":4},"end":{"line":726,"column":5}},"323":{"start":{"line":723,"column":6},"end":{"line":725,"column":7}},"324":{"start":{"line":724,"column":8},"end":{"line":724,"column":46}},"325":{"start":{"line":730,"column":2},"end":{"line":732,"column":3}},"326":{"start":{"line":731,"column":4},"end":{"line":731,"column":35}},"327":{"start":{"line":735,"column":2},"end":{"line":737,"column":3}},"328":{"start":{"line":736,"column":4},"end":{"line":736,"column":44}},"329":{"start":{"line":741,"column":2},"end":{"line":748,"column":3}},"330":{"start":{"line":742,"column":4},"end":{"line":746,"column":6}},"331":{"start":{"line":747,"column":4},"end":{"line":747,"column":24}},"332":{"start":{"line":751,"column":2},"end":{"line":755,"column":3}},"333":{"start":{"line":752,"column":4},"end":{"line":754,"column":5}},"334":{"start":{"line":753,"column":6},"end":{"line":753,"column":41}},"335":{"start":{"line":758,"column":2},"end":{"line":764,"column":3}},"336":{"start":{"line":759,"column":4},"end":{"line":759,"column":47}},"337":{"start":{"line":760,"column":4},"end":{"line":763,"column":5}},"338":{"start":{"line":761,"column":6},"end":{"line":761,"column":46}},"339":{"start":{"line":762,"column":6},"end":{"line":762,"column":43}},"340":{"start":{"line":767,"column":2},"end":{"line":781,"column":3}},"341":{"start":{"line":768,"column":4},"end":{"line":768,"column":15}},"342":{"start":{"line":769,"column":4},"end":{"line":779,"column":5}},"343":{"start":{"line":771,"column":8},"end":{"line":771,"column":49}},"344":{"start":{"line":772,"column":8},"end":{"line":772,"column":14}},"345":{"start":{"line":774,"column":8},"end":{"line":774,"column":67}},"346":{"start":{"line":775,"column":8},"end":{"line":775,"column":14}},"347":{"start":{"line":777,"column":8},"end":{"line":777,"column":55}},"348":{"start":{"line":778,"column":8},"end":{"line":778,"column":14}},"349":{"start":{"line":780,"column":4},"end":{"line":780,"column":18}},"350":{"start":{"line":785,"column":2},"end":{"line":796,"column":3}},"351":{"start":{"line":786,"column":4},"end":{"line":786,"column":50}},"352":{"start":{"line":787,"column":4},"end":{"line":795,"column":5}},"353":{"start":{"line":788,"column":6},"end":{"line":788,"column":41}},"354":{"start":{"line":789,"column":6},"end":{"line":789,"column":36}},"355":{"start":{"line":790,"column":6},"end":{"line":790,"column":27}},"356":{"start":{"line":791,"column":6},"end":{"line":791,"column":29}},"357":{"start":{"line":792,"column":6},"end":{"line":792,"column":35}},"358":{"start":{"line":793,"column":6},"end":{"line":793,"column":51}},"359":{"start":{"line":794,"column":6},"end":{"line":794,"column":47}},"360":{"start":{"line":799,"column":2},"end":{"line":801,"column":3}},"361":{"start":{"line":800,"column":4},"end":{"line":800,"column":60}},"362":{"start":{"line":808,"column":2},"end":{"line":820,"column":14}},"363":{"start":{"line":810,"column":8},"end":{"line":818,"column":10}},"364":{"start":{"line":811,"column":32},"end":{"line":811,"column":52}},"365":{"start":{"line":813,"column":12},"end":{"line":816,"column":15}},"366":{"start":{"line":823,"column":2},"end":{"line":838,"column":10}},"367":{"start":{"line":825,"column":8},"end":{"line":825,"column":27}},"368":{"start":{"line":826,"column":8},"end":{"line":836,"column":10}},"369":{"start":{"line":828,"column":12},"end":{"line":828,"column":37}},"370":{"start":{"line":834,"column":12},"end":{"line":834,"column":39}},"371":{"start":{"line":843,"column":2},"end":{"line":852,"column":21}},"372":{"start":{"line":845,"column":18},"end":{"line":845,"column":45}},"373":{"start":{"line":848,"column":18},"end":{"line":848,"column":44}},"374":{"start":{"line":849,"column":18},"end":{"line":851,"column":20}},"375":{"start":{"line":850,"column":20},"end":{"line":850,"column":50}},"376":{"start":{"line":855,"column":2},"end":{"line":856,"column":69}},"377":{"start":{"line":856,"column":28},"end":{"line":856,"column":66}},"378":{"start":{"line":863,"column":2},"end":{"line":863,"column":24}},"379":{"start":{"line":866,"column":2},"end":{"line":866,"column":30}},"380":{"start":{"line":867,"column":2},"end":{"line":874,"column":3}},"381":{"start":{"line":868,"column":4},"end":{"line":868,"column":25}},"382":{"start":{"line":869,"column":4},"end":{"line":873,"column":6}},"383":{"start":{"line":870,"column":6},"end":{"line":870,"column":42}},"384":{"start":{"line":871,"column":6},"end":{"line":872,"column":46}},"385":{"start":{"line":877,"column":2},"end":{"line":889,"column":8}},"386":{"start":{"line":879,"column":8},"end":{"line":879,"column":44}},"387":{"start":{"line":882,"column":8},"end":{"line":888,"column":9}},"388":{"start":{"line":887,"column":10},"end":{"line":887,"column":42}},"389":{"start":{"line":892,"column":2},"end":{"line":907,"column":48}},"390":{"start":{"line":894,"column":8},"end":{"line":904,"column":9}},"391":{"start":{"line":901,"column":10},"end":{"line":901,"column":32}},"392":{"start":{"line":902,"column":10},"end":{"line":903,"column":34}},"393":{"start":{"line":903,"column":12},"end":{"line":903,"column":34}},"394":{"start":{"line":905,"column":8},"end":{"line":905,"column":24}},"395":{"start":{"line":907,"column":24},"end":{"line":907,"column":45}},"396":{"start":{"line":911,"column":2},"end":{"line":931,"column":8}},"397":{"start":{"line":913,"column":8},"end":{"line":923,"column":9}},"398":{"start":{"line":914,"column":10},"end":{"line":914,"column":27}},"399":{"start":{"line":915,"column":10},"end":{"line":922,"column":11}},"400":{"start":{"line":917,"column":14},"end":{"line":917,"column":60}},"401":{"start":{"line":918,"column":14},"end":{"line":918,"column":20}},"402":{"start":{"line":920,"column":14},"end":{"line":920,"column":53}},"403":{"start":{"line":921,"column":14},"end":{"line":921,"column":20}},"404":{"start":{"line":924,"column":8},"end":{"line":924,"column":26}},"405":{"start":{"line":927,"column":8},"end":{"line":929,"column":9}},"406":{"start":{"line":928,"column":10},"end":{"line":928,"column":54}},"407":{"start":{"line":930,"column":8},"end":{"line":930,"column":26}},"408":{"start":{"line":934,"column":2},"end":{"line":934,"column":105}},"409":{"start":{"line":935,"column":2},"end":{"line":935,"column":94}},"410":{"start":{"line":936,"column":2},"end":{"line":938,"column":4}},"411":{"start":{"line":937,"column":4},"end":{"line":937,"column":67}},"412":{"start":{"line":940,"column":2},"end":{"line":942,"column":4}},"413":{"start":{"line":941,"column":4},"end":{"line":941,"column":48}},"414":{"start":{"line":945,"column":2},"end":{"line":952,"column":56}},"415":{"start":{"line":947,"column":6},"end":{"line":949,"column":7}},"416":{"start":{"line":948,"column":8},"end":{"line":948,"column":56}},"417":{"start":{"line":948,"column":44},"end":{"line":948,"column":56}},"418":{"start":{"line":950,"column":6},"end":{"line":950,"column":23}},"419":{"start":{"line":952,"column":22},"end":{"line":952,"column":53}},"420":{"start":{"line":954,"column":2},"end":{"line":961,"column":60}},"421":{"start":{"line":956,"column":6},"end":{"line":958,"column":7}},"422":{"start":{"line":957,"column":8},"end":{"line":957,"column":56}},"423":{"start":{"line":957,"column":44},"end":{"line":957,"column":56}},"424":{"start":{"line":959,"column":6},"end":{"line":959,"column":23}},"425":{"start":{"line":961,"column":22},"end":{"line":961,"column":57}},"426":{"start":{"line":964,"column":2},"end":{"line":964,"column":28}},"427":{"start":{"line":967,"column":2},"end":{"line":967,"column":27}},"428":{"start":{"line":970,"column":2},"end":{"line":970,"column":27}},"429":{"start":{"line":973,"column":2},"end":{"line":973,"column":25}},"430":{"start":{"line":977,"column":2},"end":{"line":995,"column":7}},"431":{"start":{"line":978,"column":4},"end":{"line":978,"column":66}},"432":{"start":{"line":979,"column":4},"end":{"line":979,"column":65}},"433":{"start":{"line":980,"column":4},"end":{"line":994,"column":8}},"434":{"start":{"line":982,"column":8},"end":{"line":989,"column":9}},"435":{"start":{"line":988,"column":10},"end":{"line":988,"column":54}},"436":{"start":{"line":990,"column":8},"end":{"line":990,"column":21}},"437":{"start":{"line":993,"column":8},"end":{"line":993,"column":40}},"438":{"start":{"line":1003,"column":2},"end":{"line":1010,"column":3}},"439":{"start":{"line":1004,"column":4},"end":{"line":1004,"column":19}},"440":{"start":{"line":1005,"column":4},"end":{"line":1005,"column":61}},"441":{"start":{"line":1006,"column":4},"end":{"line":1006,"column":50}},"442":{"start":{"line":1007,"column":4},"end":{"line":1007,"column":51}},"443":{"start":{"line":1008,"column":4},"end":{"line":1008,"column":34}},"444":{"start":{"line":1009,"column":4},"end":{"line":1009,"column":16}},"445":{"start":{"line":1015,"column":2},"end":{"line":1044,"column":3}},"446":{"start":{"line":1016,"column":4},"end":{"line":1016,"column":18}},"447":{"start":{"line":1017,"column":4},"end":{"line":1017,"column":19}},"448":{"start":{"line":1018,"column":4},"end":{"line":1035,"column":5}},"449":{"start":{"line":1021,"column":8},"end":{"line":1021,"column":26}},"450":{"start":{"line":1022,"column":8},"end":{"line":1022,"column":14}},"451":{"start":{"line":1024,"column":8},"end":{"line":1024,"column":37}},"452":{"start":{"line":1025,"column":8},"end":{"line":1028,"column":10}},"453":{"start":{"line":1029,"column":8},"end":{"line":1029,"column":14}},"454":{"start":{"line":1032,"column":8},"end":{"line":1032,"column":39}},"455":{"start":{"line":1033,"column":8},"end":{"line":1033,"column":46}},"456":{"start":{"line":1034,"column":8},"end":{"line":1034,"column":14}},"457":{"start":{"line":1036,"column":4},"end":{"line":1042,"column":5}},"458":{"start":{"line":1041,"column":6},"end":{"line":1041,"column":81}},"459":{"start":{"line":1043,"column":4},"end":{"line":1043,"column":16}},"460":{"start":{"line":1049,"column":2},"end":{"line":1067,"column":3}},"461":{"start":{"line":1050,"column":4},"end":{"line":1064,"column":5}},"462":{"start":{"line":1057,"column":6},"end":{"line":1057,"column":22}},"463":{"start":{"line":1058,"column":6},"end":{"line":1058,"column":44}},"464":{"start":{"line":1059,"column":6},"end":{"line":1062,"column":7}},"465":{"start":{"line":1060,"column":8},"end":{"line":1060,"column":45}},"466":{"start":{"line":1061,"column":8},"end":{"line":1061,"column":22}},"467":{"start":{"line":1063,"column":6},"end":{"line":1063,"column":66}},"468":{"start":{"line":1065,"column":4},"end":{"line":1065,"column":42}},"469":{"start":{"line":1066,"column":4},"end":{"line":1066,"column":19}},"470":{"start":{"line":1070,"column":2},"end":{"line":1089,"column":3}},"471":{"start":{"line":1071,"column":4},"end":{"line":1086,"column":5}},"472":{"start":{"line":1078,"column":6},"end":{"line":1078,"column":22}},"473":{"start":{"line":1079,"column":6},"end":{"line":1079,"column":22}},"474":{"start":{"line":1080,"column":6},"end":{"line":1085,"column":8}},"475":{"start":{"line":1087,"column":4},"end":{"line":1087,"column":42}},"476":{"start":{"line":1088,"column":4},"end":{"line":1088,"column":19}},"477":{"start":{"line":1092,"column":2},"end":{"line":1096,"column":3}},"478":{"start":{"line":1093,"column":4},"end":{"line":1095,"column":5}},"479":{"start":{"line":1094,"column":6},"end":{"line":1094,"column":32}},"480":{"start":{"line":1100,"column":2},"end":{"line":1113,"column":3}},"481":{"start":{"line":1101,"column":4},"end":{"line":1101,"column":40}},"482":{"start":{"line":1101,"column":12},"end":{"line":1101,"column":40}},"483":{"start":{"line":1102,"column":4},"end":{"line":1102,"column":16}},"484":{"start":{"line":1103,"column":4},"end":{"line":1104,"column":52}},"485":{"start":{"line":1105,"column":4},"end":{"line":1111,"column":5}},"486":{"start":{"line":1106,"column":6},"end":{"line":1106,"column":46}},"487":{"start":{"line":1107,"column":6},"end":{"line":1107,"column":63}},"488":{"start":{"line":1108,"column":6},"end":{"line":1108,"column":39}},"489":{"start":{"line":1110,"column":6},"end":{"line":1110,"column":70}},"490":{"start":{"line":1112,"column":4},"end":{"line":1112,"column":50}},"491":{"start":{"line":1120,"column":2},"end":{"line":1180,"column":3}},"492":{"start":{"line":1121,"column":4},"end":{"line":1121,"column":71}},"493":{"start":{"line":1123,"column":4},"end":{"line":1129,"column":5}},"494":{"start":{"line":1124,"column":6},"end":{"line":1124,"column":50}},"495":{"start":{"line":1125,"column":6},"end":{"line":1127,"column":17}},"496":{"start":{"line":1128,"column":6},"end":{"line":1128,"column":31}},"497":{"start":{"line":1131,"column":4},"end":{"line":1140,"column":5}},"498":{"start":{"line":1132,"column":6},"end":{"line":1138,"column":7}},"499":{"start":{"line":1133,"column":8},"end":{"line":1133,"column":22}},"500":{"start":{"line":1134,"column":8},"end":{"line":1136,"column":9}},"501":{"start":{"line":1135,"column":10},"end":{"line":1135,"column":66}},"502":{"start":{"line":1137,"column":8},"end":{"line":1137,"column":42}},"503":{"start":{"line":1139,"column":6},"end":{"line":1139,"column":21}},"504":{"start":{"line":1142,"column":4},"end":{"line":1179,"column":8}},"505":{"start":{"line":1144,"column":8},"end":{"line":1144,"column":29}},"506":{"start":{"line":1145,"column":8},"end":{"line":1145,"column":42}},"507":{"start":{"line":1145,"column":16},"end":{"line":1145,"column":42}},"508":{"start":{"line":1146,"column":8},"end":{"line":1167,"column":9}},"509":{"start":{"line":1147,"column":10},"end":{"line":1147,"column":23}},"510":{"start":{"line":1148,"column":10},"end":{"line":1148,"column":29}},"511":{"start":{"line":1149,"column":10},"end":{"line":1166,"column":12}},"512":{"start":{"line":1150,"column":12},"end":{"line":1163,"column":13}},"513":{"start":{"line":1151,"column":14},"end":{"line":1162,"column":15}},"514":{"start":{"line":1152,"column":16},"end":{"line":1152,"column":40}},"515":{"start":{"line":1153,"column":16},"end":{"line":1157,"column":18}},"516":{"start":{"line":1158,"column":16},"end":{"line":1158,"column":47}},"517":{"start":{"line":1160,"column":16},"end":{"line":1160,"column":66}},"518":{"start":{"line":1160,"column":53},"end":{"line":1160,"column":66}},"519":{"start":{"line":1161,"column":16},"end":{"line":1161,"column":49}},"520":{"start":{"line":1164,"column":12},"end":{"line":1164,"column":37}},"521":{"start":{"line":1165,"column":12},"end":{"line":1165,"column":27}},"522":{"start":{"line":1168,"column":8},"end":{"line":1168,"column":23}},"523":{"start":{"line":1171,"column":8},"end":{"line":1171,"column":42}},"524":{"start":{"line":1171,"column":16},"end":{"line":1171,"column":42}},"525":{"start":{"line":1172,"column":8},"end":{"line":1176,"column":9}},"526":{"start":{"line":1173,"column":10},"end":{"line":1173,"column":23}},"527":{"start":{"line":1174,"column":10},"end":{"line":1174,"column":29}},"528":{"start":{"line":1175,"column":10},"end":{"line":1175,"column":33}},"529":{"start":{"line":1177,"column":8},"end":{"line":1177,"column":38}},"530":{"start":{"line":1178,"column":8},"end":{"line":1178,"column":23}},"531":{"start":{"line":1183,"column":2},"end":{"line":1196,"column":3}},"532":{"start":{"line":1184,"column":4},"end":{"line":1184,"column":30}},"533":{"start":{"line":1185,"column":4},"end":{"line":1185,"column":30}},"534":{"start":{"line":1186,"column":4},"end":{"line":1186,"column":18}},"535":{"start":{"line":1187,"column":4},"end":{"line":1190,"column":5}},"536":{"start":{"line":1188,"column":6},"end":{"line":1188,"column":29}},"537":{"start":{"line":1189,"column":6},"end":{"line":1189,"column":40}},"538":{"start":{"line":1191,"column":4},"end":{"line":1194,"column":5}},"539":{"start":{"line":1192,"column":6},"end":{"line":1192,"column":16}},"540":{"start":{"line":1193,"column":6},"end":{"line":1193,"column":27}},"541":{"start":{"line":1195,"column":4},"end":{"line":1195,"column":54}},"542":{"start":{"line":1201,"column":2},"end":{"line":1201,"column":15}},"543":{"start":{"line":1206,"column":0},"end":{"line":1206,"column":49}},"544":{"start":{"line":1206,"column":6},"end":{"line":1206,"column":33}}},"branchMap":{"1":{"line":17,"type":"cond-expr","locations":[{"start":{"line":18,"column":7},"end":{"line":29,"column":9}},{"start":{"line":30,"column":6},"end":{"line":32,"column":30}}]},"2":{"line":18,"type":"cond-expr","locations":[{"start":{"line":19,"column":8},"end":{"line":19,"column":27}},{"start":{"line":20,"column":9},"end":{"line":28,"column":11}}]},"3":{"line":20,"type":"cond-expr","locations":[{"start":{"line":21,"column":10},"end":{"line":21,"column":26}},{"start":{"line":22,"column":11},"end":{"line":27,"column":13}}]},"4":{"line":22,"type":"cond-expr","locations":[{"start":{"line":23,"column":12},"end":{"line":23,"column":37}},{"start":{"line":24,"column":13},"end":{"line":26,"column":38}}]},"5":{"line":24,"type":"cond-expr","locations":[{"start":{"line":25,"column":14},"end":{"line":25,"column":24}},{"start":{"line":26,"column":14},"end":{"line":26,"column":38}}]},"6":{"line":30,"type":"cond-expr","locations":[{"start":{"line":31,"column":8},"end":{"line":31,"column":27}},{"start":{"line":31,"column":30},"end":{"line":31,"column":34}}]},"7":{"line":65,"type":"cond-expr","locations":[{"start":{"line":66,"column":6},"end":{"line":66,"column":25}},{"start":{"line":67,"column":7},"end":{"line":69,"column":39}}]},"8":{"line":67,"type":"cond-expr","locations":[{"start":{"line":68,"column":8},"end":{"line":68,"column":35}},{"start":{"line":69,"column":8},"end":{"line":69,"column":39}}]},"9":{"line":68,"type":"binary-expr","locations":[{"start":{"line":68,"column":20},"end":{"line":68,"column":24}},{"start":{"line":68,"column":28},"end":{"line":68,"column":34}}]},"10":{"line":69,"type":"binary-expr","locations":[{"start":{"line":69,"column":24},"end":{"line":69,"column":28}},{"start":{"line":69,"column":32},"end":{"line":69,"column":38}}]},"11":{"line":110,"type":"if","locations":[{"start":{"line":110,"column":6},"end":{"line":110,"column":6}},{"start":{"line":110,"column":6},"end":{"line":110,"column":6}}]},"12":{"line":110,"type":"binary-expr","locations":[{"start":{"line":110,"column":10},"end":{"line":110,"column":21}},{"start":{"line":110,"column":25},"end":{"line":110,"column":38}}]},"13":{"line":113,"type":"cond-expr","locations":[{"start":{"line":113,"column":27},"end":{"line":113,"column":29}},{"start":{"line":113,"column":32},"end":{"line":113,"column":33}}]},"14":{"line":120,"type":"switch","locations":[{"start":{"line":121,"column":6},"end":{"line":128,"column":14}},{"start":{"line":129,"column":6},"end":{"line":133,"column":14}},{"start":{"line":134,"column":6},"end":{"line":136,"column":14}}]},"15":{"line":123,"type":"if","locations":[{"start":{"line":123,"column":8},"end":{"line":123,"column":8}},{"start":{"line":123,"column":8},"end":{"line":123,"column":8}}]},"16":{"line":130,"type":"if","locations":[{"start":{"line":130,"column":8},"end":{"line":130,"column":8}},{"start":{"line":130,"column":8},"end":{"line":130,"column":8}}]},"17":{"line":158,"type":"if","locations":[{"start":{"line":158,"column":4},"end":{"line":158,"column":4}},{"start":{"line":158,"column":4},"end":{"line":158,"column":4}}]},"18":{"line":175,"type":"if","locations":[{"start":{"line":175,"column":4},"end":{"line":175,"column":4}},{"start":{"line":175,"column":4},"end":{"line":175,"column":4}}]},"19":{"line":176,"type":"binary-expr","locations":[{"start":{"line":176,"column":6},"end":{"line":176,"column":12}},{"start":{"line":177,"column":6},"end":{"line":177,"column":59}}]},"20":{"line":177,"type":"cond-expr","locations":[{"start":{"line":177,"column":31},"end":{"line":177,"column":47}},{"start":{"line":177,"column":50},"end":{"line":177,"column":58}}]},"21":{"line":194,"type":"binary-expr","locations":[{"start":{"line":194,"column":18},"end":{"line":194,"column":33}},{"start":{"line":195,"column":19},"end":{"line":195,"column":49}},{"start":{"line":196,"column":18},"end":{"line":196,"column":50}}]},"22":{"line":197,"type":"cond-expr","locations":[{"start":{"line":197,"column":23},"end":{"line":197,"column":36}},{"start":{"line":197,"column":39},"end":{"line":197,"column":41}}]},"23":{"line":198,"type":"binary-expr","locations":[{"start":{"line":198,"column":16},"end":{"line":198,"column":23}},{"start":{"line":198,"column":27},"end":{"line":198,"column":36}}]},"24":{"line":201,"type":"if","locations":[{"start":{"line":201,"column":4},"end":{"line":201,"column":4}},{"start":{"line":201,"column":4},"end":{"line":201,"column":4}}]},"25":{"line":201,"type":"binary-expr","locations":[{"start":{"line":201,"column":8},"end":{"line":201,"column":15}},{"start":{"line":201,"column":19},"end":{"line":201,"column":45}}]},"26":{"line":202,"type":"if","locations":[{"start":{"line":202,"column":4},"end":{"line":202,"column":4}},{"start":{"line":202,"column":4},"end":{"line":202,"column":4}}]},"27":{"line":203,"type":"cond-expr","locations":[{"start":{"line":204,"column":6},"end":{"line":210,"column":7}},{"start":{"line":211,"column":7},"end":{"line":253,"column":9}}]},"28":{"line":205,"type":"if","locations":[{"start":{"line":205,"column":8},"end":{"line":205,"column":8}},{"start":{"line":205,"column":8},"end":{"line":205,"column":8}}]},"29":{"line":206,"type":"if","locations":[{"start":{"line":206,"column":10},"end":{"line":206,"column":10}},{"start":{"line":206,"column":10},"end":{"line":206,"column":10}}]},"30":{"line":208,"type":"if","locations":[{"start":{"line":208,"column":10},"end":{"line":208,"column":10}},{"start":{"line":208,"column":10},"end":{"line":208,"column":10}}]},"31":{"line":211,"type":"cond-expr","locations":[{"start":{"line":212,"column":8},"end":{"line":231,"column":9}},{"start":{"line":232,"column":8},"end":{"line":253,"column":9}}]},"32":{"line":213,"type":"if","locations":[{"start":{"line":213,"column":10},"end":{"line":213,"column":10}},{"start":{"line":213,"column":10},"end":{"line":213,"column":10}}]},"33":{"line":217,"type":"if","locations":[{"start":{"line":217,"column":12},"end":{"line":217,"column":12}},{"start":{"line":217,"column":12},"end":{"line":217,"column":12}}]},"34":{"line":221,"type":"if","locations":[{"start":{"line":221,"column":14},"end":{"line":221,"column":14}},{"start":{"line":221,"column":14},"end":{"line":221,"column":14}}]},"35":{"line":233,"type":"if","locations":[{"start":{"line":233,"column":10},"end":{"line":233,"column":10}},{"start":{"line":233,"column":10},"end":{"line":233,"column":10}}]},"36":{"line":237,"type":"if","locations":[{"start":{"line":237,"column":12},"end":{"line":237,"column":12}},{"start":{"line":237,"column":12},"end":{"line":237,"column":12}}]},"37":{"line":238,"type":"if","locations":[{"start":{"line":238,"column":14},"end":{"line":238,"column":14}},{"start":{"line":238,"column":14},"end":{"line":238,"column":14}}]},"38":{"line":239,"type":"if","locations":[{"start":{"line":239,"column":16},"end":{"line":239,"column":16}},{"start":{"line":239,"column":16},"end":{"line":239,"column":16}}]},"39":{"line":246,"type":"if","locations":[{"start":{"line":246,"column":16},"end":{"line":246,"column":16}},{"start":{"line":246,"column":16},"end":{"line":246,"column":16}}]},"40":{"line":263,"type":"switch","locations":[{"start":{"line":264,"column":8},"end":{"line":264,"column":22}},{"start":{"line":265,"column":8},"end":{"line":265,"column":22}},{"start":{"line":266,"column":8},"end":{"line":286,"column":16}},{"start":{"line":287,"column":8},"end":{"line":293,"column":16}},{"start":{"line":294,"column":8},"end":{"line":294,"column":22}},{"start":{"line":295,"column":8},"end":{"line":300,"column":11}},{"start":{"line":301,"column":8},"end":{"line":376,"column":16}}]},"41":{"line":267,"type":"if","locations":[{"start":{"line":267,"column":10},"end":{"line":267,"column":10}},{"start":{"line":267,"column":10},"end":{"line":267,"column":10}}]},"42":{"line":268,"type":"if","locations":[{"start":{"line":268,"column":12},"end":{"line":268,"column":12}},{"start":{"line":268,"column":12},"end":{"line":268,"column":12}}]},"43":{"line":272,"type":"if","locations":[{"start":{"line":272,"column":17},"end":{"line":272,"column":17}},{"start":{"line":272,"column":17},"end":{"line":272,"column":17}}]},"44":{"line":273,"type":"binary-expr","locations":[{"start":{"line":273,"column":12},"end":{"line":273,"column":35}},{"start":{"line":274,"column":12},"end":{"line":274,"column":48}}]},"45":{"line":276,"type":"if","locations":[{"start":{"line":276,"column":12},"end":{"line":276,"column":12}},{"start":{"line":276,"column":12},"end":{"line":276,"column":12}}]},"46":{"line":288,"type":"if","locations":[{"start":{"line":288,"column":10},"end":{"line":288,"column":10}},{"start":{"line":288,"column":10},"end":{"line":288,"column":10}}]},"47":{"line":296,"type":"if","locations":[{"start":{"line":296,"column":10},"end":{"line":296,"column":10}},{"start":{"line":296,"column":10},"end":{"line":296,"column":10}}]},"48":{"line":303,"type":"if","locations":[{"start":{"line":303,"column":10},"end":{"line":303,"column":10}},{"start":{"line":303,"column":10},"end":{"line":303,"column":10}}]},"49":{"line":305,"type":"if","locations":[{"start":{"line":305,"column":12},"end":{"line":305,"column":12}},{"start":{"line":305,"column":12},"end":{"line":305,"column":12}}]},"50":{"line":305,"type":"binary-expr","locations":[{"start":{"line":305,"column":16},"end":{"line":305,"column":28}},{"start":{"line":305,"column":32},"end":{"line":305,"column":44}}]},"51":{"line":309,"type":"switch","locations":[{"start":{"line":310,"column":16},"end":{"line":310,"column":30}},{"start":{"line":311,"column":16},"end":{"line":311,"column":30}},{"start":{"line":312,"column":16},"end":{"line":314,"column":24}},{"start":{"line":315,"column":16},"end":{"line":324,"column":24}},{"start":{"line":325,"column":16},"end":{"line":332,"column":19}},{"start":{"line":333,"column":16},"end":{"line":340,"column":24}}]},"52":{"line":316,"type":"cond-expr","locations":[{"start":{"line":316,"column":49},"end":{"line":316,"column":53}},{"start":{"line":316,"column":56},"end":{"line":316,"column":71}}]},"53":{"line":317,"type":"cond-expr","locations":[{"start":{"line":318,"column":22},"end":{"line":318,"column":51}},{"start":{"line":318,"column":54},"end":{"line":318,"column":64}}]},"54":{"line":322,"type":"if","locations":[{"start":{"line":322,"column":18},"end":{"line":322,"column":18}},{"start":{"line":322,"column":18},"end":{"line":322,"column":18}}]},"55":{"line":326,"type":"if","locations":[{"start":{"line":326,"column":18},"end":{"line":326,"column":18}},{"start":{"line":326,"column":18},"end":{"line":326,"column":18}}]},"56":{"line":329,"type":"if","locations":[{"start":{"line":329,"column":18},"end":{"line":329,"column":18}},{"start":{"line":329,"column":18},"end":{"line":329,"column":18}}]},"57":{"line":334,"type":"if","locations":[{"start":{"line":334,"column":18},"end":{"line":334,"column":18}},{"start":{"line":334,"column":18},"end":{"line":334,"column":18}}]},"58":{"line":336,"type":"if","locations":[{"start":{"line":336,"column":20},"end":{"line":336,"column":20}},{"start":{"line":336,"column":20},"end":{"line":336,"column":20}}]},"59":{"line":343,"type":"if","locations":[{"start":{"line":343,"column":17},"end":{"line":343,"column":17}},{"start":{"line":343,"column":17},"end":{"line":343,"column":17}}]},"60":{"line":344,"type":"if","locations":[{"start":{"line":344,"column":12},"end":{"line":344,"column":12}},{"start":{"line":344,"column":12},"end":{"line":344,"column":12}}]},"61":{"line":348,"type":"cond-expr","locations":[{"start":{"line":349,"column":16},"end":{"line":349,"column":44}},{"start":{"line":350,"column":16},"end":{"line":350,"column":23}}]},"62":{"line":352,"type":"if","locations":[{"start":{"line":352,"column":17},"end":{"line":352,"column":17}},{"start":{"line":352,"column":17},"end":{"line":352,"column":17}}]},"63":{"line":354,"type":"if","locations":[{"start":{"line":354,"column":17},"end":{"line":354,"column":17}},{"start":{"line":354,"column":17},"end":{"line":354,"column":17}}]},"64":{"line":356,"type":"if","locations":[{"start":{"line":356,"column":17},"end":{"line":356,"column":17}},{"start":{"line":356,"column":17},"end":{"line":356,"column":17}}]},"65":{"line":358,"type":"if","locations":[{"start":{"line":358,"column":17},"end":{"line":358,"column":17}},{"start":{"line":358,"column":17},"end":{"line":358,"column":17}}]},"66":{"line":360,"type":"if","locations":[{"start":{"line":360,"column":17},"end":{"line":360,"column":17}},{"start":{"line":360,"column":17},"end":{"line":360,"column":17}}]},"67":{"line":364,"type":"if","locations":[{"start":{"line":364,"column":12},"end":{"line":364,"column":12}},{"start":{"line":364,"column":12},"end":{"line":364,"column":12}}]},"68":{"line":371,"type":"if","locations":[{"start":{"line":371,"column":17},"end":{"line":371,"column":17}},{"start":{"line":371,"column":17},"end":{"line":371,"column":17}}]},"69":{"line":396,"type":"if","locations":[{"start":{"line":396,"column":6},"end":{"line":396,"column":6}},{"start":{"line":396,"column":6},"end":{"line":396,"column":6}}]},"70":{"line":420,"type":"switch","locations":[{"start":{"line":421,"column":8},"end":{"line":424,"column":16}},{"start":{"line":425,"column":8},"end":{"line":438,"column":16}},{"start":{"line":439,"column":8},"end":{"line":447,"column":16}}]},"71":{"line":426,"type":"if","locations":[{"start":{"line":426,"column":10},"end":{"line":426,"column":10}},{"start":{"line":426,"column":10},"end":{"line":426,"column":10}}]},"72":{"line":428,"type":"if","locations":[{"start":{"line":428,"column":12},"end":{"line":428,"column":12}},{"start":{"line":428,"column":12},"end":{"line":428,"column":12}}]},"73":{"line":428,"type":"binary-expr","locations":[{"start":{"line":428,"column":16},"end":{"line":428,"column":28}},{"start":{"line":429,"column":14},"end":{"line":429,"column":42}},{"start":{"line":430,"column":14},"end":{"line":430,"column":38}}]},"74":{"line":440,"type":"if","locations":[{"start":{"line":440,"column":10},"end":{"line":440,"column":10}},{"start":{"line":440,"column":10},"end":{"line":440,"column":10}}]},"75":{"line":441,"type":"binary-expr","locations":[{"start":{"line":441,"column":12},"end":{"line":441,"column":52}},{"start":{"line":442,"column":12},"end":{"line":442,"column":49}}]},"76":{"line":460,"type":"binary-expr","locations":[{"start":{"line":460,"column":11},"end":{"line":460,"column":40}},{"start":{"line":461,"column":12},"end":{"line":461,"column":54}},{"start":{"line":462,"column":12},"end":{"line":462,"column":38}}]},"77":{"line":511,"type":"if","locations":[{"start":{"line":511,"column":6},"end":{"line":511,"column":6}},{"start":{"line":511,"column":6},"end":{"line":511,"column":6}}]},"78":{"line":512,"type":"binary-expr","locations":[{"start":{"line":512,"column":8},"end":{"line":512,"column":39}},{"start":{"line":513,"column":8},"end":{"line":513,"column":49}}]},"79":{"line":518,"type":"cond-expr","locations":[{"start":{"line":518,"column":34},"end":{"line":518,"column":44}},{"start":{"line":518,"column":47},"end":{"line":518,"column":54}}]},"80":{"line":530,"type":"cond-expr","locations":[{"start":{"line":531,"column":8},"end":{"line":531,"column":25}},{"start":{"line":532,"column":8},"end":{"line":532,"column":26}}]},"81":{"line":543,"type":"if","locations":[{"start":{"line":543,"column":4},"end":{"line":543,"column":4}},{"start":{"line":543,"column":4},"end":{"line":543,"column":4}}]},"82":{"line":554,"type":"if","locations":[{"start":{"line":554,"column":4},"end":{"line":554,"column":4}},{"start":{"line":554,"column":4},"end":{"line":554,"column":4}}]},"83":{"line":563,"type":"if","locations":[{"start":{"line":563,"column":6},"end":{"line":563,"column":6}},{"start":{"line":563,"column":6},"end":{"line":563,"column":6}}]},"84":{"line":576,"type":"if","locations":[{"start":{"line":576,"column":4},"end":{"line":576,"column":4}},{"start":{"line":576,"column":4},"end":{"line":576,"column":4}}]},"85":{"line":576,"type":"binary-expr","locations":[{"start":{"line":576,"column":8},"end":{"line":576,"column":10}},{"start":{"line":576,"column":14},"end":{"line":576,"column":16}}]},"86":{"line":605,"type":"switch","locations":[{"start":{"line":606,"column":8},"end":{"line":612,"column":16}},{"start":{"line":613,"column":8},"end":{"line":657,"column":16}},{"start":{"line":658,"column":8},"end":{"line":667,"column":16}}]},"87":{"line":608,"type":"if","locations":[{"start":{"line":608,"column":10},"end":{"line":608,"column":10}},{"start":{"line":608,"column":10},"end":{"line":608,"column":10}}]},"88":{"line":617,"type":"cond-expr","locations":[{"start":{"line":617,"column":33},"end":{"line":617,"column":79}},{"start":{"line":617,"column":83},"end":{"line":617,"column":85}}]},"89":{"line":619,"type":"cond-expr","locations":[{"start":{"line":619,"column":31},"end":{"line":619,"column":73}},{"start":{"line":619,"column":76},"end":{"line":619,"column":78}}]},"90":{"line":621,"type":"switch","locations":[{"start":{"line":626,"column":12},"end":{"line":628,"column":20}},{"start":{"line":630,"column":12},"end":{"line":631,"column":25}},{"start":{"line":633,"column":12},"end":{"line":635,"column":20}}]},"91":{"line":641,"type":"if","locations":[{"start":{"line":641,"column":10},"end":{"line":641,"column":10}},{"start":{"line":641,"column":10},"end":{"line":641,"column":10}}]},"92":{"line":654,"type":"if","locations":[{"start":{"line":654,"column":10},"end":{"line":654,"column":10}},{"start":{"line":654,"column":10},"end":{"line":654,"column":10}}]},"93":{"line":660,"type":"binary-expr","locations":[{"start":{"line":660,"column":19},"end":{"line":660,"column":51}},{"start":{"line":661,"column":20},"end":{"line":665,"column":21}}]},"94":{"line":677,"type":"binary-expr","locations":[{"start":{"line":677,"column":13},"end":{"line":677,"column":31}},{"start":{"line":677,"column":35},"end":{"line":677,"column":65}}]},"95":{"line":678,"type":"binary-expr","locations":[{"start":{"line":678,"column":11},"end":{"line":678,"column":13}},{"start":{"line":678,"column":17},"end":{"line":678,"column":38}}]},"96":{"line":683,"type":"if","locations":[{"start":{"line":683,"column":4},"end":{"line":683,"column":4}},{"start":{"line":683,"column":4},"end":{"line":683,"column":4}}]},"97":{"line":694,"type":"if","locations":[{"start":{"line":694,"column":4},"end":{"line":694,"column":4}},{"start":{"line":694,"column":4},"end":{"line":694,"column":4}}]},"98":{"line":694,"type":"binary-expr","locations":[{"start":{"line":694,"column":8},"end":{"line":694,"column":14}},{"start":{"line":694,"column":18},"end":{"line":694,"column":41}}]},"99":{"line":696,"type":"if","locations":[{"start":{"line":696,"column":6},"end":{"line":696,"column":6}},{"start":{"line":696,"column":6},"end":{"line":696,"column":6}}]},"100":{"line":698,"type":"binary-expr","locations":[{"start":{"line":698,"column":11},"end":{"line":698,"column":17}},{"start":{"line":698,"column":21},"end":{"line":698,"column":33}}]},"101":{"line":709,"type":"if","locations":[{"start":{"line":709,"column":4},"end":{"line":709,"column":4}},{"start":{"line":709,"column":4},"end":{"line":709,"column":4}}]},"102":{"line":711,"type":"if","locations":[{"start":{"line":711,"column":11},"end":{"line":711,"column":11}},{"start":{"line":711,"column":11},"end":{"line":711,"column":11}}]},"103":{"line":713,"type":"if","locations":[{"start":{"line":713,"column":11},"end":{"line":713,"column":11}},{"start":{"line":713,"column":11},"end":{"line":713,"column":11}}]},"104":{"line":723,"type":"if","locations":[{"start":{"line":723,"column":6},"end":{"line":723,"column":6}},{"start":{"line":723,"column":6},"end":{"line":723,"column":6}}]},"105":{"line":736,"type":"binary-expr","locations":[{"start":{"line":736,"column":11},"end":{"line":736,"column":24}},{"start":{"line":736,"column":28},"end":{"line":736,"column":43}}]},"106":{"line":743,"type":"binary-expr","locations":[{"start":{"line":743,"column":7},"end":{"line":743,"column":51}},{"start":{"line":744,"column":6},"end":{"line":744,"column":33}},{"start":{"line":745,"column":6},"end":{"line":745,"column":44}}]},"107":{"line":760,"type":"if","locations":[{"start":{"line":760,"column":4},"end":{"line":760,"column":4}},{"start":{"line":760,"column":4},"end":{"line":760,"column":4}}]},"108":{"line":760,"type":"binary-expr","locations":[{"start":{"line":760,"column":8},"end":{"line":760,"column":23}},{"start":{"line":760,"column":27},"end":{"line":760,"column":65}}]},"109":{"line":769,"type":"switch","locations":[{"start":{"line":770,"column":6},"end":{"line":772,"column":14}},{"start":{"line":773,"column":6},"end":{"line":775,"column":14}},{"start":{"line":776,"column":6},"end":{"line":778,"column":14}}]},"110":{"line":787,"type":"if","locations":[{"start":{"line":787,"column":4},"end":{"line":787,"column":4}},{"start":{"line":787,"column":4},"end":{"line":787,"column":4}}]},"111":{"line":808,"type":"cond-expr","locations":[{"start":{"line":809,"column":6},"end":{"line":819,"column":7}},{"start":{"line":820,"column":6},"end":{"line":820,"column":13}}]},"112":{"line":823,"type":"cond-expr","locations":[{"start":{"line":824,"column":6},"end":{"line":837,"column":7}},{"start":{"line":838,"column":6},"end":{"line":838,"column":9}}]},"113":{"line":843,"type":"binary-expr","locations":[{"start":{"line":843,"column":16},"end":{"line":843,"column":29}},{"start":{"line":844,"column":17},"end":{"line":852,"column":19}}]},"114":{"line":855,"type":"binary-expr","locations":[{"start":{"line":855,"column":13},"end":{"line":855,"column":25}},{"start":{"line":856,"column":14},"end":{"line":856,"column":68}}]},"115":{"line":867,"type":"if","locations":[{"start":{"line":867,"column":2},"end":{"line":867,"column":2}},{"start":{"line":867,"column":2},"end":{"line":867,"column":2}}]},"116":{"line":871,"type":"binary-expr","locations":[{"start":{"line":871,"column":13},"end":{"line":871,"column":33}},{"start":{"line":872,"column":13},"end":{"line":872,"column":44}}]},"117":{"line":877,"type":"cond-expr","locations":[{"start":{"line":878,"column":6},"end":{"line":880,"column":7}},{"start":{"line":881,"column":6},"end":{"line":889,"column":7}}]},"118":{"line":892,"type":"cond-expr","locations":[{"start":{"line":893,"column":6},"end":{"line":906,"column":7}},{"start":{"line":907,"column":6},"end":{"line":907,"column":47}}]},"119":{"line":892,"type":"binary-expr","locations":[{"start":{"line":892,"column":20},"end":{"line":892,"column":22}},{"start":{"line":892,"column":26},"end":{"line":892,"column":28}}]},"120":{"line":902,"type":"if","locations":[{"start":{"line":902,"column":10},"end":{"line":902,"column":10}},{"start":{"line":902,"column":10},"end":{"line":902,"column":10}}]},"121":{"line":911,"type":"cond-expr","locations":[{"start":{"line":912,"column":6},"end":{"line":925,"column":7}},{"start":{"line":926,"column":6},"end":{"line":931,"column":7}}]},"122":{"line":911,"type":"binary-expr","locations":[{"start":{"line":911,"column":16},"end":{"line":911,"column":18}},{"start":{"line":911,"column":22},"end":{"line":911,"column":24}}]},"123":{"line":915,"type":"switch","locations":[{"start":{"line":916,"column":12},"end":{"line":918,"column":20}},{"start":{"line":919,"column":12},"end":{"line":921,"column":20}}]},"124":{"line":941,"type":"binary-expr","locations":[{"start":{"line":941,"column":17},"end":{"line":941,"column":19}},{"start":{"line":941,"column":23},"end":{"line":941,"column":26}}]},"125":{"line":941,"type":"binary-expr","locations":[{"start":{"line":941,"column":37},"end":{"line":941,"column":39}},{"start":{"line":941,"column":43},"end":{"line":941,"column":46}}]},"126":{"line":945,"type":"cond-expr","locations":[{"start":{"line":946,"column":4},"end":{"line":951,"column":5}},{"start":{"line":952,"column":4},"end":{"line":952,"column":55}}]},"127":{"line":948,"type":"if","locations":[{"start":{"line":948,"column":8},"end":{"line":948,"column":8}},{"start":{"line":948,"column":8},"end":{"line":948,"column":8}}]},"128":{"line":954,"type":"cond-expr","locations":[{"start":{"line":955,"column":4},"end":{"line":960,"column":5}},{"start":{"line":961,"column":4},"end":{"line":961,"column":59}}]},"129":{"line":957,"type":"if","locations":[{"start":{"line":957,"column":8},"end":{"line":957,"column":8}},{"start":{"line":957,"column":8},"end":{"line":957,"column":8}}]},"130":{"line":980,"type":"cond-expr","locations":[{"start":{"line":981,"column":6},"end":{"line":991,"column":7}},{"start":{"line":992,"column":6},"end":{"line":994,"column":7}}]},"131":{"line":1018,"type":"switch","locations":[{"start":{"line":1019,"column":6},"end":{"line":1019,"column":24}},{"start":{"line":1020,"column":6},"end":{"line":1022,"column":14}},{"start":{"line":1023,"column":6},"end":{"line":1029,"column":14}},{"start":{"line":1030,"column":6},"end":{"line":1030,"column":26}},{"start":{"line":1031,"column":6},"end":{"line":1034,"column":14}}]},"132":{"line":1059,"type":"if","locations":[{"start":{"line":1059,"column":6},"end":{"line":1059,"column":6}},{"start":{"line":1059,"column":6},"end":{"line":1059,"column":6}}]},"133":{"line":1101,"type":"if","locations":[{"start":{"line":1101,"column":4},"end":{"line":1101,"column":4}},{"start":{"line":1101,"column":4},"end":{"line":1101,"column":4}}]},"134":{"line":1103,"type":"binary-expr","locations":[{"start":{"line":1103,"column":16},"end":{"line":1103,"column":39}},{"start":{"line":1104,"column":16},"end":{"line":1104,"column":51}}]},"135":{"line":1105,"type":"if","locations":[{"start":{"line":1105,"column":4},"end":{"line":1105,"column":4}},{"start":{"line":1105,"column":4},"end":{"line":1105,"column":4}}]},"136":{"line":1125,"type":"cond-expr","locations":[{"start":{"line":1126,"column":8},"end":{"line":1126,"column":54}},{"start":{"line":1127,"column":8},"end":{"line":1127,"column":16}}]},"137":{"line":1132,"type":"if","locations":[{"start":{"line":1132,"column":6},"end":{"line":1132,"column":6}},{"start":{"line":1132,"column":6},"end":{"line":1132,"column":6}}]},"138":{"line":1134,"type":"if","locations":[{"start":{"line":1134,"column":8},"end":{"line":1134,"column":8}},{"start":{"line":1134,"column":8},"end":{"line":1134,"column":8}}]},"139":{"line":1142,"type":"cond-expr","locations":[{"start":{"line":1143,"column":6},"end":{"line":1169,"column":7}},{"start":{"line":1170,"column":6},"end":{"line":1179,"column":7}}]},"140":{"line":1145,"type":"if","locations":[{"start":{"line":1145,"column":8},"end":{"line":1145,"column":8}},{"start":{"line":1145,"column":8},"end":{"line":1145,"column":8}}]},"141":{"line":1146,"type":"if","locations":[{"start":{"line":1146,"column":8},"end":{"line":1146,"column":8}},{"start":{"line":1146,"column":8},"end":{"line":1146,"column":8}}]},"142":{"line":1150,"type":"if","locations":[{"start":{"line":1150,"column":12},"end":{"line":1150,"column":12}},{"start":{"line":1150,"column":12},"end":{"line":1150,"column":12}}]},"143":{"line":1151,"type":"if","locations":[{"start":{"line":1151,"column":14},"end":{"line":1151,"column":14}},{"start":{"line":1151,"column":14},"end":{"line":1151,"column":14}}]},"144":{"line":1160,"type":"if","locations":[{"start":{"line":1160,"column":16},"end":{"line":1160,"column":16}},{"start":{"line":1160,"column":16},"end":{"line":1160,"column":16}}]},"145":{"line":1171,"type":"if","locations":[{"start":{"line":1171,"column":8},"end":{"line":1171,"column":8}},{"start":{"line":1171,"column":8},"end":{"line":1171,"column":8}}]},"146":{"line":1172,"type":"if","locations":[{"start":{"line":1172,"column":8},"end":{"line":1172,"column":8}},{"start":{"line":1172,"column":8},"end":{"line":1172,"column":8}}]},"147":{"line":1187,"type":"if","locations":[{"start":{"line":1187,"column":4},"end":{"line":1187,"column":4}},{"start":{"line":1187,"column":4},"end":{"line":1187,"column":4}}]},"148":{"line":1189,"type":"binary-expr","locations":[{"start":{"line":1189,"column":13},"end":{"line":1189,"column":29}},{"start":{"line":1189,"column":33},"end":{"line":1189,"column":39}}]},"149":{"line":1191,"type":"if","locations":[{"start":{"line":1191,"column":4},"end":{"line":1191,"column":4}},{"start":{"line":1191,"column":4},"end":{"line":1191,"column":4}}]},"150":{"line":1195,"type":"binary-expr","locations":[{"start":{"line":1195,"column":11},"end":{"line":1195,"column":19}},{"start":{"line":1195,"column":24},"end":{"line":1195,"column":52}}]}}}}