{"/home/webreflection/code/hyperHTML/hyperhtml.js":{"path":"/home/webreflection/code/hyperHTML/hyperhtml.js","s":{"1":2,"2":2,"3":1,"4":180,"5":180,"6":100,"7":100,"8":180,"9":180,"10":2,"11":28,"12":32,"13":32,"14":32,"15":32,"16":2,"17":2,"18":2,"19":52,"20":2,"21":2,"22":2,"23":2,"24":2,"25":2,"26":2,"27":2,"28":2,"29":2,"30":2,"31":1,"32":38,"33":38,"34":26,"35":14,"36":12,"37":26,"38":1,"39":22,"40":12,"41":12,"42":6,"43":6,"44":6,"45":6,"46":6,"47":4,"48":6,"49":2,"50":2,"51":1,"52":50,"53":50,"54":18,"55":18,"56":1,"57":90,"58":90,"59":1,"60":14,"61":14,"62":2,"63":2,"64":2,"65":12,"66":12,"67":1,"68":26,"69":92,"70":22,"71":22,"72":6,"73":6,"74":64,"75":40,"76":40,"77":12,"78":28,"79":8,"80":8,"81":2,"82":2,"83":4,"84":2,"85":2,"86":2,"87":16,"88":2,"89":16,"90":2,"91":2,"92":16,"93":16,"94":14,"95":16,"96":24,"97":2,"98":22,"99":64,"100":1,"101":26,"102":26,"103":14,"104":26,"105":22,"106":14,"107":4,"108":14,"109":14,"110":12,"111":10,"112":6,"113":6,"114":4,"115":20,"116":16,"117":16,"118":14,"119":1,"120":30,"121":30,"122":48,"123":34,"124":34,"125":1,"126":24,"127":50,"128":20,"129":20,"130":20,"131":20,"132":20,"133":2,"134":2,"135":28,"136":18,"137":2,"138":2,"139":16,"140":4,"141":4,"142":2,"143":2,"144":2,"145":2,"146":2,"147":10,"148":2,"149":10,"150":2,"151":2,"152":8,"153":8,"154":10,"155":2,"156":8,"157":28,"158":1,"159":92,"160":32,"161":32,"162":26,"163":1,"164":174,"165":250,"166":250,"167":92,"168":92,"169":92,"170":60,"171":58,"172":16,"173":42,"174":22,"175":20,"176":20,"177":20,"178":60,"179":98,"180":4,"181":98,"182":2,"183":2,"184":2,"185":2,"186":2,"187":2,"188":2,"189":2,"190":2,"191":2,"192":1,"193":4,"194":1,"195":36,"196":56,"197":56,"198":40,"199":36,"200":1,"201":127,"202":1,"203":102,"204":1,"205":100,"206":100,"207":100,"208":100,"209":100,"210":100,"211":47,"212":47,"213":100,"214":1,"215":1,"216":1,"217":99,"218":99,"219":53,"220":46,"221":100,"222":1,"223":2,"224":2,"225":2,"226":2,"227":2,"228":2,"229":1,"230":68,"231":1,"232":46,"233":72,"234":8,"235":8,"236":6,"237":8,"238":8,"239":26,"240":16,"241":16,"242":16,"243":26,"244":26,"245":10,"246":16,"247":16,"248":16,"249":14,"250":16,"251":16,"252":14,"253":16,"254":16,"255":10,"256":10,"257":10,"258":10,"259":10,"260":10,"261":10,"262":10,"263":2,"264":2,"265":2,"266":8,"267":8,"268":10,"269":10,"270":10,"271":8,"272":10,"273":26,"274":38,"275":38,"276":38,"277":46,"278":1,"279":26,"280":1,"281":32,"282":32,"283":32,"284":60,"285":60,"286":28,"287":32,"288":1,"289":60,"290":1,"291":100,"292":14,"293":1,"294":10,"295":10,"296":2,"297":2,"298":1,"299":106,"300":106,"301":26,"302":26,"303":26,"304":26,"305":30,"306":30,"307":24,"308":24,"309":106,"310":1,"311":16,"312":16,"313":12,"314":12,"315":12,"316":12,"317":12,"318":12,"319":12,"320":1,"321":88,"322":2,"323":2,"324":109,"325":58,"326":2,"327":1,"328":1,"329":50,"330":41,"331":2,"332":1,"333":1,"334":1,"335":59,"336":2,"337":12,"338":2,"339":2,"340":1,"341":1,"342":135,"343":135,"344":2,"345":63,"346":16,"347":24,"348":2,"349":2,"350":124,"351":2,"352":102,"353":289,"354":289,"355":161,"356":102,"357":61,"358":2,"359":57,"360":79,"361":79,"362":41,"363":41,"364":38,"365":38,"366":57,"367":57,"368":79,"369":57,"370":2,"371":1,"372":1,"373":1,"374":13,"375":13,"376":2,"377":6,"378":6,"379":6,"380":2,"381":5,"382":5,"383":5,"384":2,"385":2,"386":2,"387":2,"388":2,"389":2,"390":2,"391":2,"392":119,"393":85,"394":119,"395":34,"396":1,"397":82,"398":82,"399":82,"400":41,"401":41,"402":82,"403":82,"404":82,"405":82,"406":82,"407":1,"408":88,"409":88,"410":88,"411":20,"412":20,"413":42,"414":42,"415":42,"416":26,"417":26,"418":26,"419":88,"420":64,"421":88,"422":1,"423":68,"424":60,"425":60,"426":60,"427":6,"428":6,"429":60,"430":68,"431":68,"432":1,"433":32,"434":46,"435":46,"436":46,"437":32,"438":32,"439":1,"440":180,"441":198,"442":1,"443":100,"444":50,"445":100,"446":100,"447":100,"448":68,"449":68,"450":68,"451":32,"452":100,"453":1,"454":32,"455":1,"456":34,"457":34,"458":34,"459":1,"460":58,"461":36,"462":36,"463":4,"464":36,"465":58,"466":32,"467":14,"468":14,"469":7,"470":14,"471":10,"472":10,"473":10,"474":14,"475":10,"476":2,"477":2,"478":2,"479":8,"480":2,"481":8,"482":14,"483":14,"484":14,"485":44,"486":22,"487":44,"488":26,"489":26,"490":26,"491":44,"492":44,"493":1,"494":38,"495":38,"496":38,"497":38,"498":8,"499":8,"500":38,"501":16,"502":16,"503":38,"504":2,"505":2,"506":2},"b":{"1":[100,80],"2":[180,112],"3":[56,56],"4":[10,42],"5":[4,38],"6":[4,2],"7":[38,16],"8":[14,12],"9":[26,20],"10":[8,18],"11":[12,6,2],"12":[6,6],"13":[4,2],"14":[2,12],"15":[16,20,22,6,64],"16":[40,24],"17":[12,28],"18":[6,8,8,2,16,16],"19":[2,26],"20":[2,14],"21":[2,14],"22":[14,2],"23":[2,22],"24":[26,14],"25":[14,14],"26":[10,16],"27":[14,12],"28":[26,14],"29":[10,16],"30":[14,8],"31":[4,10],"32":[12,2],"33":[4,12],"34":[6,4],"35":[4,2],"36":[16,4],"37":[14,2],"38":[34,14],"39":[18,20,20,2,28],"40":[18,10],"41":[2,16],"42":[2,4,4,2,10,8],"43":[2,8],"44":[2,8],"45":[2,8],"46":[2,6],"47":[26,6],"48":[13,13],"49":[92,60,98],"50":[58,2],"51":[16,42],"52":[22,20],"53":[42,36,24,18],"54":[4,94],"55":[98,4],"56":[2,1,1],"57":[40,16],"58":[56,24],"59":[28,8],"60":[2,100],"61":[47,53],"62":[1,99],"63":[53,46],"64":[8,26,38],"65":[6,2],"66":[16,10],"67":[10,16],"68":[26,12],"69":[14,2],"70":[14,2],"71":[8,2],"72":[8,2],"73":[2,2,8],"74":[2,8],"75":[8,2],"76":[38,8],"77":[16,16],"78":[28,32],"79":[60,30],"80":[60,60],"81":[2,8],"82":[10,8],"83":[26,26,30,24],"84":[12,4],"85":[1,1],"86":[1,1],"87":[2,1],"88":[2,1],"89":[1,1],"90":[135,41],"91":[1,1],"92":[1,1],"93":[161,128],"94":[1,1],"95":[2,1],"96":[41,38],"97":[1,1],"98":[1,1],"99":[5,1],"100":[6,5],"101":[1,1],"102":[4,1],"103":[5,4],"104":[1,1],"105":[41,41],"106":[18,20,20,42,13,26],"107":[6,54],"108":[50,50],"109":[100,82],"110":[68,32],"111":[4,30],"112":[36,22],"113":[4,32],"114":[8,24],"115":[7,7],"116":[10,4],"117":[10,4],"118":[2,8],"119":[2,6],"120":[22,22],"121":[26,18],"122":[8,30],"123":[8,8],"124":[16,22],"125":[38,18]},"f":{"1":2,"2":180,"3":28,"4":32,"5":2,"6":52,"7":38,"8":22,"9":50,"10":90,"11":14,"12":26,"13":92,"14":26,"15":22,"16":10,"17":20,"18":30,"19":48,"20":24,"21":50,"22":92,"23":174,"24":2,"25":4,"26":36,"27":127,"28":102,"29":100,"30":2,"31":68,"32":46,"33":26,"34":32,"35":60,"36":100,"37":10,"38":106,"39":16,"40":88,"41":2,"42":109,"43":58,"44":1,"45":50,"46":41,"47":1,"48":59,"49":12,"50":135,"51":63,"52":16,"53":124,"54":102,"55":61,"56":57,"57":57,"58":13,"59":6,"60":6,"61":5,"62":5,"63":2,"64":119,"65":34,"66":82,"67":88,"68":68,"69":32,"70":180,"71":100,"72":32,"73":34,"74":58,"75":14,"76":14,"77":44,"78":38},"fnMap":{"1":{"name":"(anonymous_1)","line":1,"loc":{"start":{"line":1,"column":17},"end":{"line":1,"column":43}}},"2":{"name":"hyperHTML","line":14,"loc":{"start":{"line":14,"column":2},"end":{"line":14,"column":31}}},"3":{"name":"adopt","line":28,"loc":{"start":{"line":28,"column":20},"end":{"line":28,"column":41}}},"4":{"name":"(anonymous_4)","line":29,"loc":{"start":{"line":29,"column":11},"end":{"line":29,"column":23}}},"5":{"name":"escape","line":38,"loc":{"start":{"line":38,"column":21},"end":{"line":38,"column":43}}},"6":{"name":"wire","line":43,"loc":{"start":{"line":43,"column":19},"end":{"line":43,"column":44}}},"7":{"name":"indexOfDifferences","line":82,"loc":{"start":{"line":82,"column":2},"end":{"line":82,"column":36}}},"8":{"name":"populateNode","line":98,"loc":{"start":{"line":98,"column":2},"end":{"line":98,"column":39}}},"9":{"name":"removeNodeList","line":120,"loc":{"start":{"line":120,"column":2},"end":{"line":120,"column":44}}},"10":{"name":"resetAndPopulate","line":129,"loc":{"start":{"line":129,"column":2},"end":{"line":129,"column":43}}},"11":{"name":"updateViaArray","line":135,"loc":{"start":{"line":135,"column":2},"end":{"line":135,"column":47}}},"12":{"name":"setAnyContent","line":152,"loc":{"start":{"line":152,"column":2},"end":{"line":152,"column":31}}},"13":{"name":"any","line":153,"loc":{"start":{"line":153,"column":11},"end":{"line":153,"column":31}}},"14":{"name":"setAttribute","line":211,"loc":{"start":{"line":211,"column":2},"end":{"line":211,"column":53}}},"15":{"name":"eventAttr","line":226,"loc":{"start":{"line":226,"column":6},"end":{"line":226,"column":35}}},"16":{"name":"specialAttr","line":234,"loc":{"start":{"line":234,"column":8},"end":{"line":234,"column":39}}},"17":{"name":"normalAttr","line":244,"loc":{"start":{"line":244,"column":8},"end":{"line":244,"column":38}}},"18":{"name":"setTextContent","line":258,"loc":{"start":{"line":258,"column":2},"end":{"line":258,"column":32}}},"19":{"name":"text","line":260,"loc":{"start":{"line":260,"column":11},"end":{"line":260,"column":35}}},"20":{"name":"setVirtualContent","line":269,"loc":{"start":{"line":269,"column":2},"end":{"line":269,"column":47}}},"21":{"name":"anyVirtual","line":270,"loc":{"start":{"line":270,"column":11},"end":{"line":270,"column":38}}},"22":{"name":"attributesSeeker","line":336,"loc":{"start":{"line":336,"column":2},"end":{"line":336,"column":41}}},"23":{"name":"commentsSeeker","line":361,"loc":{"start":{"line":361,"column":2},"end":{"line":361,"column":39}}},"24":{"name":"(anonymous_24)","line":413,"loc":{"start":{"line":413,"column":13},"end":{"line":413,"column":25}}},"25":{"name":"fnEscape","line":439,"loc":{"start":{"line":439,"column":2},"end":{"line":439,"column":23}}},"26":{"name":"createContent","line":444,"loc":{"start":{"line":444,"column":2},"end":{"line":444,"column":31}}},"27":{"name":"createDocumentFragment","line":465,"loc":{"start":{"line":465,"column":2},"end":{"line":465,"column":44}}},"28":{"name":"createFragment","line":471,"loc":{"start":{"line":471,"column":2},"end":{"line":471,"column":38}}},"29":{"name":"createHTMLFragment","line":480,"loc":{"start":{"line":480,"column":2},"end":{"line":480,"column":42}}},"30":{"name":"createSVGFragment","line":516,"loc":{"start":{"line":516,"column":2},"end":{"line":516,"column":41}}},"31":{"name":"createText","line":526,"loc":{"start":{"line":526,"column":2},"end":{"line":526,"column":34}}},"32":{"name":"discoverNode","line":532,"loc":{"start":{"line":532,"column":2},"end":{"line":532,"column":63}}},"33":{"name":"emptyFragment","line":631,"loc":{"start":{"line":631,"column":2},"end":{"line":631,"column":31}}},"34":{"name":"getTextContent","line":636,"loc":{"start":{"line":636,"column":2},"end":{"line":636,"column":43}}},"35":{"name":"isPromise_ish","line":651,"loc":{"start":{"line":651,"column":2},"end":{"line":651,"column":32}}},"36":{"name":"removeAttributeList","line":656,"loc":{"start":{"line":656,"column":2},"end":{"line":656,"column":37}}},"37":{"name":"removePreviousText","line":663,"loc":{"start":{"line":663,"column":2},"end":{"line":663,"column":48}}},"38":{"name":"setContent","line":672,"loc":{"start":{"line":672,"column":2},"end":{"line":672,"column":66}}},"39":{"name":"updateVirtualNodes","line":693,"loc":{"start":{"line":693,"column":2},"end":{"line":693,"column":55}}},"40":{"name":"Path","line":707,"loc":{"start":{"line":707,"column":2},"end":{"line":707,"column":28}}},"41":{"name":"(anonymous_41)","line":717,"loc":{"start":{"line":717,"column":6},"end":{"line":717,"column":18}}},"42":{"name":"(anonymous_42)","line":719,"loc":{"start":{"line":719,"column":15},"end":{"line":719,"column":30}}},"43":{"name":"(anonymous_43)","line":720,"loc":{"start":{"line":720,"column":15},"end":{"line":720,"column":37}}},"44":{"name":"(anonymous_44)","line":732,"loc":{"start":{"line":732,"column":6},"end":{"line":732,"column":18}}},"45":{"name":"(anonymous_45)","line":735,"loc":{"start":{"line":735,"column":15},"end":{"line":735,"column":30}}},"46":{"name":"(anonymous_46)","line":741,"loc":{"start":{"line":741,"column":15},"end":{"line":741,"column":37}}},"47":{"name":"(anonymous_47)","line":752,"loc":{"start":{"line":752,"column":17},"end":{"line":752,"column":29}}},"48":{"name":"(anonymous_48)","line":757,"loc":{"start":{"line":757,"column":25},"end":{"line":757,"column":38}}},"49":{"name":"(anonymous_49)","line":764,"loc":{"start":{"line":764,"column":14},"end":{"line":764,"column":26}}},"50":{"name":"(anonymous_50)","line":774,"loc":{"start":{"line":774,"column":13},"end":{"line":774,"column":33}}},"51":{"name":"(anonymous_51)","line":783,"loc":{"start":{"line":783,"column":6},"end":{"line":783,"column":34}}},"52":{"name":"appendNodes","line":786,"loc":{"start":{"line":786,"column":6},"end":{"line":786,"column":45}}},"53":{"name":"(anonymous_53)","line":798,"loc":{"start":{"line":798,"column":19},"end":{"line":798,"column":31}}},"54":{"name":"(anonymous_54)","line":802,"loc":{"start":{"line":802,"column":6},"end":{"line":802,"column":22}}},"55":{"name":"(anonymous_55)","line":816,"loc":{"start":{"line":816,"column":6},"end":{"line":816,"column":22}}},"56":{"name":"(anonymous_56)","line":821,"loc":{"start":{"line":821,"column":6},"end":{"line":821,"column":34}}},"57":{"name":"(anonymous_57)","line":835,"loc":{"start":{"line":835,"column":6},"end":{"line":835,"column":34}}},"58":{"name":"(anonymous_58)","line":846,"loc":{"start":{"line":846,"column":19},"end":{"line":846,"column":41}}},"59":{"name":"(anonymous_59)","line":854,"loc":{"start":{"line":854,"column":4},"end":{"line":854,"column":20}}},"60":{"name":"(anonymous_60)","line":858,"loc":{"start":{"line":858,"column":4},"end":{"line":858,"column":20}}},"61":{"name":"(anonymous_61)","line":861,"loc":{"start":{"line":861,"column":4},"end":{"line":861,"column":20}}},"62":{"name":"(anonymous_62)","line":865,"loc":{"start":{"line":865,"column":4},"end":{"line":865,"column":20}}},"63":{"name":"(anonymous_63)","line":881,"loc":{"start":{"line":881,"column":19},"end":{"line":881,"column":31}}},"64":{"name":"(anonymous_64)","line":885,"loc":{"start":{"line":885,"column":6},"end":{"line":885,"column":22}}},"65":{"name":"(anonymous_65)","line":896,"loc":{"start":{"line":896,"column":6},"end":{"line":896,"column":26}}},"66":{"name":"createTemplate","line":907,"loc":{"start":{"line":907,"column":2},"end":{"line":907,"column":36}}},"67":{"name":"createPath","line":924,"loc":{"start":{"line":924,"column":2},"end":{"line":924,"column":28}}},"68":{"name":"createUpdates","line":959,"loc":{"start":{"line":959,"column":2},"end":{"line":959,"column":42}}},"69":{"name":"discoverUpdates","line":980,"loc":{"start":{"line":980,"column":2},"end":{"line":980,"column":44}}},"70":{"name":"update","line":1002,"loc":{"start":{"line":1002,"column":2},"end":{"line":1002,"column":20}}},"71":{"name":"upgrade","line":1010,"loc":{"start":{"line":1010,"column":2},"end":{"line":1010,"column":29}}},"72":{"name":"wireContent","line":1030,"loc":{"start":{"line":1030,"column":2},"end":{"line":1030,"column":29}}},"73":{"name":"before","line":1033,"loc":{"start":{"line":1033,"column":4},"end":{"line":1033,"column":30}}},"74":{"name":"after","line":1041,"loc":{"start":{"line":1041,"column":4},"end":{"line":1041,"column":21}}},"75":{"name":"adopt","line":1053,"loc":{"start":{"line":1053,"column":6},"end":{"line":1053,"column":30}}},"76":{"name":"(anonymous_76)","line":1059,"loc":{"start":{"line":1059,"column":20},"end":{"line":1059,"column":55}}},"77":{"name":"update","line":1080,"loc":{"start":{"line":1080,"column":6},"end":{"line":1080,"column":31}}},"78":{"name":"wireWeakly","line":1093,"loc":{"start":{"line":1093,"column":2},"end":{"line":1093,"column":33}}}},"statementMap":{"1":{"start":{"line":1,"column":0},"end":{"line":1113,"column":13}},"2":{"start":{"line":11,"column":2},"end":{"line":11,"column":38}},"3":{"start":{"line":14,"column":2},"end":{"line":25,"column":3}},"4":{"start":{"line":15,"column":4},"end":{"line":15,"column":33}},"5":{"start":{"line":16,"column":4},"end":{"line":22,"column":5}},"6":{"start":{"line":20,"column":6},"end":{"line":20,"column":45}},"7":{"start":{"line":21,"column":6},"end":{"line":21,"column":30}},"8":{"start":{"line":23,"column":4},"end":{"line":23,"column":43}},"9":{"start":{"line":24,"column":4},"end":{"line":24,"column":16}},"10":{"start":{"line":28,"column":2},"end":{"line":35,"column":4}},"11":{"start":{"line":29,"column":4},"end":{"line":34,"column":6}},"12":{"start":{"line":30,"column":6},"end":{"line":30,"column":26}},"13":{"start":{"line":31,"column":6},"end":{"line":31,"column":39}},"14":{"start":{"line":32,"column":6},"end":{"line":32,"column":25}},"15":{"start":{"line":33,"column":6},"end":{"line":33,"column":18}},"16":{"start":{"line":38,"column":2},"end":{"line":40,"column":4}},"17":{"start":{"line":39,"column":4},"end":{"line":39,"column":44}},"18":{"start":{"line":43,"column":2},"end":{"line":50,"column":4}},"19":{"start":{"line":44,"column":4},"end":{"line":49,"column":8}},"20":{"start":{"line":61,"column":2},"end":{"line":61,"column":23}},"21":{"start":{"line":62,"column":2},"end":{"line":62,"column":25}},"22":{"start":{"line":63,"column":2},"end":{"line":63,"column":20}},"23":{"start":{"line":64,"column":2},"end":{"line":64,"column":23}},"24":{"start":{"line":65,"column":2},"end":{"line":65,"column":34}},"25":{"start":{"line":68,"column":2},"end":{"line":68,"column":44}},"26":{"start":{"line":69,"column":2},"end":{"line":69,"column":51}},"27":{"start":{"line":71,"column":2},"end":{"line":71,"column":40}},"28":{"start":{"line":72,"column":2},"end":{"line":72,"column":32}},"29":{"start":{"line":73,"column":2},"end":{"line":73,"column":61}},"30":{"start":{"line":74,"column":2},"end":{"line":74,"column":34}},"31":{"start":{"line":82,"column":2},"end":{"line":93,"column":3}},"32":{"start":{"line":83,"column":4},"end":{"line":87,"column":5}},"33":{"start":{"line":88,"column":4},"end":{"line":91,"column":5}},"34":{"start":{"line":89,"column":6},"end":{"line":90,"column":20}},"35":{"start":{"line":89,"column":40},"end":{"line":89,"column":44}},"36":{"start":{"line":90,"column":11},"end":{"line":90,"column":20}},"37":{"start":{"line":92,"column":4},"end":{"line":92,"column":34}},"38":{"start":{"line":98,"column":2},"end":{"line":117,"column":3}},"39":{"start":{"line":99,"column":4},"end":{"line":116,"column":5}},"40":{"start":{"line":101,"column":8},"end":{"line":101,"column":43}},"41":{"start":{"line":102,"column":8},"end":{"line":105,"column":9}},"42":{"start":{"line":103,"column":10},"end":{"line":103,"column":40}},"43":{"start":{"line":104,"column":10},"end":{"line":104,"column":16}},"44":{"start":{"line":106,"column":8},"end":{"line":106,"column":40}},"45":{"start":{"line":107,"column":8},"end":{"line":107,"column":14}},"46":{"start":{"line":109,"column":8},"end":{"line":111,"column":9}},"47":{"start":{"line":110,"column":10},"end":{"line":110,"column":42}},"48":{"start":{"line":112,"column":8},"end":{"line":112,"column":14}},"49":{"start":{"line":114,"column":8},"end":{"line":114,"column":47}},"50":{"start":{"line":115,"column":8},"end":{"line":115,"column":14}},"51":{"start":{"line":120,"column":2},"end":{"line":126,"column":3}},"52":{"start":{"line":121,"column":4},"end":{"line":121,"column":36}},"53":{"start":{"line":122,"column":4},"end":{"line":125,"column":5}},"54":{"start":{"line":123,"column":6},"end":{"line":123,"column":27}},"55":{"start":{"line":124,"column":6},"end":{"line":124,"column":42}},"56":{"start":{"line":129,"column":2},"end":{"line":132,"column":3}},"57":{"start":{"line":130,"column":4},"end":{"line":130,"column":28}},"58":{"start":{"line":131,"column":4},"end":{"line":131,"column":30}},"59":{"start":{"line":135,"column":2},"end":{"line":145,"column":3}},"60":{"start":{"line":136,"column":4},"end":{"line":136,"column":39}},"61":{"start":{"line":137,"column":4},"end":{"line":144,"column":5}},"62":{"start":{"line":138,"column":6},"end":{"line":138,"column":41}},"63":{"start":{"line":139,"column":6},"end":{"line":139,"column":49}},"64":{"start":{"line":140,"column":6},"end":{"line":140,"column":33}},"65":{"start":{"line":142,"column":6},"end":{"line":142,"column":40}},"66":{"start":{"line":143,"column":6},"end":{"line":143,"column":39}},"67":{"start":{"line":152,"column":2},"end":{"line":205,"column":3}},"68":{"start":{"line":153,"column":4},"end":{"line":204,"column":6}},"69":{"start":{"line":154,"column":6},"end":{"line":203,"column":7}},"70":{"start":{"line":158,"column":10},"end":{"line":158,"column":33}},"71":{"start":{"line":159,"column":10},"end":{"line":159,"column":16}},"72":{"start":{"line":161,"column":10},"end":{"line":161,"column":45}},"73":{"start":{"line":162,"column":10},"end":{"line":162,"column":16}},"74":{"start":{"line":164,"column":10},"end":{"line":201,"column":11}},"75":{"start":{"line":165,"column":12},"end":{"line":165,"column":41}},"76":{"start":{"line":166,"column":12},"end":{"line":196,"column":13}},"77":{"start":{"line":167,"column":14},"end":{"line":167,"column":28}},"78":{"start":{"line":169,"column":14},"end":{"line":195,"column":15}},"79":{"start":{"line":173,"column":18},"end":{"line":173,"column":38}},"80":{"start":{"line":174,"column":18},"end":{"line":174,"column":24}},"81":{"start":{"line":176,"column":18},"end":{"line":176,"column":59}},"82":{"start":{"line":177,"column":18},"end":{"line":179,"column":19}},"83":{"start":{"line":178,"column":20},"end":{"line":178,"column":59}},"84":{"start":{"line":180,"column":18},"end":{"line":180,"column":46}},"85":{"start":{"line":181,"column":18},"end":{"line":181,"column":53}},"86":{"start":{"line":182,"column":18},"end":{"line":182,"column":24}},"87":{"start":{"line":184,"column":18},"end":{"line":186,"column":19}},"88":{"start":{"line":185,"column":20},"end":{"line":185,"column":58}},"89":{"start":{"line":187,"column":18},"end":{"line":190,"column":19}},"90":{"start":{"line":188,"column":20},"end":{"line":188,"column":49}},"91":{"start":{"line":189,"column":20},"end":{"line":189,"column":26}},"92":{"start":{"line":192,"column":18},"end":{"line":192,"column":65}},"93":{"start":{"line":193,"column":18},"end":{"line":193,"column":63}},"94":{"start":{"line":193,"column":32},"end":{"line":193,"column":63}},"95":{"start":{"line":194,"column":18},"end":{"line":194,"column":24}},"96":{"start":{"line":197,"column":17},"end":{"line":201,"column":11}},"97":{"start":{"line":198,"column":12},"end":{"line":198,"column":28}},"98":{"start":{"line":200,"column":12},"end":{"line":200,"column":38}},"99":{"start":{"line":202,"column":10},"end":{"line":202,"column":16}},"100":{"start":{"line":211,"column":2},"end":{"line":255,"column":3}},"101":{"start":{"line":212,"column":4},"end":{"line":223,"column":5}},"102":{"start":{"line":224,"column":4},"end":{"line":224,"column":64}},"103":{"start":{"line":224,"column":30},"end":{"line":224,"column":64}},"104":{"start":{"line":225,"column":4},"end":{"line":254,"column":8}},"105":{"start":{"line":227,"column":8},"end":{"line":231,"column":9}},"106":{"start":{"line":228,"column":10},"end":{"line":228,"column":72}},"107":{"start":{"line":228,"column":24},"end":{"line":228,"column":72}},"108":{"start":{"line":229,"column":10},"end":{"line":229,"column":30}},"109":{"start":{"line":230,"column":10},"end":{"line":230,"column":69}},"110":{"start":{"line":230,"column":24},"end":{"line":230,"column":69}},"111":{"start":{"line":235,"column":10},"end":{"line":242,"column":11}},"112":{"start":{"line":236,"column":12},"end":{"line":236,"column":32}},"113":{"start":{"line":239,"column":12},"end":{"line":241,"column":13}},"114":{"start":{"line":240,"column":14},"end":{"line":240,"column":36}},"115":{"start":{"line":245,"column":10},"end":{"line":252,"column":11}},"116":{"start":{"line":246,"column":12},"end":{"line":246,"column":32}},"117":{"start":{"line":249,"column":12},"end":{"line":251,"column":13}},"118":{"start":{"line":250,"column":14},"end":{"line":250,"column":41}},"119":{"start":{"line":258,"column":2},"end":{"line":266,"column":3}},"120":{"start":{"line":259,"column":4},"end":{"line":259,"column":17}},"121":{"start":{"line":260,"column":4},"end":{"line":265,"column":6}},"122":{"start":{"line":261,"column":6},"end":{"line":264,"column":7}},"123":{"start":{"line":262,"column":8},"end":{"line":262,"column":28}},"124":{"start":{"line":263,"column":8},"end":{"line":263,"column":36}},"125":{"start":{"line":269,"column":2},"end":{"line":329,"column":3}},"126":{"start":{"line":270,"column":4},"end":{"line":328,"column":6}},"127":{"start":{"line":271,"column":6},"end":{"line":327,"column":7}},"128":{"start":{"line":275,"column":10},"end":{"line":275,"column":40}},"129":{"start":{"line":276,"column":10},"end":{"line":276,"column":53}},"130":{"start":{"line":277,"column":10},"end":{"line":277,"column":55}},"131":{"start":{"line":278,"column":10},"end":{"line":278,"column":55}},"132":{"start":{"line":279,"column":10},"end":{"line":279,"column":16}},"133":{"start":{"line":281,"column":10},"end":{"line":281,"column":60}},"134":{"start":{"line":282,"column":10},"end":{"line":282,"column":16}},"135":{"start":{"line":284,"column":10},"end":{"line":325,"column":11}},"136":{"start":{"line":285,"column":12},"end":{"line":314,"column":13}},"137":{"start":{"line":286,"column":14},"end":{"line":286,"column":44}},"138":{"start":{"line":287,"column":14},"end":{"line":287,"column":30}},"139":{"start":{"line":289,"column":14},"end":{"line":313,"column":15}},"140":{"start":{"line":293,"column":18},"end":{"line":293,"column":45}},"141":{"start":{"line":294,"column":18},"end":{"line":294,"column":24}},"142":{"start":{"line":296,"column":18},"end":{"line":296,"column":51}},"143":{"start":{"line":297,"column":18},"end":{"line":299,"column":19}},"144":{"start":{"line":298,"column":20},"end":{"line":298,"column":67}},"145":{"start":{"line":300,"column":18},"end":{"line":300,"column":60}},"146":{"start":{"line":301,"column":18},"end":{"line":301,"column":24}},"147":{"start":{"line":303,"column":18},"end":{"line":305,"column":19}},"148":{"start":{"line":304,"column":20},"end":{"line":304,"column":58}},"149":{"start":{"line":306,"column":18},"end":{"line":309,"column":19}},"150":{"start":{"line":307,"column":20},"end":{"line":307,"column":56}},"151":{"start":{"line":308,"column":20},"end":{"line":308,"column":26}},"152":{"start":{"line":311,"column":18},"end":{"line":311,"column":62}},"153":{"start":{"line":312,"column":18},"end":{"line":312,"column":24}},"154":{"start":{"line":315,"column":17},"end":{"line":325,"column":11}},"155":{"start":{"line":316,"column":12},"end":{"line":316,"column":35}},"156":{"start":{"line":318,"column":12},"end":{"line":324,"column":14}},"157":{"start":{"line":326,"column":10},"end":{"line":326,"column":16}},"158":{"start":{"line":336,"column":2},"end":{"line":358,"column":3}},"159":{"start":{"line":337,"column":4},"end":{"line":357,"column":5}},"160":{"start":{"line":344,"column":6},"end":{"line":344,"column":32}},"161":{"start":{"line":345,"column":6},"end":{"line":356,"column":7}},"162":{"start":{"line":346,"column":8},"end":{"line":355,"column":10}},"163":{"start":{"line":361,"column":2},"end":{"line":397,"column":3}},"164":{"start":{"line":362,"column":4},"end":{"line":396,"column":5}},"165":{"start":{"line":368,"column":6},"end":{"line":368,"column":28}},"166":{"start":{"line":369,"column":6},"end":{"line":395,"column":7}},"167":{"start":{"line":371,"column":10},"end":{"line":371,"column":41}},"168":{"start":{"line":372,"column":10},"end":{"line":372,"column":39}},"169":{"start":{"line":373,"column":10},"end":{"line":373,"column":16}},"170":{"start":{"line":375,"column":10},"end":{"line":388,"column":11}},"171":{"start":{"line":376,"column":12},"end":{"line":387,"column":13}},"172":{"start":{"line":377,"column":14},"end":{"line":377,"column":44}},"173":{"start":{"line":378,"column":19},"end":{"line":387,"column":13}},"174":{"start":{"line":382,"column":14},"end":{"line":382,"column":49}},"175":{"start":{"line":384,"column":14},"end":{"line":384,"column":43}},"176":{"start":{"line":385,"column":14},"end":{"line":385,"column":57}},"177":{"start":{"line":386,"column":14},"end":{"line":386,"column":45}},"178":{"start":{"line":389,"column":10},"end":{"line":389,"column":16}},"179":{"start":{"line":391,"column":10},"end":{"line":393,"column":11}},"180":{"start":{"line":392,"column":12},"end":{"line":392,"column":43}},"181":{"start":{"line":394,"column":10},"end":{"line":394,"column":16}},"182":{"start":{"line":402,"column":2},"end":{"line":402,"column":63}},"183":{"start":{"line":407,"column":2},"end":{"line":409,"column":39}},"184":{"start":{"line":413,"column":2},"end":{"line":417,"column":17}},"185":{"start":{"line":414,"column":14},"end":{"line":414,"column":57}},"186":{"start":{"line":415,"column":14},"end":{"line":415,"column":57}},"187":{"start":{"line":416,"column":14},"end":{"line":416,"column":68}},"188":{"start":{"line":421,"column":2},"end":{"line":421,"column":44}},"189":{"start":{"line":428,"column":2},"end":{"line":428,"column":23}},"190":{"start":{"line":431,"column":2},"end":{"line":431,"column":28}},"191":{"start":{"line":432,"column":2},"end":{"line":438,"column":4}},"192":{"start":{"line":439,"column":2},"end":{"line":441,"column":3}},"193":{"start":{"line":440,"column":4},"end":{"line":440,"column":22}},"194":{"start":{"line":444,"column":2},"end":{"line":462,"column":3}},"195":{"start":{"line":445,"column":4},"end":{"line":460,"column":5}},"196":{"start":{"line":453,"column":6},"end":{"line":453,"column":28}},"197":{"start":{"line":454,"column":6},"end":{"line":459,"column":7}},"198":{"start":{"line":458,"column":8},"end":{"line":458,"column":28}},"199":{"start":{"line":461,"column":4},"end":{"line":461,"column":55}},"200":{"start":{"line":465,"column":2},"end":{"line":467,"column":3}},"201":{"start":{"line":466,"column":4},"end":{"line":466,"column":45}},"202":{"start":{"line":471,"column":2},"end":{"line":477,"column":3}},"203":{"start":{"line":472,"column":4},"end":{"line":476,"column":18}},"204":{"start":{"line":480,"column":2},"end":{"line":513,"column":3}},"205":{"start":{"line":481,"column":4},"end":{"line":481,"column":17}},"206":{"start":{"line":482,"column":4},"end":{"line":482,"column":38}},"207":{"start":{"line":483,"column":4},"end":{"line":483,"column":55}},"208":{"start":{"line":484,"column":4},"end":{"line":484,"column":44}},"209":{"start":{"line":485,"column":4},"end":{"line":485,"column":31}},"210":{"start":{"line":486,"column":4},"end":{"line":496,"column":5}},"211":{"start":{"line":488,"column":6},"end":{"line":488,"column":50}},"212":{"start":{"line":495,"column":6},"end":{"line":495,"column":74}},"213":{"start":{"line":497,"column":4},"end":{"line":511,"column":5}},"214":{"start":{"line":501,"column":6},"end":{"line":501,"column":31}},"215":{"start":{"line":502,"column":6},"end":{"line":502,"column":58}},"216":{"start":{"line":503,"column":6},"end":{"line":503,"column":78}},"217":{"start":{"line":505,"column":6},"end":{"line":505,"column":33}},"218":{"start":{"line":506,"column":6},"end":{"line":510,"column":7}},"219":{"start":{"line":507,"column":8},"end":{"line":507,"column":37}},"220":{"start":{"line":509,"column":8},"end":{"line":509,"column":64}},"221":{"start":{"line":512,"column":4},"end":{"line":512,"column":20}},"222":{"start":{"line":516,"column":2},"end":{"line":523,"column":3}},"223":{"start":{"line":517,"column":4},"end":{"line":517,"column":38}},"224":{"start":{"line":518,"column":4},"end":{"line":518,"column":52}},"225":{"start":{"line":519,"column":4},"end":{"line":519,"column":67}},"226":{"start":{"line":520,"column":4},"end":{"line":520,"column":31}},"227":{"start":{"line":521,"column":4},"end":{"line":521,"column":60}},"228":{"start":{"line":522,"column":4},"end":{"line":522,"column":20}},"229":{"start":{"line":526,"column":2},"end":{"line":528,"column":3}},"230":{"start":{"line":527,"column":4},"end":{"line":527,"column":51}},"231":{"start":{"line":532,"column":2},"end":{"line":628,"column":3}},"232":{"start":{"line":533,"column":4},"end":{"line":626,"column":5}},"233":{"start":{"line":542,"column":6},"end":{"line":625,"column":7}},"234":{"start":{"line":544,"column":10},"end":{"line":544,"column":38}},"235":{"start":{"line":545,"column":10},"end":{"line":547,"column":11}},"236":{"start":{"line":546,"column":12},"end":{"line":546,"column":46}},"237":{"start":{"line":548,"column":10},"end":{"line":548,"column":47}},"238":{"start":{"line":549,"column":10},"end":{"line":549,"column":16}},"239":{"start":{"line":551,"column":10},"end":{"line":613,"column":11}},"240":{"start":{"line":554,"column":14},"end":{"line":554,"column":67}},"241":{"start":{"line":555,"column":14},"end":{"line":555,"column":62}},"242":{"start":{"line":556,"column":14},"end":{"line":563,"column":31}},"243":{"start":{"line":557,"column":16},"end":{"line":557,"column":47}},"244":{"start":{"line":558,"column":16},"end":{"line":562,"column":17}},"245":{"start":{"line":559,"column":18},"end":{"line":559,"column":49}},"246":{"start":{"line":561,"column":18},"end":{"line":561,"column":24}},"247":{"start":{"line":564,"column":14},"end":{"line":564,"column":62}},"248":{"start":{"line":565,"column":14},"end":{"line":567,"column":15}},"249":{"start":{"line":566,"column":16},"end":{"line":566,"column":69}},"250":{"start":{"line":568,"column":14},"end":{"line":568,"column":72}},"251":{"start":{"line":569,"column":14},"end":{"line":571,"column":15}},"252":{"start":{"line":570,"column":16},"end":{"line":570,"column":68}},"253":{"start":{"line":572,"column":14},"end":{"line":572,"column":71}},"254":{"start":{"line":573,"column":14},"end":{"line":573,"column":20}},"255":{"start":{"line":576,"column":14},"end":{"line":576,"column":53}},"256":{"start":{"line":577,"column":14},"end":{"line":577,"column":72}},"257":{"start":{"line":578,"column":14},"end":{"line":578,"column":59}},"258":{"start":{"line":579,"column":14},"end":{"line":579,"column":90}},"259":{"start":{"line":580,"column":14},"end":{"line":580,"column":55}},"260":{"start":{"line":581,"column":14},"end":{"line":581,"column":83}},"261":{"start":{"line":582,"column":14},"end":{"line":582,"column":51}},"262":{"start":{"line":583,"column":14},"end":{"line":598,"column":15}},"263":{"start":{"line":589,"column":18},"end":{"line":589,"column":42}},"264":{"start":{"line":590,"column":18},"end":{"line":590,"column":24}},"265":{"start":{"line":593,"column":18},"end":{"line":593,"column":29}},"266":{"start":{"line":596,"column":18},"end":{"line":596,"column":60}},"267":{"start":{"line":597,"column":18},"end":{"line":597,"column":24}},"268":{"start":{"line":599,"column":14},"end":{"line":602,"column":16}},"269":{"start":{"line":603,"column":14},"end":{"line":608,"column":16}},"270":{"start":{"line":609,"column":14},"end":{"line":611,"column":15}},"271":{"start":{"line":610,"column":16},"end":{"line":610,"column":55}},"272":{"start":{"line":612,"column":14},"end":{"line":612,"column":20}},"273":{"start":{"line":614,"column":10},"end":{"line":614,"column":16}},"274":{"start":{"line":617,"column":10},"end":{"line":622,"column":22}},"275":{"start":{"line":623,"column":10},"end":{"line":623,"column":30}},"276":{"start":{"line":624,"column":10},"end":{"line":624,"column":16}},"277":{"start":{"line":627,"column":4},"end":{"line":627,"column":18}},"278":{"start":{"line":631,"column":2},"end":{"line":633,"column":3}},"279":{"start":{"line":632,"column":4},"end":{"line":632,"column":54}},"280":{"start":{"line":636,"column":2},"end":{"line":648,"column":3}},"281":{"start":{"line":637,"column":4},"end":{"line":637,"column":21}},"282":{"start":{"line":638,"column":4},"end":{"line":639,"column":39}},"283":{"start":{"line":640,"column":4},"end":{"line":647,"column":19}},"284":{"start":{"line":641,"column":6},"end":{"line":641,"column":41}},"285":{"start":{"line":642,"column":6},"end":{"line":646,"column":7}},"286":{"start":{"line":643,"column":8},"end":{"line":643,"column":47}},"287":{"start":{"line":645,"column":8},"end":{"line":645,"column":32}},"288":{"start":{"line":651,"column":2},"end":{"line":653,"column":3}},"289":{"start":{"line":652,"column":4},"end":{"line":652,"column":44}},"290":{"start":{"line":656,"column":2},"end":{"line":660,"column":3}},"291":{"start":{"line":657,"column":4},"end":{"line":659,"column":5}},"292":{"start":{"line":658,"column":6},"end":{"line":658,"column":41}},"293":{"start":{"line":663,"column":2},"end":{"line":669,"column":3}},"294":{"start":{"line":664,"column":4},"end":{"line":664,"column":47}},"295":{"start":{"line":665,"column":4},"end":{"line":668,"column":5}},"296":{"start":{"line":666,"column":6},"end":{"line":666,"column":46}},"297":{"start":{"line":667,"column":6},"end":{"line":667,"column":43}},"298":{"start":{"line":672,"column":2},"end":{"line":689,"column":3}},"299":{"start":{"line":673,"column":4},"end":{"line":673,"column":15}},"300":{"start":{"line":674,"column":4},"end":{"line":687,"column":5}},"301":{"start":{"line":676,"column":8},"end":{"line":676,"column":39}},"302":{"start":{"line":677,"column":8},"end":{"line":677,"column":14}},"303":{"start":{"line":679,"column":8},"end":{"line":679,"column":56}},"304":{"start":{"line":680,"column":8},"end":{"line":680,"column":14}},"305":{"start":{"line":682,"column":8},"end":{"line":682,"column":40}},"306":{"start":{"line":683,"column":8},"end":{"line":683,"column":14}},"307":{"start":{"line":685,"column":8},"end":{"line":685,"column":55}},"308":{"start":{"line":686,"column":8},"end":{"line":686,"column":14}},"309":{"start":{"line":688,"column":4},"end":{"line":688,"column":18}},"310":{"start":{"line":693,"column":2},"end":{"line":704,"column":3}},"311":{"start":{"line":694,"column":4},"end":{"line":694,"column":50}},"312":{"start":{"line":695,"column":4},"end":{"line":703,"column":5}},"313":{"start":{"line":696,"column":6},"end":{"line":696,"column":41}},"314":{"start":{"line":697,"column":6},"end":{"line":697,"column":36}},"315":{"start":{"line":698,"column":6},"end":{"line":698,"column":27}},"316":{"start":{"line":699,"column":6},"end":{"line":699,"column":29}},"317":{"start":{"line":700,"column":6},"end":{"line":700,"column":35}},"318":{"start":{"line":701,"column":6},"end":{"line":701,"column":51}},"319":{"start":{"line":702,"column":6},"end":{"line":702,"column":47}},"320":{"start":{"line":707,"column":2},"end":{"line":709,"column":3}},"321":{"start":{"line":708,"column":4},"end":{"line":708,"column":48}},"322":{"start":{"line":716,"column":2},"end":{"line":728,"column":14}},"323":{"start":{"line":718,"column":8},"end":{"line":726,"column":10}},"324":{"start":{"line":719,"column":32},"end":{"line":719,"column":52}},"325":{"start":{"line":721,"column":12},"end":{"line":724,"column":15}},"326":{"start":{"line":731,"column":2},"end":{"line":746,"column":10}},"327":{"start":{"line":733,"column":8},"end":{"line":733,"column":27}},"328":{"start":{"line":734,"column":8},"end":{"line":744,"column":10}},"329":{"start":{"line":736,"column":12},"end":{"line":736,"column":37}},"330":{"start":{"line":742,"column":12},"end":{"line":742,"column":39}},"331":{"start":{"line":751,"column":2},"end":{"line":760,"column":21}},"332":{"start":{"line":753,"column":18},"end":{"line":753,"column":45}},"333":{"start":{"line":756,"column":18},"end":{"line":756,"column":44}},"334":{"start":{"line":757,"column":18},"end":{"line":759,"column":20}},"335":{"start":{"line":758,"column":20},"end":{"line":758,"column":50}},"336":{"start":{"line":763,"column":2},"end":{"line":764,"column":69}},"337":{"start":{"line":764,"column":28},"end":{"line":764,"column":66}},"338":{"start":{"line":771,"column":2},"end":{"line":771,"column":30}},"339":{"start":{"line":772,"column":2},"end":{"line":779,"column":3}},"340":{"start":{"line":773,"column":4},"end":{"line":773,"column":42}},"341":{"start":{"line":774,"column":4},"end":{"line":778,"column":6}},"342":{"start":{"line":775,"column":6},"end":{"line":775,"column":35}},"343":{"start":{"line":776,"column":6},"end":{"line":777,"column":46}},"344":{"start":{"line":782,"column":2},"end":{"line":794,"column":8}},"345":{"start":{"line":784,"column":8},"end":{"line":784,"column":44}},"346":{"start":{"line":787,"column":8},"end":{"line":793,"column":9}},"347":{"start":{"line":792,"column":10},"end":{"line":792,"column":42}},"348":{"start":{"line":797,"column":2},"end":{"line":797,"column":28}},"349":{"start":{"line":798,"column":2},"end":{"line":798,"column":76}},"350":{"start":{"line":798,"column":33},"end":{"line":798,"column":73}},"351":{"start":{"line":801,"column":2},"end":{"line":816,"column":48}},"352":{"start":{"line":803,"column":8},"end":{"line":813,"column":9}},"353":{"start":{"line":810,"column":10},"end":{"line":810,"column":32}},"354":{"start":{"line":811,"column":10},"end":{"line":812,"column":34}},"355":{"start":{"line":812,"column":12},"end":{"line":812,"column":34}},"356":{"start":{"line":814,"column":8},"end":{"line":814,"column":24}},"357":{"start":{"line":816,"column":24},"end":{"line":816,"column":45}},"358":{"start":{"line":820,"column":2},"end":{"line":840,"column":8}},"359":{"start":{"line":822,"column":8},"end":{"line":832,"column":9}},"360":{"start":{"line":823,"column":10},"end":{"line":823,"column":27}},"361":{"start":{"line":824,"column":10},"end":{"line":831,"column":11}},"362":{"start":{"line":826,"column":14},"end":{"line":826,"column":60}},"363":{"start":{"line":827,"column":14},"end":{"line":827,"column":20}},"364":{"start":{"line":829,"column":14},"end":{"line":829,"column":53}},"365":{"start":{"line":830,"column":14},"end":{"line":830,"column":20}},"366":{"start":{"line":833,"column":8},"end":{"line":833,"column":26}},"367":{"start":{"line":836,"column":8},"end":{"line":838,"column":9}},"368":{"start":{"line":837,"column":10},"end":{"line":837,"column":54}},"369":{"start":{"line":839,"column":8},"end":{"line":839,"column":26}},"370":{"start":{"line":843,"column":2},"end":{"line":850,"column":3}},"371":{"start":{"line":844,"column":4},"end":{"line":844,"column":21}},"372":{"start":{"line":845,"column":4},"end":{"line":845,"column":81}},"373":{"start":{"line":846,"column":4},"end":{"line":849,"column":10}},"374":{"start":{"line":847,"column":10},"end":{"line":847,"column":45}},"375":{"start":{"line":848,"column":10},"end":{"line":848,"column":36}},"376":{"start":{"line":853,"column":2},"end":{"line":858,"column":56}},"377":{"start":{"line":855,"column":6},"end":{"line":855,"column":30}},"378":{"start":{"line":856,"column":6},"end":{"line":856,"column":71}},"379":{"start":{"line":858,"column":22},"end":{"line":858,"column":53}},"380":{"start":{"line":860,"column":2},"end":{"line":865,"column":60}},"381":{"start":{"line":862,"column":6},"end":{"line":862,"column":34}},"382":{"start":{"line":863,"column":6},"end":{"line":863,"column":71}},"383":{"start":{"line":865,"column":22},"end":{"line":865,"column":57}},"384":{"start":{"line":868,"column":2},"end":{"line":868,"column":28}},"385":{"start":{"line":871,"column":2},"end":{"line":871,"column":27}},"386":{"start":{"line":874,"column":2},"end":{"line":874,"column":27}},"387":{"start":{"line":877,"column":2},"end":{"line":877,"column":25}},"388":{"start":{"line":881,"column":2},"end":{"line":899,"column":7}},"389":{"start":{"line":882,"column":4},"end":{"line":882,"column":66}},"390":{"start":{"line":883,"column":4},"end":{"line":883,"column":65}},"391":{"start":{"line":884,"column":4},"end":{"line":898,"column":8}},"392":{"start":{"line":886,"column":8},"end":{"line":893,"column":9}},"393":{"start":{"line":892,"column":10},"end":{"line":892,"column":54}},"394":{"start":{"line":894,"column":8},"end":{"line":894,"column":21}},"395":{"start":{"line":897,"column":8},"end":{"line":897,"column":40}},"396":{"start":{"line":907,"column":2},"end":{"line":919,"column":3}},"397":{"start":{"line":908,"column":4},"end":{"line":908,"column":19}},"398":{"start":{"line":909,"column":4},"end":{"line":909,"column":35}},"399":{"start":{"line":910,"column":4},"end":{"line":913,"column":5}},"400":{"start":{"line":911,"column":6},"end":{"line":911,"column":24}},"401":{"start":{"line":912,"column":6},"end":{"line":912,"column":40}},"402":{"start":{"line":914,"column":4},"end":{"line":914,"column":46}},"403":{"start":{"line":915,"column":4},"end":{"line":915,"column":50}},"404":{"start":{"line":916,"column":4},"end":{"line":916,"column":36}},"405":{"start":{"line":917,"column":4},"end":{"line":917,"column":34}},"406":{"start":{"line":918,"column":4},"end":{"line":918,"column":16}},"407":{"start":{"line":924,"column":2},"end":{"line":954,"column":3}},"408":{"start":{"line":925,"column":4},"end":{"line":925,"column":18}},"409":{"start":{"line":926,"column":4},"end":{"line":926,"column":19}},"410":{"start":{"line":927,"column":4},"end":{"line":945,"column":5}},"411":{"start":{"line":930,"column":8},"end":{"line":930,"column":26}},"412":{"start":{"line":931,"column":8},"end":{"line":931,"column":14}},"413":{"start":{"line":934,"column":8},"end":{"line":934,"column":37}},"414":{"start":{"line":935,"column":8},"end":{"line":938,"column":10}},"415":{"start":{"line":939,"column":8},"end":{"line":939,"column":14}},"416":{"start":{"line":942,"column":8},"end":{"line":942,"column":39}},"417":{"start":{"line":943,"column":8},"end":{"line":943,"column":46}},"418":{"start":{"line":944,"column":8},"end":{"line":944,"column":14}},"419":{"start":{"line":946,"column":4},"end":{"line":952,"column":5}},"420":{"start":{"line":951,"column":6},"end":{"line":951,"column":81}},"421":{"start":{"line":953,"column":4},"end":{"line":953,"column":16}},"422":{"start":{"line":959,"column":2},"end":{"line":977,"column":3}},"423":{"start":{"line":960,"column":4},"end":{"line":974,"column":5}},"424":{"start":{"line":967,"column":6},"end":{"line":967,"column":22}},"425":{"start":{"line":968,"column":6},"end":{"line":968,"column":44}},"426":{"start":{"line":969,"column":6},"end":{"line":972,"column":7}},"427":{"start":{"line":970,"column":8},"end":{"line":970,"column":45}},"428":{"start":{"line":971,"column":8},"end":{"line":971,"column":22}},"429":{"start":{"line":973,"column":6},"end":{"line":973,"column":71}},"430":{"start":{"line":975,"column":4},"end":{"line":975,"column":42}},"431":{"start":{"line":976,"column":4},"end":{"line":976,"column":19}},"432":{"start":{"line":980,"column":2},"end":{"line":999,"column":3}},"433":{"start":{"line":981,"column":4},"end":{"line":996,"column":5}},"434":{"start":{"line":988,"column":6},"end":{"line":988,"column":22}},"435":{"start":{"line":989,"column":6},"end":{"line":989,"column":22}},"436":{"start":{"line":990,"column":6},"end":{"line":995,"column":8}},"437":{"start":{"line":997,"column":4},"end":{"line":997,"column":42}},"438":{"start":{"line":998,"column":4},"end":{"line":998,"column":19}},"439":{"start":{"line":1002,"column":2},"end":{"line":1006,"column":3}},"440":{"start":{"line":1003,"column":4},"end":{"line":1005,"column":5}},"441":{"start":{"line":1004,"column":6},"end":{"line":1004,"column":32}},"442":{"start":{"line":1010,"column":2},"end":{"line":1023,"column":3}},"443":{"start":{"line":1011,"column":4},"end":{"line":1011,"column":40}},"444":{"start":{"line":1011,"column":12},"end":{"line":1011,"column":40}},"445":{"start":{"line":1012,"column":4},"end":{"line":1012,"column":16}},"446":{"start":{"line":1013,"column":4},"end":{"line":1014,"column":52}},"447":{"start":{"line":1015,"column":4},"end":{"line":1021,"column":5}},"448":{"start":{"line":1016,"column":6},"end":{"line":1016,"column":46}},"449":{"start":{"line":1017,"column":6},"end":{"line":1017,"column":63}},"450":{"start":{"line":1018,"column":6},"end":{"line":1018,"column":39}},"451":{"start":{"line":1020,"column":6},"end":{"line":1020,"column":70}},"452":{"start":{"line":1022,"column":4},"end":{"line":1022,"column":50}},"453":{"start":{"line":1030,"column":2},"end":{"line":1090,"column":3}},"454":{"start":{"line":1031,"column":4},"end":{"line":1031,"column":71}},"455":{"start":{"line":1033,"column":4},"end":{"line":1039,"column":5}},"456":{"start":{"line":1034,"column":6},"end":{"line":1034,"column":50}},"457":{"start":{"line":1035,"column":6},"end":{"line":1037,"column":17}},"458":{"start":{"line":1038,"column":6},"end":{"line":1038,"column":41}},"459":{"start":{"line":1041,"column":4},"end":{"line":1050,"column":5}},"460":{"start":{"line":1042,"column":6},"end":{"line":1048,"column":7}},"461":{"start":{"line":1043,"column":8},"end":{"line":1043,"column":22}},"462":{"start":{"line":1044,"column":8},"end":{"line":1046,"column":9}},"463":{"start":{"line":1045,"column":10},"end":{"line":1045,"column":66}},"464":{"start":{"line":1047,"column":8},"end":{"line":1047,"column":42}},"465":{"start":{"line":1049,"column":6},"end":{"line":1049,"column":21}},"466":{"start":{"line":1052,"column":4},"end":{"line":1089,"column":8}},"467":{"start":{"line":1054,"column":8},"end":{"line":1054,"column":29}},"468":{"start":{"line":1055,"column":8},"end":{"line":1055,"column":42}},"469":{"start":{"line":1055,"column":16},"end":{"line":1055,"column":42}},"470":{"start":{"line":1056,"column":8},"end":{"line":1077,"column":9}},"471":{"start":{"line":1057,"column":10},"end":{"line":1057,"column":23}},"472":{"start":{"line":1058,"column":10},"end":{"line":1058,"column":29}},"473":{"start":{"line":1059,"column":10},"end":{"line":1076,"column":12}},"474":{"start":{"line":1060,"column":12},"end":{"line":1073,"column":13}},"475":{"start":{"line":1061,"column":14},"end":{"line":1072,"column":15}},"476":{"start":{"line":1062,"column":16},"end":{"line":1062,"column":40}},"477":{"start":{"line":1063,"column":16},"end":{"line":1067,"column":18}},"478":{"start":{"line":1068,"column":16},"end":{"line":1068,"column":51}},"479":{"start":{"line":1070,"column":16},"end":{"line":1070,"column":66}},"480":{"start":{"line":1070,"column":53},"end":{"line":1070,"column":66}},"481":{"start":{"line":1071,"column":16},"end":{"line":1071,"column":49}},"482":{"start":{"line":1074,"column":12},"end":{"line":1074,"column":37}},"483":{"start":{"line":1075,"column":12},"end":{"line":1075,"column":27}},"484":{"start":{"line":1078,"column":8},"end":{"line":1078,"column":23}},"485":{"start":{"line":1081,"column":8},"end":{"line":1081,"column":42}},"486":{"start":{"line":1081,"column":16},"end":{"line":1081,"column":42}},"487":{"start":{"line":1082,"column":8},"end":{"line":1086,"column":9}},"488":{"start":{"line":1083,"column":10},"end":{"line":1083,"column":23}},"489":{"start":{"line":1084,"column":10},"end":{"line":1084,"column":29}},"490":{"start":{"line":1085,"column":10},"end":{"line":1085,"column":37}},"491":{"start":{"line":1087,"column":8},"end":{"line":1087,"column":38}},"492":{"start":{"line":1088,"column":8},"end":{"line":1088,"column":23}},"493":{"start":{"line":1093,"column":2},"end":{"line":1106,"column":3}},"494":{"start":{"line":1094,"column":4},"end":{"line":1094,"column":30}},"495":{"start":{"line":1095,"column":4},"end":{"line":1095,"column":30}},"496":{"start":{"line":1096,"column":4},"end":{"line":1096,"column":18}},"497":{"start":{"line":1097,"column":4},"end":{"line":1100,"column":5}},"498":{"start":{"line":1098,"column":6},"end":{"line":1098,"column":29}},"499":{"start":{"line":1099,"column":6},"end":{"line":1099,"column":40}},"500":{"start":{"line":1101,"column":4},"end":{"line":1104,"column":5}},"501":{"start":{"line":1102,"column":6},"end":{"line":1102,"column":16}},"502":{"start":{"line":1103,"column":6},"end":{"line":1103,"column":27}},"503":{"start":{"line":1105,"column":4},"end":{"line":1105,"column":54}},"504":{"start":{"line":1111,"column":2},"end":{"line":1111,"column":19}},"505":{"start":{"line":1116,"column":0},"end":{"line":1116,"column":49}},"506":{"start":{"line":1116,"column":6},"end":{"line":1116,"column":33}}},"branchMap":{"1":{"line":16,"type":"if","locations":[{"start":{"line":16,"column":4},"end":{"line":16,"column":4}},{"start":{"line":16,"column":4},"end":{"line":16,"column":4}}]},"2":{"line":17,"type":"binary-expr","locations":[{"start":{"line":17,"column":6},"end":{"line":17,"column":12}},{"start":{"line":18,"column":6},"end":{"line":18,"column":59}}]},"3":{"line":18,"type":"cond-expr","locations":[{"start":{"line":18,"column":31},"end":{"line":18,"column":47}},{"start":{"line":18,"column":50},"end":{"line":18,"column":58}}]},"4":{"line":44,"type":"cond-expr","locations":[{"start":{"line":45,"column":6},"end":{"line":45,"column":25}},{"start":{"line":46,"column":7},"end":{"line":48,"column":39}}]},"5":{"line":46,"type":"cond-expr","locations":[{"start":{"line":47,"column":8},"end":{"line":47,"column":35}},{"start":{"line":48,"column":8},"end":{"line":48,"column":39}}]},"6":{"line":47,"type":"binary-expr","locations":[{"start":{"line":47,"column":20},"end":{"line":47,"column":24}},{"start":{"line":47,"column":28},"end":{"line":47,"column":34}}]},"7":{"line":48,"type":"binary-expr","locations":[{"start":{"line":48,"column":24},"end":{"line":48,"column":28}},{"start":{"line":48,"column":32},"end":{"line":48,"column":38}}]},"8":{"line":89,"type":"if","locations":[{"start":{"line":89,"column":6},"end":{"line":89,"column":6}},{"start":{"line":89,"column":6},"end":{"line":89,"column":6}}]},"9":{"line":89,"type":"binary-expr","locations":[{"start":{"line":89,"column":10},"end":{"line":89,"column":21}},{"start":{"line":89,"column":25},"end":{"line":89,"column":38}}]},"10":{"line":92,"type":"cond-expr","locations":[{"start":{"line":92,"column":27},"end":{"line":92,"column":29}},{"start":{"line":92,"column":32},"end":{"line":92,"column":33}}]},"11":{"line":99,"type":"switch","locations":[{"start":{"line":100,"column":6},"end":{"line":107,"column":14}},{"start":{"line":108,"column":6},"end":{"line":112,"column":14}},{"start":{"line":113,"column":6},"end":{"line":115,"column":14}}]},"12":{"line":102,"type":"if","locations":[{"start":{"line":102,"column":8},"end":{"line":102,"column":8}},{"start":{"line":102,"column":8},"end":{"line":102,"column":8}}]},"13":{"line":109,"type":"if","locations":[{"start":{"line":109,"column":8},"end":{"line":109,"column":8}},{"start":{"line":109,"column":8},"end":{"line":109,"column":8}}]},"14":{"line":137,"type":"if","locations":[{"start":{"line":137,"column":4},"end":{"line":137,"column":4}},{"start":{"line":137,"column":4},"end":{"line":137,"column":4}}]},"15":{"line":154,"type":"switch","locations":[{"start":{"line":155,"column":8},"end":{"line":155,"column":22}},{"start":{"line":156,"column":8},"end":{"line":156,"column":22}},{"start":{"line":157,"column":8},"end":{"line":159,"column":16}},{"start":{"line":160,"column":8},"end":{"line":162,"column":16}},{"start":{"line":163,"column":8},"end":{"line":202,"column":16}}]},"16":{"line":164,"type":"if","locations":[{"start":{"line":164,"column":10},"end":{"line":164,"column":10}},{"start":{"line":164,"column":10},"end":{"line":164,"column":10}}]},"17":{"line":166,"type":"if","locations":[{"start":{"line":166,"column":12},"end":{"line":166,"column":12}},{"start":{"line":166,"column":12},"end":{"line":166,"column":12}}]},"18":{"line":169,"type":"switch","locations":[{"start":{"line":170,"column":16},"end":{"line":170,"column":30}},{"start":{"line":171,"column":16},"end":{"line":171,"column":30}},{"start":{"line":172,"column":16},"end":{"line":174,"column":24}},{"start":{"line":175,"column":16},"end":{"line":182,"column":24}},{"start":{"line":183,"column":16},"end":{"line":190,"column":19}},{"start":{"line":191,"column":16},"end":{"line":194,"column":24}}]},"19":{"line":169,"type":"cond-expr","locations":[{"start":{"line":169,"column":37},"end":{"line":169,"column":39}},{"start":{"line":169,"column":42},"end":{"line":169,"column":57}}]},"20":{"line":184,"type":"if","locations":[{"start":{"line":184,"column":18},"end":{"line":184,"column":18}},{"start":{"line":184,"column":18},"end":{"line":184,"column":18}}]},"21":{"line":187,"type":"if","locations":[{"start":{"line":187,"column":18},"end":{"line":187,"column":18}},{"start":{"line":187,"column":18},"end":{"line":187,"column":18}}]},"22":{"line":193,"type":"if","locations":[{"start":{"line":193,"column":18},"end":{"line":193,"column":18}},{"start":{"line":193,"column":18},"end":{"line":193,"column":18}}]},"23":{"line":197,"type":"if","locations":[{"start":{"line":197,"column":17},"end":{"line":197,"column":17}},{"start":{"line":197,"column":17},"end":{"line":197,"column":17}}]},"24":{"line":216,"type":"binary-expr","locations":[{"start":{"line":216,"column":18},"end":{"line":216,"column":30}},{"start":{"line":216,"column":34},"end":{"line":220,"column":19}}]},"25":{"line":218,"type":"binary-expr","locations":[{"start":{"line":218,"column":20},"end":{"line":218,"column":45}},{"start":{"line":219,"column":20},"end":{"line":219,"column":51}}]},"26":{"line":221,"type":"cond-expr","locations":[{"start":{"line":221,"column":23},"end":{"line":221,"column":36}},{"start":{"line":221,"column":39},"end":{"line":221,"column":41}}]},"27":{"line":224,"type":"if","locations":[{"start":{"line":224,"column":4},"end":{"line":224,"column":4}},{"start":{"line":224,"column":4},"end":{"line":224,"column":4}}]},"28":{"line":224,"type":"binary-expr","locations":[{"start":{"line":224,"column":8},"end":{"line":224,"column":17}},{"start":{"line":224,"column":21},"end":{"line":224,"column":28}}]},"29":{"line":225,"type":"cond-expr","locations":[{"start":{"line":226,"column":6},"end":{"line":232,"column":7}},{"start":{"line":233,"column":7},"end":{"line":253,"column":9}}]},"30":{"line":227,"type":"if","locations":[{"start":{"line":227,"column":8},"end":{"line":227,"column":8}},{"start":{"line":227,"column":8},"end":{"line":227,"column":8}}]},"31":{"line":228,"type":"if","locations":[{"start":{"line":228,"column":10},"end":{"line":228,"column":10}},{"start":{"line":228,"column":10},"end":{"line":228,"column":10}}]},"32":{"line":230,"type":"if","locations":[{"start":{"line":230,"column":10},"end":{"line":230,"column":10}},{"start":{"line":230,"column":10},"end":{"line":230,"column":10}}]},"33":{"line":233,"type":"cond-expr","locations":[{"start":{"line":234,"column":8},"end":{"line":243,"column":9}},{"start":{"line":244,"column":8},"end":{"line":253,"column":9}}]},"34":{"line":235,"type":"if","locations":[{"start":{"line":235,"column":10},"end":{"line":235,"column":10}},{"start":{"line":235,"column":10},"end":{"line":235,"column":10}}]},"35":{"line":239,"type":"if","locations":[{"start":{"line":239,"column":12},"end":{"line":239,"column":12}},{"start":{"line":239,"column":12},"end":{"line":239,"column":12}}]},"36":{"line":245,"type":"if","locations":[{"start":{"line":245,"column":10},"end":{"line":245,"column":10}},{"start":{"line":245,"column":10},"end":{"line":245,"column":10}}]},"37":{"line":249,"type":"if","locations":[{"start":{"line":249,"column":12},"end":{"line":249,"column":12}},{"start":{"line":249,"column":12},"end":{"line":249,"column":12}}]},"38":{"line":261,"type":"if","locations":[{"start":{"line":261,"column":6},"end":{"line":261,"column":6}},{"start":{"line":261,"column":6},"end":{"line":261,"column":6}}]},"39":{"line":271,"type":"switch","locations":[{"start":{"line":272,"column":8},"end":{"line":272,"column":22}},{"start":{"line":273,"column":8},"end":{"line":273,"column":22}},{"start":{"line":274,"column":8},"end":{"line":279,"column":16}},{"start":{"line":280,"column":8},"end":{"line":282,"column":16}},{"start":{"line":283,"column":8},"end":{"line":326,"column":16}}]},"40":{"line":284,"type":"if","locations":[{"start":{"line":284,"column":10},"end":{"line":284,"column":10}},{"start":{"line":284,"column":10},"end":{"line":284,"column":10}}]},"41":{"line":285,"type":"if","locations":[{"start":{"line":285,"column":12},"end":{"line":285,"column":12}},{"start":{"line":285,"column":12},"end":{"line":285,"column":12}}]},"42":{"line":289,"type":"switch","locations":[{"start":{"line":290,"column":16},"end":{"line":290,"column":30}},{"start":{"line":291,"column":16},"end":{"line":291,"column":30}},{"start":{"line":292,"column":16},"end":{"line":294,"column":24}},{"start":{"line":295,"column":16},"end":{"line":301,"column":24}},{"start":{"line":302,"column":16},"end":{"line":309,"column":19}},{"start":{"line":310,"column":16},"end":{"line":312,"column":24}}]},"43":{"line":303,"type":"if","locations":[{"start":{"line":303,"column":18},"end":{"line":303,"column":18}},{"start":{"line":303,"column":18},"end":{"line":303,"column":18}}]},"44":{"line":306,"type":"if","locations":[{"start":{"line":306,"column":18},"end":{"line":306,"column":18}},{"start":{"line":306,"column":18},"end":{"line":306,"column":18}}]},"45":{"line":315,"type":"if","locations":[{"start":{"line":315,"column":17},"end":{"line":315,"column":17}},{"start":{"line":315,"column":17},"end":{"line":315,"column":17}}]},"46":{"line":321,"type":"cond-expr","locations":[{"start":{"line":322,"column":16},"end":{"line":322,"column":44}},{"start":{"line":323,"column":16},"end":{"line":323,"column":23}}]},"47":{"line":345,"type":"if","locations":[{"start":{"line":345,"column":6},"end":{"line":345,"column":6}},{"start":{"line":345,"column":6},"end":{"line":345,"column":6}}]},"48":{"line":351,"type":"cond-expr","locations":[{"start":{"line":352,"column":14},"end":{"line":352,"column":51}},{"start":{"line":353,"column":14},"end":{"line":353,"column":23}}]},"49":{"line":369,"type":"switch","locations":[{"start":{"line":370,"column":8},"end":{"line":373,"column":16}},{"start":{"line":374,"column":8},"end":{"line":389,"column":16}},{"start":{"line":390,"column":8},"end":{"line":394,"column":16}}]},"50":{"line":375,"type":"if","locations":[{"start":{"line":375,"column":10},"end":{"line":375,"column":10}},{"start":{"line":375,"column":10},"end":{"line":375,"column":10}}]},"51":{"line":376,"type":"if","locations":[{"start":{"line":376,"column":12},"end":{"line":376,"column":12}},{"start":{"line":376,"column":12},"end":{"line":376,"column":12}}]},"52":{"line":378,"type":"if","locations":[{"start":{"line":378,"column":19},"end":{"line":378,"column":19}},{"start":{"line":378,"column":19},"end":{"line":378,"column":19}}]},"53":{"line":379,"type":"binary-expr","locations":[{"start":{"line":379,"column":15},"end":{"line":379,"column":20}},{"start":{"line":379,"column":24},"end":{"line":379,"column":67}},{"start":{"line":380,"column":15},"end":{"line":380,"column":31}},{"start":{"line":380,"column":35},"end":{"line":380,"column":78}}]},"54":{"line":391,"type":"if","locations":[{"start":{"line":391,"column":10},"end":{"line":391,"column":10}},{"start":{"line":391,"column":10},"end":{"line":391,"column":10}}]},"55":{"line":391,"type":"binary-expr","locations":[{"start":{"line":391,"column":14},"end":{"line":391,"column":54}},{"start":{"line":391,"column":58},"end":{"line":391,"column":84}}]},"56":{"line":407,"type":"binary-expr","locations":[{"start":{"line":407,"column":11},"end":{"line":407,"column":40}},{"start":{"line":408,"column":12},"end":{"line":408,"column":54}},{"start":{"line":409,"column":12},"end":{"line":409,"column":38}}]},"57":{"line":454,"type":"if","locations":[{"start":{"line":454,"column":6},"end":{"line":454,"column":6}},{"start":{"line":454,"column":6},"end":{"line":454,"column":6}}]},"58":{"line":455,"type":"binary-expr","locations":[{"start":{"line":455,"column":8},"end":{"line":455,"column":39}},{"start":{"line":456,"column":8},"end":{"line":456,"column":49}}]},"59":{"line":461,"type":"cond-expr","locations":[{"start":{"line":461,"column":34},"end":{"line":461,"column":44}},{"start":{"line":461,"column":47},"end":{"line":461,"column":54}}]},"60":{"line":473,"type":"cond-expr","locations":[{"start":{"line":474,"column":8},"end":{"line":474,"column":25}},{"start":{"line":475,"column":8},"end":{"line":475,"column":26}}]},"61":{"line":486,"type":"if","locations":[{"start":{"line":486,"column":4},"end":{"line":486,"column":4}},{"start":{"line":486,"column":4},"end":{"line":486,"column":4}}]},"62":{"line":497,"type":"if","locations":[{"start":{"line":497,"column":4},"end":{"line":497,"column":4}},{"start":{"line":497,"column":4},"end":{"line":497,"column":4}}]},"63":{"line":506,"type":"if","locations":[{"start":{"line":506,"column":6},"end":{"line":506,"column":6}},{"start":{"line":506,"column":6},"end":{"line":506,"column":6}}]},"64":{"line":542,"type":"switch","locations":[{"start":{"line":543,"column":8},"end":{"line":549,"column":16}},{"start":{"line":550,"column":8},"end":{"line":614,"column":16}},{"start":{"line":615,"column":8},"end":{"line":624,"column":16}}]},"65":{"line":545,"type":"if","locations":[{"start":{"line":545,"column":10},"end":{"line":545,"column":10}},{"start":{"line":545,"column":10},"end":{"line":545,"column":10}}]},"66":{"line":551,"type":"switch","locations":[{"start":{"line":553,"column":12},"end":{"line":573,"column":20}},{"start":{"line":575,"column":12},"end":{"line":612,"column":20}}]},"67":{"line":558,"type":"if","locations":[{"start":{"line":558,"column":16},"end":{"line":558,"column":16}},{"start":{"line":558,"column":16},"end":{"line":558,"column":16}}]},"68":{"line":558,"type":"binary-expr","locations":[{"start":{"line":558,"column":20},"end":{"line":558,"column":26}},{"start":{"line":558,"column":30},"end":{"line":558,"column":59}}]},"69":{"line":565,"type":"if","locations":[{"start":{"line":565,"column":14},"end":{"line":565,"column":14}},{"start":{"line":565,"column":14},"end":{"line":565,"column":14}}]},"70":{"line":569,"type":"if","locations":[{"start":{"line":569,"column":14},"end":{"line":569,"column":14}},{"start":{"line":569,"column":14},"end":{"line":569,"column":14}}]},"71":{"line":579,"type":"cond-expr","locations":[{"start":{"line":579,"column":37},"end":{"line":579,"column":83}},{"start":{"line":579,"column":87},"end":{"line":579,"column":89}}]},"72":{"line":581,"type":"cond-expr","locations":[{"start":{"line":581,"column":35},"end":{"line":581,"column":77}},{"start":{"line":581,"column":80},"end":{"line":581,"column":82}}]},"73":{"line":583,"type":"switch","locations":[{"start":{"line":588,"column":16},"end":{"line":590,"column":24}},{"start":{"line":592,"column":16},"end":{"line":593,"column":29}},{"start":{"line":595,"column":16},"end":{"line":597,"column":24}}]},"74":{"line":605,"type":"cond-expr","locations":[{"start":{"line":606,"column":18},"end":{"line":606,"column":71}},{"start":{"line":607,"column":18},"end":{"line":607,"column":48}}]},"75":{"line":609,"type":"if","locations":[{"start":{"line":609,"column":14},"end":{"line":609,"column":14}},{"start":{"line":609,"column":14},"end":{"line":609,"column":14}}]},"76":{"line":617,"type":"binary-expr","locations":[{"start":{"line":617,"column":19},"end":{"line":617,"column":51}},{"start":{"line":618,"column":20},"end":{"line":622,"column":21}}]},"77":{"line":638,"type":"cond-expr","locations":[{"start":{"line":639,"column":8},"end":{"line":639,"column":20}},{"start":{"line":639,"column":23},"end":{"line":639,"column":38}}]},"78":{"line":642,"type":"if","locations":[{"start":{"line":642,"column":6},"end":{"line":642,"column":6}},{"start":{"line":642,"column":6},"end":{"line":642,"column":6}}]},"79":{"line":642,"type":"binary-expr","locations":[{"start":{"line":642,"column":10},"end":{"line":642,"column":14}},{"start":{"line":642,"column":18},"end":{"line":642,"column":45}}]},"80":{"line":652,"type":"binary-expr","locations":[{"start":{"line":652,"column":11},"end":{"line":652,"column":24}},{"start":{"line":652,"column":28},"end":{"line":652,"column":43}}]},"81":{"line":665,"type":"if","locations":[{"start":{"line":665,"column":4},"end":{"line":665,"column":4}},{"start":{"line":665,"column":4},"end":{"line":665,"column":4}}]},"82":{"line":665,"type":"binary-expr","locations":[{"start":{"line":665,"column":8},"end":{"line":665,"column":23}},{"start":{"line":665,"column":27},"end":{"line":665,"column":65}}]},"83":{"line":674,"type":"switch","locations":[{"start":{"line":675,"column":6},"end":{"line":677,"column":14}},{"start":{"line":678,"column":6},"end":{"line":680,"column":14}},{"start":{"line":681,"column":6},"end":{"line":683,"column":14}},{"start":{"line":684,"column":6},"end":{"line":686,"column":14}}]},"84":{"line":695,"type":"if","locations":[{"start":{"line":695,"column":4},"end":{"line":695,"column":4}},{"start":{"line":695,"column":4},"end":{"line":695,"column":4}}]},"85":{"line":716,"type":"cond-expr","locations":[{"start":{"line":717,"column":6},"end":{"line":727,"column":7}},{"start":{"line":728,"column":6},"end":{"line":728,"column":13}}]},"86":{"line":731,"type":"cond-expr","locations":[{"start":{"line":732,"column":6},"end":{"line":745,"column":7}},{"start":{"line":746,"column":6},"end":{"line":746,"column":9}}]},"87":{"line":751,"type":"binary-expr","locations":[{"start":{"line":751,"column":16},"end":{"line":751,"column":29}},{"start":{"line":752,"column":17},"end":{"line":760,"column":19}}]},"88":{"line":763,"type":"binary-expr","locations":[{"start":{"line":763,"column":13},"end":{"line":763,"column":25}},{"start":{"line":764,"column":14},"end":{"line":764,"column":68}}]},"89":{"line":772,"type":"if","locations":[{"start":{"line":772,"column":2},"end":{"line":772,"column":2}},{"start":{"line":772,"column":2},"end":{"line":772,"column":2}}]},"90":{"line":776,"type":"binary-expr","locations":[{"start":{"line":776,"column":13},"end":{"line":776,"column":33}},{"start":{"line":777,"column":13},"end":{"line":777,"column":44}}]},"91":{"line":782,"type":"cond-expr","locations":[{"start":{"line":783,"column":6},"end":{"line":785,"column":7}},{"start":{"line":786,"column":6},"end":{"line":794,"column":7}}]},"92":{"line":801,"type":"cond-expr","locations":[{"start":{"line":802,"column":6},"end":{"line":815,"column":7}},{"start":{"line":816,"column":6},"end":{"line":816,"column":47}}]},"93":{"line":811,"type":"if","locations":[{"start":{"line":811,"column":10},"end":{"line":811,"column":10}},{"start":{"line":811,"column":10},"end":{"line":811,"column":10}}]},"94":{"line":820,"type":"cond-expr","locations":[{"start":{"line":821,"column":6},"end":{"line":834,"column":7}},{"start":{"line":835,"column":6},"end":{"line":840,"column":7}}]},"95":{"line":820,"type":"binary-expr","locations":[{"start":{"line":820,"column":16},"end":{"line":820,"column":18}},{"start":{"line":820,"column":22},"end":{"line":820,"column":24}}]},"96":{"line":824,"type":"switch","locations":[{"start":{"line":825,"column":12},"end":{"line":827,"column":20}},{"start":{"line":828,"column":12},"end":{"line":830,"column":20}}]},"97":{"line":843,"type":"if","locations":[{"start":{"line":843,"column":2},"end":{"line":843,"column":2}},{"start":{"line":843,"column":2},"end":{"line":843,"column":2}}]},"98":{"line":853,"type":"cond-expr","locations":[{"start":{"line":854,"column":4},"end":{"line":857,"column":5}},{"start":{"line":858,"column":4},"end":{"line":858,"column":55}}]},"99":{"line":856,"type":"cond-expr","locations":[{"start":{"line":856,"column":54},"end":{"line":856,"column":58}},{"start":{"line":856,"column":61},"end":{"line":856,"column":70}}]},"100":{"line":856,"type":"binary-expr","locations":[{"start":{"line":856,"column":13},"end":{"line":856,"column":17}},{"start":{"line":856,"column":21},"end":{"line":856,"column":51}}]},"101":{"line":860,"type":"cond-expr","locations":[{"start":{"line":861,"column":4},"end":{"line":864,"column":5}},{"start":{"line":865,"column":4},"end":{"line":865,"column":59}}]},"102":{"line":863,"type":"cond-expr","locations":[{"start":{"line":863,"column":54},"end":{"line":863,"column":58}},{"start":{"line":863,"column":61},"end":{"line":863,"column":70}}]},"103":{"line":863,"type":"binary-expr","locations":[{"start":{"line":863,"column":13},"end":{"line":863,"column":17}},{"start":{"line":863,"column":21},"end":{"line":863,"column":51}}]},"104":{"line":884,"type":"cond-expr","locations":[{"start":{"line":885,"column":6},"end":{"line":895,"column":7}},{"start":{"line":896,"column":6},"end":{"line":898,"column":7}}]},"105":{"line":910,"type":"if","locations":[{"start":{"line":910,"column":4},"end":{"line":910,"column":4}},{"start":{"line":910,"column":4},"end":{"line":910,"column":4}}]},"106":{"line":927,"type":"switch","locations":[{"start":{"line":928,"column":6},"end":{"line":928,"column":24}},{"start":{"line":929,"column":6},"end":{"line":931,"column":14}},{"start":{"line":932,"column":6},"end":{"line":932,"column":21}},{"start":{"line":933,"column":6},"end":{"line":939,"column":14}},{"start":{"line":940,"column":6},"end":{"line":940,"column":26}},{"start":{"line":941,"column":6},"end":{"line":944,"column":14}}]},"107":{"line":969,"type":"if","locations":[{"start":{"line":969,"column":6},"end":{"line":969,"column":6}},{"start":{"line":969,"column":6},"end":{"line":969,"column":6}}]},"108":{"line":1011,"type":"if","locations":[{"start":{"line":1011,"column":4},"end":{"line":1011,"column":4}},{"start":{"line":1011,"column":4},"end":{"line":1011,"column":4}}]},"109":{"line":1013,"type":"binary-expr","locations":[{"start":{"line":1013,"column":16},"end":{"line":1013,"column":39}},{"start":{"line":1014,"column":16},"end":{"line":1014,"column":51}}]},"110":{"line":1015,"type":"if","locations":[{"start":{"line":1015,"column":4},"end":{"line":1015,"column":4}},{"start":{"line":1015,"column":4},"end":{"line":1015,"column":4}}]},"111":{"line":1035,"type":"cond-expr","locations":[{"start":{"line":1036,"column":8},"end":{"line":1036,"column":54}},{"start":{"line":1037,"column":8},"end":{"line":1037,"column":16}}]},"112":{"line":1042,"type":"if","locations":[{"start":{"line":1042,"column":6},"end":{"line":1042,"column":6}},{"start":{"line":1042,"column":6},"end":{"line":1042,"column":6}}]},"113":{"line":1044,"type":"if","locations":[{"start":{"line":1044,"column":8},"end":{"line":1044,"column":8}},{"start":{"line":1044,"column":8},"end":{"line":1044,"column":8}}]},"114":{"line":1052,"type":"cond-expr","locations":[{"start":{"line":1053,"column":6},"end":{"line":1079,"column":7}},{"start":{"line":1080,"column":6},"end":{"line":1089,"column":7}}]},"115":{"line":1055,"type":"if","locations":[{"start":{"line":1055,"column":8},"end":{"line":1055,"column":8}},{"start":{"line":1055,"column":8},"end":{"line":1055,"column":8}}]},"116":{"line":1056,"type":"if","locations":[{"start":{"line":1056,"column":8},"end":{"line":1056,"column":8}},{"start":{"line":1056,"column":8},"end":{"line":1056,"column":8}}]},"117":{"line":1060,"type":"if","locations":[{"start":{"line":1060,"column":12},"end":{"line":1060,"column":12}},{"start":{"line":1060,"column":12},"end":{"line":1060,"column":12}}]},"118":{"line":1061,"type":"if","locations":[{"start":{"line":1061,"column":14},"end":{"line":1061,"column":14}},{"start":{"line":1061,"column":14},"end":{"line":1061,"column":14}}]},"119":{"line":1070,"type":"if","locations":[{"start":{"line":1070,"column":16},"end":{"line":1070,"column":16}},{"start":{"line":1070,"column":16},"end":{"line":1070,"column":16}}]},"120":{"line":1081,"type":"if","locations":[{"start":{"line":1081,"column":8},"end":{"line":1081,"column":8}},{"start":{"line":1081,"column":8},"end":{"line":1081,"column":8}}]},"121":{"line":1082,"type":"if","locations":[{"start":{"line":1082,"column":8},"end":{"line":1082,"column":8}},{"start":{"line":1082,"column":8},"end":{"line":1082,"column":8}}]},"122":{"line":1097,"type":"if","locations":[{"start":{"line":1097,"column":4},"end":{"line":1097,"column":4}},{"start":{"line":1097,"column":4},"end":{"line":1097,"column":4}}]},"123":{"line":1099,"type":"binary-expr","locations":[{"start":{"line":1099,"column":13},"end":{"line":1099,"column":29}},{"start":{"line":1099,"column":33},"end":{"line":1099,"column":39}}]},"124":{"line":1101,"type":"if","locations":[{"start":{"line":1101,"column":4},"end":{"line":1101,"column":4}},{"start":{"line":1101,"column":4},"end":{"line":1101,"column":4}}]},"125":{"line":1105,"type":"binary-expr","locations":[{"start":{"line":1105,"column":11},"end":{"line":1105,"column":19}},{"start":{"line":1105,"column":24},"end":{"line":1105,"column":52}}]}}}}