{"/Users/agiammarchi/git/hyperHTML/index.c.js":{"path":"/Users/agiammarchi/git/hyperHTML/index.c.js","s":{"1":2,"2":2,"3":2,"4":2,"5":2,"6":2,"7":2,"8":2,"9":2,"10":2,"11":2,"12":2,"13":2,"14":2,"15":2,"16":2,"17":2,"18":2,"19":1,"20":12,"21":12,"22":12,"23":2,"24":1,"25":1,"26":110,"27":78,"28":2,"29":5,"30":297,"31":139,"32":2,"33":1,"34":1,"35":8,"36":37,"37":2,"38":1,"39":119,"40":2,"41":63,"42":1,"43":41,"44":1,"45":2,"46":2,"47":2,"48":6,"49":6,"50":2,"51":30,"52":6,"53":6,"54":24,"55":24,"56":2,"57":10,"58":10,"59":10,"60":2,"61":30,"62":30,"63":2,"64":24,"65":24,"66":24,"67":22,"68":24,"69":24,"70":24,"71":28,"72":24,"73":4,"74":24,"75":2,"76":6,"77":6,"78":102,"79":62,"80":2,"81":2,"82":2,"83":2,"84":2,"85":4,"86":2,"87":4,"88":16,"89":10,"90":10,"91":8,"92":2,"93":176,"94":2,"95":485,"96":2,"97":227,"98":2,"99":78,"100":2,"101":2,"102":2,"103":2,"104":2,"105":2,"106":2,"107":2,"108":2,"109":2,"110":2,"111":2,"112":2,"113":2,"114":2,"115":13,"116":100,"117":100,"118":175,"119":2,"120":2,"121":95,"122":2,"123":89,"124":2,"125":176,"126":2,"127":452,"128":452,"129":452,"130":452,"131":342,"132":452,"133":0,"134":2,"135":107,"136":110,"137":2,"138":2,"139":648,"140":2,"141":2,"142":1,"143":1,"144":331,"145":331,"146":1,"147":317,"148":2,"149":2,"150":85,"151":85,"152":85,"153":87,"154":87,"155":87,"156":1,"157":1,"158":1,"159":86,"160":86,"161":87,"162":2,"163":2,"164":2,"165":2,"166":2,"167":2,"168":2,"169":2,"170":2,"171":2,"172":2,"173":1,"174":16,"175":16,"176":16,"177":16,"178":2,"179":12,"180":12,"181":12,"182":2,"183":4,"184":4,"185":4,"186":2,"187":2,"188":2,"189":2,"190":2,"191":4,"192":2,"193":155,"194":155,"195":155,"196":8,"197":8,"198":58,"199":58,"200":58,"201":89,"202":89,"203":155,"204":138,"205":155,"206":2,"207":196,"208":2,"209":155,"210":223,"211":223,"212":301,"213":223,"214":2,"215":2,"216":8,"217":2,"218":2,"219":2,"220":2,"221":6,"222":2,"223":8,"224":8,"225":36,"226":22,"227":18,"228":10,"229":8,"230":6,"231":6,"232":4,"233":8,"234":2,"235":6,"236":18,"237":18,"238":18,"239":18,"240":18,"241":18,"242":4,"243":14,"244":18,"245":18,"246":14,"247":14,"248":14,"249":4,"250":10,"251":18,"252":2,"253":2,"254":2,"255":2,"256":4,"257":4,"258":4,"259":4,"260":2,"261":517,"262":2,"263":30,"264":30,"265":30,"266":30,"267":2,"268":297,"269":297,"270":297,"271":297,"272":297,"273":297,"274":297,"275":297,"276":297,"277":297,"278":587,"279":40,"280":547,"281":3,"282":544,"283":22,"284":522,"285":5,"286":517,"287":215,"288":215,"289":302,"290":88,"291":88,"292":214,"293":65,"294":65,"295":65,"296":149,"297":21,"298":21,"299":21,"300":128,"301":128,"302":89,"303":89,"304":39,"305":39,"306":39,"307":58,"308":58,"309":39,"310":12,"311":11,"312":1,"313":12,"314":12,"315":12,"316":12,"317":27,"318":27,"319":27,"320":27,"321":297,"322":254,"323":156,"324":156,"325":156,"326":113,"327":43,"328":43,"329":116,"330":43,"331":98,"332":2,"333":98,"334":69,"335":29,"336":297,"337":2,"338":1,"339":2,"340":2,"341":2,"342":2,"343":526,"344":2,"345":82,"346":2,"347":217,"348":217,"349":217,"350":223,"351":223,"352":223,"353":111,"354":111,"355":104,"356":104,"357":8,"358":8,"359":8,"360":217,"361":2,"362":355,"363":355,"364":355,"365":508,"366":508,"367":201,"368":201,"369":201,"370":70,"371":66,"372":66,"373":70,"374":237,"375":0,"376":0,"377":237,"378":2,"379":201,"380":201,"381":201,"382":201,"383":201,"384":201,"385":141,"386":141,"387":89,"388":89,"389":89,"390":89,"391":89,"392":89,"393":201,"394":201,"395":89,"396":89,"397":2,"398":87,"399":201,"400":201,"401":2,"402":2,"403":2,"404":2,"405":2,"406":2,"407":12,"408":12,"409":2,"410":10,"411":2,"412":8,"413":2,"414":6,"415":2,"416":129,"417":2,"418":111,"419":111,"420":111,"421":282,"422":104,"423":30,"424":10,"425":10,"426":74,"427":74,"428":74,"429":104,"430":178,"431":8,"432":8,"433":8,"434":170,"435":170,"436":170,"437":88,"438":9,"439":4,"440":79,"441":18,"442":18,"443":61,"444":8,"445":61,"446":4,"447":4,"448":57,"449":57,"450":82,"451":28,"452":54,"453":4,"454":50,"455":10,"456":40,"457":4,"458":36,"459":4,"460":32,"461":22,"462":10,"463":2,"464":8,"465":170,"466":111,"467":2,"468":104,"469":104,"470":104,"471":8,"472":96,"473":38,"474":38,"475":16,"476":2,"477":2,"478":16,"479":22,"480":20,"481":38,"482":56,"483":42,"484":4,"485":42,"486":42,"487":40,"488":58,"489":16,"490":30,"491":28,"492":28,"493":26,"494":26,"495":4,"496":42,"497":42,"498":42,"499":82,"500":58,"501":58,"502":54,"503":4,"504":2,"505":2,"506":4,"507":50,"508":50,"509":44,"510":44,"511":2,"512":8,"513":8,"514":54,"515":38,"516":38,"517":14,"518":2,"519":12,"520":2,"521":10,"522":2,"523":8,"524":2,"525":6,"526":2,"527":4,"528":2,"529":2,"530":24,"531":8,"532":2,"533":2,"534":1,"535":2,"536":24,"537":24,"538":24,"539":18,"540":18,"541":15,"542":2,"543":103,"544":18,"545":103,"546":103,"547":103,"548":88,"549":2,"550":2,"551":6,"552":6,"553":6,"554":6,"555":6,"556":1,"557":6,"558":1,"559":6,"560":2,"561":2,"562":1,"563":422,"564":422,"565":205,"566":217,"567":422,"568":1,"569":217,"570":217,"571":217,"572":217,"573":217,"574":217,"575":217,"576":217,"577":1,"578":422,"579":422,"580":460,"581":1,"582":154,"583":154,"584":154,"585":154,"586":154,"587":154,"588":154,"589":2,"590":2,"591":48,"592":2,"593":2,"594":94,"595":2,"596":114,"597":114,"598":190,"599":190,"600":190,"601":122,"602":122,"603":122,"604":122,"605":190,"606":190,"607":122,"608":10,"609":122,"610":190,"611":2,"612":50,"613":50,"614":50,"615":50,"616":12,"617":12,"618":50,"619":24,"620":50,"621":2,"622":122,"623":122,"624":122,"625":122,"626":240,"627":240,"628":136,"629":122,"630":2,"631":195,"632":2,"633":2,"634":2,"635":2,"636":2,"637":2,"638":2,"639":2,"640":1,"641":20,"642":2,"643":2},"b":{"1":[2,1],"2":[2,1],"3":[2,1],"4":[2,1],"5":[2,1],"6":[6,6,24],"7":[6,2],"8":[6,6],"9":[24,9],"10":[24,13],"11":[30,10],"12":[18,12],"13":[24,22,22],"14":[2,22],"15":[4,20],"16":[102,58],"17":[2,2],"18":[8,2],"19":[485,126],"20":[1,1],"21":[89,66],"22":[89,66],"23":[4,172],"24":[1,1],"25":[452,0],"26":[1,1],"27":[1,1],"28":[2,2,1],"29":[2,1],"30":[331,78],"31":[1,1],"32":[1,86],"33":[1,1],"34":[2,2],"35":[8,8,58,89],"36":[2,6],"37":[22,18],"38":[18,4],"39":[10,8],"40":[8,2],"41":[6,2],"42":[4,2],"43":[2,6],"44":[4,14],"45":[12,6],"46":[18,16],"47":[4,14],"48":[14,4],"49":[4,10],"50":[4,2],"51":[10,4],"52":[297,102],"53":[53,244],"54":[884,685],"55":[40,547],"56":[3,544],"57":[22,522],"58":[5,517],"59":[215,302],"60":[88,214],"61":[65,149],"62":[21,128],"63":[89,39],"64":[97,90,87],"65":[12,27],"66":[11,1],"67":[254,43],"68":[297,199],"69":[156,98],"70":[145,11],"71":[113,43],"72":[2,96],"73":[69,29],"74":[492,34],"75":[12,22],"76":[0,12],"77":[0,0],"78":[12,0],"79":[82,64,60],"80":[111,104,8],"81":[201,70,237],"82":[66,4],"83":[8,58],"84":[0,237],"85":[237,4],"86":[89,52],"87":[89,0],"88":[89,0],"89":[2,87],"90":[2,199],"91":[2,10],"92":[2,8],"93":[2,6],"94":[129,129],"95":[92,102,104,172,178,170],"96":[30,74],"97":[10,20],"98":[8,170],"99":[88,82],"100":[9,79],"101":[4,5],"102":[10,18,18,61,57],"103":[8,53],"104":[4,57],"105":[28,54],"106":[8,20],"107":[4,50],"108":[10,40],"109":[4,36],"110":[4,32],"111":[22,10],"112":[2,8],"113":[8,96],"114":[38,58],"115":[16,22],"116":[38,30],"117":[2,14],"118":[20,2],"119":[42,14],"120":[4,38],"121":[40,2],"122":[16,42],"123":[58,52,52],"124":[28,2],"125":[26,2],"126":[4,22],"127":[58,24],"128":[54,4],"129":[4,50],"130":[2,2],"131":[44,6],"132":[38,16],"133":[14,24],"134":[38,16],"135":[2,12],"136":[2,10],"137":[2,8],"138":[2,6],"139":[2,4],"140":[2,2],"141":[4,20],"142":[15,3],"143":[18,85],"144":[205,217],"145":[422,241],"146":[217,154],"147":[20,28],"148":[48,46],"149":[48,42],"150":[46,34],"151":[122,68],"152":[10,112],"153":[122,68],"154":[10,112],"155":[12,38],"156":[12,12],"157":[24,26],"158":[50,26],"159":[136,104],"160":[240,118],"161":[106,16],"162":[14,6],"163":[2,12],"164":[2,10],"165":[2,8],"166":[4,4],"167":[2,4]},"f":{"1":2,"2":12,"3":1,"4":110,"5":78,"6":5,"7":297,"8":139,"9":1,"10":8,"11":37,"12":1,"13":119,"14":63,"15":41,"16":2,"17":6,"18":30,"19":10,"20":30,"21":24,"22":24,"23":22,"24":24,"25":6,"26":102,"27":62,"28":4,"29":16,"30":176,"31":485,"32":227,"33":78,"34":13,"35":100,"36":95,"37":89,"38":176,"39":452,"40":0,"41":107,"42":110,"43":648,"44":2,"45":331,"46":317,"47":85,"48":87,"49":2,"50":2,"51":16,"52":12,"53":4,"54":155,"55":196,"56":155,"57":223,"58":8,"59":8,"60":36,"61":2,"62":4,"63":517,"64":30,"65":297,"66":201,"67":2,"68":526,"69":82,"70":217,"71":355,"72":201,"73":12,"74":129,"75":111,"76":282,"77":104,"78":56,"79":30,"80":82,"81":8,"82":54,"83":2,"84":24,"85":103,"86":6,"87":6,"88":6,"89":422,"90":217,"91":422,"92":154,"93":48,"94":94,"95":114,"96":190,"97":50,"98":122,"99":195,"100":20},"fnMap":{"1":{"name":"(anonymous_1)","line":1,"loc":{"start":{"line":1,"column":17},"end":{"line":1,"column":35}}},"2":{"name":"Event","line":41,"loc":{"start":{"line":41,"column":12},"end":{"line":41,"column":33}}},"3":{"name":"Map","line":49,"loc":{"start":{"line":49,"column":21},"end":{"line":49,"column":36}}},"4":{"name":"get","line":53,"loc":{"start":{"line":53,"column":11},"end":{"line":53,"column":29}}},"5":{"name":"set","line":56,"loc":{"start":{"line":56,"column":11},"end":{"line":56,"column":36}}},"6":{"name":"WeakMap","line":63,"loc":{"start":{"line":63,"column":29},"end":{"line":63,"column":48}}},"7":{"name":"get","line":65,"loc":{"start":{"line":65,"column":11},"end":{"line":65,"column":29}}},"8":{"name":"set","line":68,"loc":{"start":{"line":68,"column":11},"end":{"line":68,"column":36}}},"9":{"name":"WeakSet","line":78,"loc":{"start":{"line":78,"column":29},"end":{"line":78,"column":48}}},"10":{"name":"add","line":81,"loc":{"start":{"line":81,"column":11},"end":{"line":81,"column":29}}},"11":{"name":"has","line":84,"loc":{"start":{"line":84,"column":11},"end":{"line":84,"column":29}}},"12":{"name":"(anonymous_12)","line":91,"loc":{"start":{"line":91,"column":33},"end":{"line":91,"column":53}}},"13":{"name":"(anonymous_13)","line":92,"loc":{"start":{"line":92,"column":11},"end":{"line":92,"column":26}}},"14":{"name":"(anonymous_14)","line":97,"loc":{"start":{"line":97,"column":25},"end":{"line":97,"column":37}}},"15":{"name":"Component","line":109,"loc":{"start":{"line":109,"column":2},"end":{"line":109,"column":23}}},"16":{"name":"setup","line":115,"loc":{"start":{"line":115,"column":2},"end":{"line":115,"column":26}}},"17":{"name":"createEntry","line":120,"loc":{"start":{"line":120,"column":22},"end":{"line":120,"column":62}}},"18":{"name":"get","line":124,"loc":{"start":{"line":124,"column":14},"end":{"line":124,"column":53}}},"19":{"name":"set","line":135,"loc":{"start":{"line":135,"column":14},"end":{"line":135,"column":36}}},"20":{"name":"value","line":148,"loc":{"start":{"line":148,"column":15},"end":{"line":148,"column":43}}},"21":{"name":"value","line":157,"loc":{"start":{"line":157,"column":15},"end":{"line":157,"column":33}}},"22":{"name":"(anonymous_22)","line":171,"loc":{"start":{"line":171,"column":33},"end":{"line":171,"column":45}}},"23":{"name":"get","line":176,"loc":{"start":{"line":176,"column":13},"end":{"line":176,"column":28}}},"24":{"name":"value","line":184,"loc":{"start":{"line":184,"column":15},"end":{"line":184,"column":45}}},"25":{"name":"lazyGetter","line":200,"loc":{"start":{"line":200,"column":19},"end":{"line":200,"column":49}}},"26":{"name":"get","line":203,"loc":{"start":{"line":203,"column":11},"end":{"line":203,"column":26}}},"27":{"name":"set","line":206,"loc":{"start":{"line":206,"column":11},"end":{"line":206,"column":31}}},"28":{"name":"define","line":225,"loc":{"start":{"line":225,"column":12},"end":{"line":225,"column":46}}},"29":{"name":"invoke","line":234,"loc":{"start":{"line":234,"column":12},"end":{"line":234,"column":46}}},"30":{"name":"create","line":245,"loc":{"start":{"line":245,"column":15},"end":{"line":245,"column":43}}},"31":{"name":"doc","line":248,"loc":{"start":{"line":248,"column":12},"end":{"line":248,"column":31}}},"32":{"name":"fragment","line":251,"loc":{"start":{"line":251,"column":17},"end":{"line":251,"column":41}}},"33":{"name":"text","line":254,"loc":{"start":{"line":254,"column":13},"end":{"line":254,"column":40}}},"34":{"name":"(anonymous_34)","line":294,"loc":{"start":{"line":294,"column":27},"end":{"line":294,"column":55}}},"35":{"name":"(anonymous_35)","line":296,"loc":{"start":{"line":296,"column":6},"end":{"line":296,"column":34}}},"36":{"name":"comments","line":304,"loc":{"start":{"line":304,"column":17},"end":{"line":304,"column":51}}},"37":{"name":"replaceAttributes","line":307,"loc":{"start":{"line":307,"column":26},"end":{"line":307,"column":65}}},"38":{"name":"createFragment","line":314,"loc":{"start":{"line":314,"column":23},"end":{"line":314,"column":59}}},"39":{"name":"(anonymous_39)","line":322,"loc":{"start":{"line":322,"column":39},"end":{"line":322,"column":55}}},"40":{"name":"(anonymous_40)","line":346,"loc":{"start":{"line":346,"column":2},"end":{"line":346,"column":18}},"skip":true},"41":{"name":"(anonymous_41)","line":351,"loc":{"start":{"line":351,"column":35},"end":{"line":351,"column":59}}},"42":{"name":"(anonymous_42)","line":353,"loc":{"start":{"line":353,"column":6},"end":{"line":353,"column":30}}},"43":{"name":"unique","line":370,"loc":{"start":{"line":370,"column":15},"end":{"line":370,"column":41}}},"44":{"name":"TL","line":377,"loc":{"start":{"line":377,"column":12},"end":{"line":377,"column":34}}},"45":{"name":"TL","line":386,"loc":{"start":{"line":386,"column":12},"end":{"line":386,"column":34}}},"46":{"name":"TL","line":392,"loc":{"start":{"line":392,"column":12},"end":{"line":392,"column":34}}},"47":{"name":"(anonymous_47)","line":402,"loc":{"start":{"line":402,"column":34},"end":{"line":402,"column":56}}},"48":{"name":"(anonymous_48)","line":406,"loc":{"start":{"line":406,"column":6},"end":{"line":406,"column":28}}},"49":{"name":"(anonymous_49)","line":422,"loc":{"start":{"line":422,"column":33},"end":{"line":422,"column":55}}},"50":{"name":"(anonymous_50)","line":428,"loc":{"start":{"line":428,"column":6},"end":{"line":428,"column":28}}},"51":{"name":"Wire","line":436,"loc":{"start":{"line":436,"column":2},"end":{"line":436,"column":28}}},"52":{"name":"insert","line":444,"loc":{"start":{"line":444,"column":26},"end":{"line":444,"column":44}}},"53":{"name":"remove","line":451,"loc":{"start":{"line":451,"column":26},"end":{"line":451,"column":44}}},"54":{"name":"createPath","line":476,"loc":{"start":{"line":476,"column":19},"end":{"line":476,"column":45}}},"55":{"name":"prepend","line":498,"loc":{"start":{"line":498,"column":16},"end":{"line":498,"column":53}}},"56":{"name":"create","line":503,"loc":{"start":{"line":503,"column":12},"end":{"line":503,"column":46}}},"57":{"name":"find","line":506,"loc":{"start":{"line":506,"column":10},"end":{"line":506,"column":36}}},"58":{"name":"(anonymous_58)","line":520,"loc":{"start":{"line":520,"column":15},"end":{"line":520,"column":48}}},"59":{"name":"update","line":533,"loc":{"start":{"line":533,"column":15},"end":{"line":533,"column":45}}},"60":{"name":"(anonymous_60)","line":536,"loc":{"start":{"line":536,"column":11},"end":{"line":536,"column":31}}},"61":{"name":"ized","line":574,"loc":{"start":{"line":574,"column":13},"end":{"line":574,"column":39}}},"62":{"name":"toStyle","line":577,"loc":{"start":{"line":577,"column":16},"end":{"line":577,"column":41}}},"63":{"name":"identity","line":594,"loc":{"start":{"line":594,"column":17},"end":{"line":594,"column":38}}},"64":{"name":"remove","line":598,"loc":{"start":{"line":598,"column":15},"end":{"line":598,"column":58}}},"65":{"name":"domdiff","line":605,"loc":{"start":{"line":605,"column":16},"end":{"line":610,"column":4}}},"66":{"name":"Cache","line":708,"loc":{"start":{"line":708,"column":2},"end":{"line":708,"column":19}}},"67":{"name":"asHTML","line":712,"loc":{"start":{"line":712,"column":15},"end":{"line":712,"column":37}}},"68":{"name":"asNode","line":717,"loc":{"start":{"line":717,"column":15},"end":{"line":717,"column":40}}},"69":{"name":"canDiff","line":727,"loc":{"start":{"line":727,"column":16},"end":{"line":727,"column":40}}},"70":{"name":"create$$1","line":738,"loc":{"start":{"line":738,"column":17},"end":{"line":738,"column":49}}},"71":{"name":"find","line":768,"loc":{"start":{"line":768,"column":13},"end":{"line":768,"column":47}}},"72":{"name":"findAttributes","line":812,"loc":{"start":{"line":812,"column":25},"end":{"line":812,"column":69}}},"73":{"name":"invokeAtDistance","line":872,"loc":{"start":{"line":872,"column":25},"end":{"line":872,"column":68}}},"74":{"name":"isPromise_ish","line":886,"loc":{"start":{"line":886,"column":22},"end":{"line":886,"column":52}}},"75":{"name":"setAnyContent","line":899,"loc":{"start":{"line":899,"column":22},"end":{"line":899,"column":63}}},"76":{"name":"anyContent","line":902,"loc":{"start":{"line":902,"column":21},"end":{"line":902,"column":48}}},"77":{"name":"setAttribute","line":983,"loc":{"start":{"line":983,"column":21},"end":{"line":983,"column":65}}},"78":{"name":"(anonymous_78)","line":1004,"loc":{"start":{"line":1004,"column":15},"end":{"line":1004,"column":35}}},"79":{"name":"(anonymous_79)","line":1016,"loc":{"start":{"line":1016,"column":17},"end":{"line":1016,"column":37}}},"80":{"name":"(anonymous_80)","line":1033,"loc":{"start":{"line":1033,"column":19},"end":{"line":1033,"column":39}}},"81":{"name":"setTextContent","line":1060,"loc":{"start":{"line":1060,"column":23},"end":{"line":1060,"column":53}}},"82":{"name":"textContent","line":1062,"loc":{"start":{"line":1062,"column":22},"end":{"line":1062,"column":50}}},"83":{"name":"observe","line":1096,"loc":{"start":{"line":1096,"column":2},"end":{"line":1096,"column":21}}},"84":{"name":"dispatchAll","line":1104,"loc":{"start":{"line":1104,"column":22},"end":{"line":1104,"column":56}}},"85":{"name":"dispatchTarget","line":1117,"loc":{"start":{"line":1117,"column":25},"end":{"line":1117,"column":62}}},"86":{"name":"(anonymous_86)","line":1133,"loc":{"start":{"line":1133,"column":27},"end":{"line":1133,"column":46}}},"87":{"name":"(anonymous_87)","line":1142,"loc":{"start":{"line":1142,"column":50},"end":{"line":1142,"column":67}}},"88":{"name":"(anonymous_88)","line":1145,"loc":{"start":{"line":1145,"column":51},"end":{"line":1145,"column":68}}},"89":{"name":"render","line":1164,"loc":{"start":{"line":1164,"column":2},"end":{"line":1164,"column":28}}},"90":{"name":"upgrade","line":1178,"loc":{"start":{"line":1178,"column":2},"end":{"line":1178,"column":29}}},"91":{"name":"update$1","line":1190,"loc":{"start":{"line":1190,"column":2},"end":{"line":1190,"column":22}}},"92":{"name":"createTemplate","line":1201,"loc":{"start":{"line":1201,"column":2},"end":{"line":1201,"column":36}}},"93":{"name":"SC_PLACE","line":1214,"loc":{"start":{"line":1214,"column":17},"end":{"line":1214,"column":47}}},"94":{"name":"wire","line":1230,"loc":{"start":{"line":1230,"column":13},"end":{"line":1230,"column":38}}},"95":{"name":"content","line":1240,"loc":{"start":{"line":1240,"column":16},"end":{"line":1240,"column":39}}},"96":{"name":"(anonymous_96)","line":1246,"loc":{"start":{"line":1246,"column":11},"end":{"line":1246,"column":30}}},"97":{"name":"weakly","line":1269,"loc":{"start":{"line":1269,"column":15},"end":{"line":1269,"column":42}}},"98":{"name":"wireContent","line":1291,"loc":{"start":{"line":1291,"column":20},"end":{"line":1291,"column":47}}},"99":{"name":"bind","line":1310,"loc":{"start":{"line":1310,"column":13},"end":{"line":1310,"column":36}}},"100":{"name":"hyper","line":1329,"loc":{"start":{"line":1329,"column":2},"end":{"line":1329,"column":23}}}},"statementMap":{"1":{"start":{"line":1,"column":0},"end":{"line":1343,"column":11}},"2":{"start":{"line":4,"column":2},"end":{"line":4,"column":31}},"3":{"start":{"line":9,"column":2},"end":{"line":9,"column":23}},"4":{"start":{"line":10,"column":2},"end":{"line":10,"column":20}},"5":{"start":{"line":11,"column":2},"end":{"line":11,"column":23}},"6":{"start":{"line":12,"column":2},"end":{"line":12,"column":34}},"7":{"start":{"line":15,"column":2},"end":{"line":15,"column":112}},"8":{"start":{"line":18,"column":2},"end":{"line":18,"column":44}},"9":{"start":{"line":19,"column":2},"end":{"line":19,"column":51}},"10":{"start":{"line":22,"column":2},"end":{"line":22,"column":30}},"11":{"start":{"line":23,"column":2},"end":{"line":23,"column":39}},"12":{"start":{"line":26,"column":2},"end":{"line":26,"column":27}},"13":{"start":{"line":27,"column":2},"end":{"line":27,"column":52}},"14":{"start":{"line":28,"column":2},"end":{"line":28,"column":61}},"15":{"start":{"line":29,"column":2},"end":{"line":29,"column":34}},"16":{"start":{"line":37,"column":2},"end":{"line":37,"column":22}},"17":{"start":{"line":38,"column":2},"end":{"line":46,"column":3}},"18":{"start":{"line":39,"column":4},"end":{"line":39,"column":23}},"19":{"start":{"line":41,"column":4},"end":{"line":45,"column":6}},"20":{"start":{"line":42,"column":6},"end":{"line":42,"column":44}},"21":{"start":{"line":43,"column":6},"end":{"line":43,"column":38}},"22":{"start":{"line":44,"column":6},"end":{"line":44,"column":15}},"23":{"start":{"line":49,"column":2},"end":{"line":60,"column":4}},"24":{"start":{"line":50,"column":4},"end":{"line":51,"column":20}},"25":{"start":{"line":52,"column":4},"end":{"line":59,"column":6}},"26":{"start":{"line":54,"column":8},"end":{"line":54,"column":41}},"27":{"start":{"line":57,"column":8},"end":{"line":57,"column":43}},"28":{"start":{"line":63,"column":2},"end":{"line":75,"column":4}},"29":{"start":{"line":64,"column":4},"end":{"line":74,"column":6}},"30":{"start":{"line":66,"column":8},"end":{"line":66,"column":24}},"31":{"start":{"line":69,"column":8},"end":{"line":72,"column":11}},"32":{"start":{"line":78,"column":2},"end":{"line":88,"column":4}},"33":{"start":{"line":79,"column":4},"end":{"line":79,"column":27}},"34":{"start":{"line":80,"column":4},"end":{"line":87,"column":6}},"35":{"start":{"line":82,"column":8},"end":{"line":82,"column":26}},"36":{"start":{"line":85,"column":8},"end":{"line":85,"column":36}},"37":{"start":{"line":91,"column":2},"end":{"line":95,"column":17}},"38":{"start":{"line":92,"column":4},"end":{"line":94,"column":6}},"39":{"start":{"line":93,"column":6},"end":{"line":93,"column":53}},"40":{"start":{"line":97,"column":2},"end":{"line":99,"column":4}},"41":{"start":{"line":98,"column":4},"end":{"line":98,"column":42}},"42":{"start":{"line":109,"column":2},"end":{"line":111,"column":3}},"43":{"start":{"line":110,"column":4},"end":{"line":110,"column":16}},"44":{"start":{"line":115,"column":2},"end":{"line":194,"column":3}},"45":{"start":{"line":118,"column":4},"end":{"line":118,"column":33}},"46":{"start":{"line":119,"column":4},"end":{"line":119,"column":31}},"47":{"start":{"line":120,"column":4},"end":{"line":123,"column":6}},"48":{"start":{"line":121,"column":6},"end":{"line":121,"column":28}},"49":{"start":{"line":122,"column":6},"end":{"line":122,"column":23}},"50":{"start":{"line":124,"column":4},"end":{"line":134,"column":6}},"51":{"start":{"line":125,"column":6},"end":{"line":133,"column":7}},"52":{"start":{"line":128,"column":10},"end":{"line":128,"column":54}},"53":{"start":{"line":129,"column":10},"end":{"line":129,"column":71}},"54":{"start":{"line":131,"column":10},"end":{"line":131,"column":53}},"55":{"start":{"line":132,"column":10},"end":{"line":132,"column":57}},"56":{"start":{"line":135,"column":4},"end":{"line":139,"column":6}},"57":{"start":{"line":136,"column":6},"end":{"line":136,"column":38}},"58":{"start":{"line":137,"column":6},"end":{"line":137,"column":34}},"59":{"start":{"line":138,"column":6},"end":{"line":138,"column":18}},"60":{"start":{"line":141,"column":4},"end":{"line":153,"column":7}},"61":{"start":{"line":149,"column":10},"end":{"line":149,"column":59}},"62":{"start":{"line":150,"column":10},"end":{"line":150,"column":71}},"63":{"start":{"line":154,"column":4},"end":{"line":193,"column":7}},"64":{"start":{"line":158,"column":10},"end":{"line":158,"column":35}},"65":{"start":{"line":159,"column":10},"end":{"line":159,"column":89}},"66":{"start":{"line":172,"column":8},"end":{"line":172,"column":33}},"67":{"start":{"line":177,"column":10},"end":{"line":177,"column":20}},"68":{"start":{"line":185,"column":10},"end":{"line":185,"column":34}},"69":{"start":{"line":186,"column":10},"end":{"line":186,"column":86}},"70":{"start":{"line":187,"column":10},"end":{"line":189,"column":11}},"71":{"start":{"line":188,"column":12},"end":{"line":188,"column":38}},"72":{"start":{"line":189,"column":11},"end":{"line":189,"column":47}},"73":{"start":{"line":189,"column":33},"end":{"line":189,"column":47}},"74":{"start":{"line":190,"column":10},"end":{"line":190,"column":22}},"75":{"start":{"line":200,"column":2},"end":{"line":210,"column":4}},"76":{"start":{"line":201,"column":4},"end":{"line":201,"column":34}},"77":{"start":{"line":202,"column":4},"end":{"line":209,"column":6}},"78":{"start":{"line":204,"column":8},"end":{"line":204,"column":66}},"79":{"start":{"line":207,"column":8},"end":{"line":207,"column":82}},"80":{"start":{"line":212,"column":2},"end":{"line":212,"column":19}},"81":{"start":{"line":213,"column":2},"end":{"line":213,"column":16}},"82":{"start":{"line":214,"column":2},"end":{"line":214,"column":46}},"83":{"start":{"line":216,"column":2},"end":{"line":216,"column":17}},"84":{"start":{"line":218,"column":2},"end":{"line":242,"column":4}},"85":{"start":{"line":226,"column":6},"end":{"line":228,"column":7}},"86":{"start":{"line":227,"column":8},"end":{"line":227,"column":35}},"87":{"start":{"line":229,"column":6},"end":{"line":229,"column":33}},"88":{"start":{"line":235,"column":6},"end":{"line":240,"column":7}},"89":{"start":{"line":236,"column":8},"end":{"line":236,"column":26}},"90":{"start":{"line":237,"column":8},"end":{"line":239,"column":9}},"91":{"start":{"line":238,"column":10},"end":{"line":238,"column":53}},"92":{"start":{"line":245,"column":2},"end":{"line":247,"column":4}},"93":{"start":{"line":246,"column":4},"end":{"line":246,"column":41}},"94":{"start":{"line":248,"column":2},"end":{"line":250,"column":4}},"95":{"start":{"line":249,"column":4},"end":{"line":249,"column":38}},"96":{"start":{"line":251,"column":2},"end":{"line":253,"column":4}},"97":{"start":{"line":252,"column":4},"end":{"line":252,"column":46}},"98":{"start":{"line":254,"column":2},"end":{"line":256,"column":4}},"99":{"start":{"line":255,"column":4},"end":{"line":255,"column":43}},"100":{"start":{"line":261,"column":2},"end":{"line":261,"column":31}},"101":{"start":{"line":262,"column":2},"end":{"line":262,"column":55}},"102":{"start":{"line":263,"column":2},"end":{"line":263,"column":57}},"103":{"start":{"line":264,"column":2},"end":{"line":264,"column":50}},"104":{"start":{"line":265,"column":2},"end":{"line":265,"column":89}},"105":{"start":{"line":267,"column":2},"end":{"line":267,"column":100}},"106":{"start":{"line":269,"column":2},"end":{"line":269,"column":100}},"107":{"start":{"line":271,"column":2},"end":{"line":271,"column":40}},"108":{"start":{"line":274,"column":2},"end":{"line":274,"column":43}},"109":{"start":{"line":277,"column":2},"end":{"line":277,"column":61}},"110":{"start":{"line":280,"column":2},"end":{"line":280,"column":52}},"111":{"start":{"line":281,"column":2},"end":{"line":281,"column":51}},"112":{"start":{"line":282,"column":2},"end":{"line":282,"column":80}},"113":{"start":{"line":288,"column":2},"end":{"line":288,"column":47}},"114":{"start":{"line":294,"column":2},"end":{"line":301,"column":4}},"115":{"start":{"line":295,"column":4},"end":{"line":295,"column":40}},"116":{"start":{"line":297,"column":4},"end":{"line":297,"column":35}},"117":{"start":{"line":298,"column":4},"end":{"line":300,"column":5}},"118":{"start":{"line":299,"column":6},"end":{"line":299,"column":38}},"119":{"start":{"line":303,"column":2},"end":{"line":303,"column":86}},"120":{"start":{"line":304,"column":2},"end":{"line":306,"column":4}},"121":{"start":{"line":305,"column":4},"end":{"line":305,"column":73}},"122":{"start":{"line":307,"column":2},"end":{"line":309,"column":4}},"123":{"start":{"line":308,"column":4},"end":{"line":308,"column":48}},"124":{"start":{"line":314,"column":2},"end":{"line":316,"column":4}},"125":{"start":{"line":315,"column":4},"end":{"line":315,"column":110}},"126":{"start":{"line":322,"column":2},"end":{"line":348,"column":4}},"127":{"start":{"line":323,"column":4},"end":{"line":323,"column":33}},"128":{"start":{"line":324,"column":4},"end":{"line":332,"column":7}},"129":{"start":{"line":333,"column":4},"end":{"line":333,"column":35}},"130":{"start":{"line":334,"column":4},"end":{"line":336,"column":5}},"131":{"start":{"line":335,"column":6},"end":{"line":335,"column":50}},"132":{"start":{"line":337,"column":4},"end":{"line":337,"column":17}},"133":{"start":{"line":347,"column":4},"end":{"line":347,"column":32},"skip":true},"134":{"start":{"line":351,"column":2},"end":{"line":355,"column":4}},"135":{"start":{"line":352,"column":4},"end":{"line":352,"column":41}},"136":{"start":{"line":354,"column":4},"end":{"line":354,"column":27}},"137":{"start":{"line":359,"column":2},"end":{"line":359,"column":23}},"138":{"start":{"line":370,"column":2},"end":{"line":372,"column":4}},"139":{"start":{"line":371,"column":4},"end":{"line":371,"column":25}},"140":{"start":{"line":377,"column":2},"end":{"line":397,"column":4}},"141":{"start":{"line":378,"column":4},"end":{"line":395,"column":5}},"142":{"start":{"line":384,"column":6},"end":{"line":384,"column":31}},"143":{"start":{"line":386,"column":6},"end":{"line":389,"column":8}},"144":{"start":{"line":387,"column":8},"end":{"line":387,"column":43}},"145":{"start":{"line":388,"column":8},"end":{"line":388,"column":73}},"146":{"start":{"line":392,"column":6},"end":{"line":394,"column":8}},"147":{"start":{"line":393,"column":8},"end":{"line":393,"column":24}},"148":{"start":{"line":396,"column":4},"end":{"line":396,"column":25}},"149":{"start":{"line":402,"column":2},"end":{"line":418,"column":4}},"150":{"start":{"line":403,"column":4},"end":{"line":403,"column":45}},"151":{"start":{"line":404,"column":4},"end":{"line":404,"column":31}},"152":{"start":{"line":405,"column":4},"end":{"line":405,"column":29}},"153":{"start":{"line":407,"column":4},"end":{"line":407,"column":45}},"154":{"start":{"line":408,"column":4},"end":{"line":408,"column":33}},"155":{"start":{"line":409,"column":4},"end":{"line":416,"column":5}},"156":{"start":{"line":410,"column":6},"end":{"line":410,"column":31}},"157":{"start":{"line":411,"column":6},"end":{"line":411,"column":58}},"158":{"start":{"line":412,"column":6},"end":{"line":412,"column":72}},"159":{"start":{"line":414,"column":6},"end":{"line":414,"column":33}},"160":{"start":{"line":415,"column":6},"end":{"line":415,"column":56}},"161":{"start":{"line":417,"column":4},"end":{"line":417,"column":19}},"162":{"start":{"line":422,"column":2},"end":{"line":434,"column":4}},"163":{"start":{"line":423,"column":4},"end":{"line":423,"column":33}},"164":{"start":{"line":424,"column":4},"end":{"line":424,"column":68}},"165":{"start":{"line":425,"column":4},"end":{"line":425,"column":31}},"166":{"start":{"line":426,"column":4},"end":{"line":426,"column":54}},"167":{"start":{"line":427,"column":4},"end":{"line":427,"column":19}},"168":{"start":{"line":429,"column":4},"end":{"line":429,"column":33}},"169":{"start":{"line":430,"column":4},"end":{"line":430,"column":40}},"170":{"start":{"line":431,"column":4},"end":{"line":431,"column":82}},"171":{"start":{"line":432,"column":4},"end":{"line":432,"column":65}},"172":{"start":{"line":433,"column":4},"end":{"line":433,"column":19}},"173":{"start":{"line":436,"column":2},"end":{"line":441,"column":3}},"174":{"start":{"line":437,"column":4},"end":{"line":437,"column":33}},"175":{"start":{"line":438,"column":4},"end":{"line":438,"column":36}},"176":{"start":{"line":439,"column":4},"end":{"line":439,"column":31}},"177":{"start":{"line":440,"column":4},"end":{"line":440,"column":44}},"178":{"start":{"line":444,"column":2},"end":{"line":448,"column":4}},"179":{"start":{"line":445,"column":4},"end":{"line":445,"column":34}},"180":{"start":{"line":446,"column":4},"end":{"line":446,"column":32}},"181":{"start":{"line":447,"column":4},"end":{"line":447,"column":14}},"182":{"start":{"line":451,"column":2},"end":{"line":463,"column":4}},"183":{"start":{"line":452,"column":4},"end":{"line":452,"column":27}},"184":{"start":{"line":453,"column":4},"end":{"line":453,"column":25}},"185":{"start":{"line":454,"column":4},"end":{"line":461,"column":5}},"186":{"start":{"line":455,"column":6},"end":{"line":455,"column":40}},"187":{"start":{"line":457,"column":6},"end":{"line":457,"column":43}},"188":{"start":{"line":458,"column":6},"end":{"line":458,"column":47}},"189":{"start":{"line":459,"column":6},"end":{"line":459,"column":30}},"190":{"start":{"line":460,"column":6},"end":{"line":460,"column":29}},"191":{"start":{"line":462,"column":4},"end":{"line":462,"column":17}},"192":{"start":{"line":476,"column":2},"end":{"line":496,"column":4}},"193":{"start":{"line":477,"column":4},"end":{"line":477,"column":18}},"194":{"start":{"line":478,"column":4},"end":{"line":478,"column":28}},"195":{"start":{"line":479,"column":4},"end":{"line":491,"column":5}},"196":{"start":{"line":482,"column":8},"end":{"line":482,"column":26}},"197":{"start":{"line":483,"column":8},"end":{"line":483,"column":14}},"198":{"start":{"line":485,"column":8},"end":{"line":485,"column":37}},"199":{"start":{"line":486,"column":8},"end":{"line":486,"column":40}},"200":{"start":{"line":487,"column":8},"end":{"line":487,"column":14}},"201":{"start":{"line":489,"column":8},"end":{"line":489,"column":39}},"202":{"start":{"line":490,"column":8},"end":{"line":490,"column":14}},"203":{"start":{"line":492,"column":4},"end":{"line":494,"column":5}},"204":{"start":{"line":493,"column":6},"end":{"line":493,"column":38}},"205":{"start":{"line":495,"column":4},"end":{"line":495,"column":16}},"206":{"start":{"line":498,"column":2},"end":{"line":500,"column":4}},"207":{"start":{"line":499,"column":4},"end":{"line":499,"column":61}},"208":{"start":{"line":502,"column":2},"end":{"line":513,"column":4}},"209":{"start":{"line":504,"column":6},"end":{"line":504,"column":76}},"210":{"start":{"line":507,"column":6},"end":{"line":507,"column":31}},"211":{"start":{"line":508,"column":6},"end":{"line":510,"column":7}},"212":{"start":{"line":509,"column":8},"end":{"line":509,"column":40}},"213":{"start":{"line":511,"column":6},"end":{"line":511,"column":18}},"214":{"start":{"line":516,"column":2},"end":{"line":516,"column":84}},"215":{"start":{"line":520,"column":2},"end":{"line":528,"column":5}},"216":{"start":{"line":521,"column":4},"end":{"line":526,"column":5}},"217":{"start":{"line":522,"column":6},"end":{"line":522,"column":43}},"218":{"start":{"line":523,"column":6},"end":{"line":523,"column":23}},"219":{"start":{"line":524,"column":6},"end":{"line":524,"column":35}},"220":{"start":{"line":525,"column":6},"end":{"line":525,"column":34}},"221":{"start":{"line":527,"column":4},"end":{"line":527,"column":37}},"222":{"start":{"line":533,"column":2},"end":{"line":571,"column":4}},"223":{"start":{"line":534,"column":4},"end":{"line":535,"column":26}},"224":{"start":{"line":536,"column":4},"end":{"line":570,"column":6}},"225":{"start":{"line":537,"column":6},"end":{"line":569,"column":7}},"226":{"start":{"line":539,"column":10},"end":{"line":561,"column":11}},"227":{"start":{"line":540,"column":12},"end":{"line":552,"column":13}},"228":{"start":{"line":541,"column":14},"end":{"line":549,"column":15}},"229":{"start":{"line":542,"column":16},"end":{"line":548,"column":17}},"230":{"start":{"line":543,"column":18},"end":{"line":547,"column":19}},"231":{"start":{"line":544,"column":20},"end":{"line":546,"column":21}},"232":{"start":{"line":545,"column":22},"end":{"line":545,"column":38}},"233":{"start":{"line":551,"column":14},"end":{"line":551,"column":66}},"234":{"start":{"line":551,"column":25},"end":{"line":551,"column":42}},"235":{"start":{"line":551,"column":47},"end":{"line":551,"column":66}},"236":{"start":{"line":553,"column":12},"end":{"line":553,"column":42}},"237":{"start":{"line":554,"column":12},"end":{"line":557,"column":13}},"238":{"start":{"line":555,"column":14},"end":{"line":555,"column":41}},"239":{"start":{"line":556,"column":14},"end":{"line":556,"column":110}},"240":{"start":{"line":558,"column":12},"end":{"line":558,"column":31}},"241":{"start":{"line":559,"column":12},"end":{"line":559,"column":87}},"242":{"start":{"line":559,"column":23},"end":{"line":559,"column":62}},"243":{"start":{"line":559,"column":67},"end":{"line":559,"column":87}},"244":{"start":{"line":560,"column":12},"end":{"line":560,"column":18}},"245":{"start":{"line":563,"column":10},"end":{"line":567,"column":11}},"246":{"start":{"line":564,"column":12},"end":{"line":564,"column":31}},"247":{"start":{"line":565,"column":12},"end":{"line":565,"column":32}},"248":{"start":{"line":566,"column":12},"end":{"line":566,"column":88}},"249":{"start":{"line":566,"column":23},"end":{"line":566,"column":52}},"250":{"start":{"line":566,"column":57},"end":{"line":566,"column":88}},"251":{"start":{"line":568,"column":10},"end":{"line":568,"column":16}},"252":{"start":{"line":573,"column":2},"end":{"line":573,"column":35}},"253":{"start":{"line":574,"column":2},"end":{"line":576,"column":4}},"254":{"start":{"line":575,"column":4},"end":{"line":575,"column":39}},"255":{"start":{"line":577,"column":2},"end":{"line":583,"column":4}},"256":{"start":{"line":578,"column":4},"end":{"line":578,"column":17}},"257":{"start":{"line":579,"column":4},"end":{"line":581,"column":5}},"258":{"start":{"line":580,"column":6},"end":{"line":580,"column":65}},"259":{"start":{"line":582,"column":4},"end":{"line":582,"column":24}},"260":{"start":{"line":594,"column":2},"end":{"line":596,"column":4}},"261":{"start":{"line":595,"column":4},"end":{"line":595,"column":13}},"262":{"start":{"line":598,"column":2},"end":{"line":603,"column":4}},"263":{"start":{"line":599,"column":4},"end":{"line":599,"column":55}},"264":{"start":{"line":600,"column":4},"end":{"line":600,"column":33}},"265":{"start":{"line":601,"column":4},"end":{"line":601,"column":29}},"266":{"start":{"line":602,"column":4},"end":{"line":602,"column":27}},"267":{"start":{"line":605,"column":2},"end":{"line":698,"column":4}},"268":{"start":{"line":611,"column":4},"end":{"line":611,"column":34}},"269":{"start":{"line":612,"column":4},"end":{"line":612,"column":64}},"270":{"start":{"line":613,"column":4},"end":{"line":614,"column":24}},"271":{"start":{"line":615,"column":4},"end":{"line":615,"column":45}},"272":{"start":{"line":616,"column":4},"end":{"line":616,"column":43}},"273":{"start":{"line":617,"column":4},"end":{"line":617,"column":50}},"274":{"start":{"line":618,"column":4},"end":{"line":618,"column":43}},"275":{"start":{"line":619,"column":4},"end":{"line":619,"column":41}},"276":{"start":{"line":620,"column":4},"end":{"line":620,"column":47}},"277":{"start":{"line":621,"column":4},"end":{"line":674,"column":5}},"278":{"start":{"line":622,"column":6},"end":{"line":673,"column":7}},"279":{"start":{"line":623,"column":8},"end":{"line":623,"column":56}},"280":{"start":{"line":624,"column":13},"end":{"line":673,"column":7}},"281":{"start":{"line":625,"column":8},"end":{"line":625,"column":52}},"282":{"start":{"line":626,"column":13},"end":{"line":673,"column":7}},"283":{"start":{"line":627,"column":8},"end":{"line":627,"column":53}},"284":{"start":{"line":628,"column":13},"end":{"line":673,"column":7}},"285":{"start":{"line":629,"column":8},"end":{"line":629,"column":49}},"286":{"start":{"line":630,"column":13},"end":{"line":673,"column":7}},"287":{"start":{"line":631,"column":8},"end":{"line":631,"column":56}},"288":{"start":{"line":632,"column":8},"end":{"line":632,"column":53}},"289":{"start":{"line":633,"column":13},"end":{"line":673,"column":7}},"290":{"start":{"line":634,"column":8},"end":{"line":634,"column":52}},"291":{"start":{"line":635,"column":8},"end":{"line":635,"column":49}},"292":{"start":{"line":636,"column":13},"end":{"line":673,"column":7}},"293":{"start":{"line":637,"column":8},"end":{"line":637,"column":95}},"294":{"start":{"line":638,"column":8},"end":{"line":638,"column":56}},"295":{"start":{"line":639,"column":8},"end":{"line":639,"column":49}},"296":{"start":{"line":640,"column":13},"end":{"line":673,"column":7}},"297":{"start":{"line":641,"column":8},"end":{"line":641,"column":82}},"298":{"start":{"line":642,"column":8},"end":{"line":642,"column":52}},"299":{"start":{"line":643,"column":8},"end":{"line":643,"column":53}},"300":{"start":{"line":645,"column":8},"end":{"line":645,"column":58}},"301":{"start":{"line":646,"column":8},"end":{"line":672,"column":9}},"302":{"start":{"line":647,"column":10},"end":{"line":647,"column":85}},"303":{"start":{"line":648,"column":10},"end":{"line":648,"column":55}},"304":{"start":{"line":650,"column":10},"end":{"line":650,"column":24}},"305":{"start":{"line":651,"column":10},"end":{"line":651,"column":30}},"306":{"start":{"line":652,"column":10},"end":{"line":655,"column":11}},"307":{"start":{"line":653,"column":12},"end":{"line":653,"column":16}},"308":{"start":{"line":654,"column":12},"end":{"line":654,"column":16}},"309":{"start":{"line":656,"column":10},"end":{"line":671,"column":11}},"310":{"start":{"line":657,"column":12},"end":{"line":661,"column":13}},"311":{"start":{"line":658,"column":14},"end":{"line":658,"column":64}},"312":{"start":{"line":660,"column":14},"end":{"line":660,"column":90}},"313":{"start":{"line":662,"column":12},"end":{"line":662,"column":29}},"314":{"start":{"line":663,"column":12},"end":{"line":663,"column":28}},"315":{"start":{"line":664,"column":12},"end":{"line":664,"column":47}},"316":{"start":{"line":665,"column":12},"end":{"line":665,"column":45}},"317":{"start":{"line":667,"column":12},"end":{"line":667,"column":41}},"318":{"start":{"line":668,"column":12},"end":{"line":668,"column":39}},"319":{"start":{"line":669,"column":12},"end":{"line":669,"column":74}},"320":{"start":{"line":670,"column":12},"end":{"line":670,"column":57}},"321":{"start":{"line":675,"column":4},"end":{"line":696,"column":5}},"322":{"start":{"line":676,"column":6},"end":{"line":695,"column":7}},"323":{"start":{"line":677,"column":8},"end":{"line":677,"column":45}},"324":{"start":{"line":678,"column":8},"end":{"line":678,"column":55}},"325":{"start":{"line":679,"column":8},"end":{"line":687,"column":9}},"326":{"start":{"line":680,"column":10},"end":{"line":680,"column":75}},"327":{"start":{"line":682,"column":10},"end":{"line":682,"column":75}},"328":{"start":{"line":683,"column":10},"end":{"line":685,"column":11}},"329":{"start":{"line":684,"column":12},"end":{"line":684,"column":69}},"330":{"start":{"line":686,"column":10},"end":{"line":686,"column":51}},"331":{"start":{"line":689,"column":8},"end":{"line":689,"column":63}},"332":{"start":{"line":689,"column":48},"end":{"line":689,"column":63}},"333":{"start":{"line":690,"column":8},"end":{"line":694,"column":9}},"334":{"start":{"line":691,"column":10},"end":{"line":691,"column":70}},"335":{"start":{"line":693,"column":10},"end":{"line":693,"column":101}},"336":{"start":{"line":697,"column":4},"end":{"line":697,"column":23}},"337":{"start":{"line":704,"column":2},"end":{"line":704,"column":33}},"338":{"start":{"line":708,"column":2},"end":{"line":708,"column":21}},"339":{"start":{"line":709,"column":2},"end":{"line":709,"column":40}},"340":{"start":{"line":712,"column":2},"end":{"line":714,"column":4}},"341":{"start":{"line":713,"column":4},"end":{"line":713,"column":26}},"342":{"start":{"line":717,"column":2},"end":{"line":724,"column":4}},"343":{"start":{"line":718,"column":4},"end":{"line":723,"column":106}},"344":{"start":{"line":727,"column":2},"end":{"line":729,"column":4}},"345":{"start":{"line":728,"column":4},"end":{"line":728,"column":90}},"346":{"start":{"line":738,"column":2},"end":{"line":758,"column":4}},"347":{"start":{"line":739,"column":4},"end":{"line":739,"column":21}},"348":{"start":{"line":740,"column":4},"end":{"line":740,"column":30}},"349":{"start":{"line":741,"column":4},"end":{"line":756,"column":5}},"350":{"start":{"line":742,"column":6},"end":{"line":742,"column":26}},"351":{"start":{"line":743,"column":6},"end":{"line":743,"column":44}},"352":{"start":{"line":744,"column":6},"end":{"line":755,"column":7}},"353":{"start":{"line":746,"column":10},"end":{"line":746,"column":48}},"354":{"start":{"line":747,"column":10},"end":{"line":747,"column":16}},"355":{"start":{"line":749,"column":10},"end":{"line":749,"column":65}},"356":{"start":{"line":750,"column":10},"end":{"line":750,"column":16}},"357":{"start":{"line":752,"column":10},"end":{"line":752,"column":45}},"358":{"start":{"line":753,"column":10},"end":{"line":753,"column":32}},"359":{"start":{"line":754,"column":10},"end":{"line":754,"column":16}},"360":{"start":{"line":757,"column":4},"end":{"line":757,"column":19}},"361":{"start":{"line":768,"column":2},"end":{"line":801,"column":4}},"362":{"start":{"line":769,"column":4},"end":{"line":769,"column":37}},"363":{"start":{"line":770,"column":4},"end":{"line":770,"column":35}},"364":{"start":{"line":771,"column":4},"end":{"line":800,"column":5}},"365":{"start":{"line":772,"column":6},"end":{"line":772,"column":32}},"366":{"start":{"line":773,"column":6},"end":{"line":799,"column":7}},"367":{"start":{"line":775,"column":10},"end":{"line":775,"column":48}},"368":{"start":{"line":776,"column":10},"end":{"line":776,"column":36}},"369":{"start":{"line":777,"column":10},"end":{"line":777,"column":16}},"370":{"start":{"line":779,"column":10},"end":{"line":786,"column":11}},"371":{"start":{"line":780,"column":12},"end":{"line":780,"column":26}},"372":{"start":{"line":781,"column":12},"end":{"line":785,"column":113}},"373":{"start":{"line":787,"column":10},"end":{"line":787,"column":16}},"374":{"start":{"line":794,"column":10},"end":{"line":797,"column":11}},"375":{"start":{"line":795,"column":12},"end":{"line":795,"column":26},"skip":true},"376":{"start":{"line":796,"column":12},"end":{"line":796,"column":50},"skip":true},"377":{"start":{"line":798,"column":10},"end":{"line":798,"column":16}},"378":{"start":{"line":812,"column":2},"end":{"line":866,"column":4}},"379":{"start":{"line":813,"column":4},"end":{"line":813,"column":28}},"380":{"start":{"line":814,"column":4},"end":{"line":814,"column":37}},"381":{"start":{"line":815,"column":4},"end":{"line":815,"column":39}},"382":{"start":{"line":816,"column":4},"end":{"line":816,"column":20}},"383":{"start":{"line":817,"column":4},"end":{"line":817,"column":30}},"384":{"start":{"line":818,"column":4},"end":{"line":836,"column":5}},"385":{"start":{"line":819,"column":6},"end":{"line":819,"column":31}},"386":{"start":{"line":820,"column":6},"end":{"line":835,"column":7}},"387":{"start":{"line":821,"column":8},"end":{"line":821,"column":34}},"388":{"start":{"line":825,"column":8},"end":{"line":833,"column":9}},"389":{"start":{"line":826,"column":10},"end":{"line":826,"column":86}},"390":{"start":{"line":827,"column":10},"end":{"line":831,"column":45}},"391":{"start":{"line":832,"column":10},"end":{"line":832,"column":65}},"392":{"start":{"line":834,"column":8},"end":{"line":834,"column":31}},"393":{"start":{"line":837,"column":4},"end":{"line":837,"column":28}},"394":{"start":{"line":838,"column":4},"end":{"line":844,"column":5}},"395":{"start":{"line":840,"column":6},"end":{"line":840,"column":34}},"396":{"start":{"line":841,"column":6},"end":{"line":843,"column":48}},"397":{"start":{"line":841,"column":41},"end":{"line":841,"column":79}},"398":{"start":{"line":843,"column":11},"end":{"line":843,"column":48}},"399":{"start":{"line":852,"column":4},"end":{"line":852,"column":33}},"400":{"start":{"line":853,"column":4},"end":{"line":865,"column":5}},"401":{"start":{"line":859,"column":6},"end":{"line":859,"column":52}},"402":{"start":{"line":860,"column":6},"end":{"line":862,"column":7}},"403":{"start":{"line":861,"column":8},"end":{"line":861,"column":65}},"404":{"start":{"line":863,"column":6},"end":{"line":863,"column":44}},"405":{"start":{"line":864,"column":6},"end":{"line":864,"column":49}},"406":{"start":{"line":872,"column":2},"end":{"line":883,"column":4}},"407":{"start":{"line":873,"column":4},"end":{"line":873,"column":32}},"408":{"start":{"line":874,"column":4},"end":{"line":882,"column":5}},"409":{"start":{"line":875,"column":6},"end":{"line":875,"column":62}},"410":{"start":{"line":876,"column":11},"end":{"line":882,"column":5}},"411":{"start":{"line":877,"column":6},"end":{"line":877,"column":48}},"412":{"start":{"line":878,"column":11},"end":{"line":882,"column":5}},"413":{"start":{"line":879,"column":6},"end":{"line":879,"column":62}},"414":{"start":{"line":881,"column":6},"end":{"line":881,"column":69}},"415":{"start":{"line":886,"column":2},"end":{"line":888,"column":4}},"416":{"start":{"line":887,"column":4},"end":{"line":887,"column":44}},"417":{"start":{"line":899,"column":2},"end":{"line":974,"column":4}},"418":{"start":{"line":900,"column":4},"end":{"line":900,"column":25}},"419":{"start":{"line":901,"column":4},"end":{"line":901,"column":26}},"420":{"start":{"line":902,"column":4},"end":{"line":972,"column":6}},"421":{"start":{"line":903,"column":6},"end":{"line":971,"column":7}},"422":{"start":{"line":907,"column":10},"end":{"line":916,"column":11}},"423":{"start":{"line":908,"column":12},"end":{"line":911,"column":13}},"424":{"start":{"line":909,"column":14},"end":{"line":909,"column":31}},"425":{"start":{"line":910,"column":14},"end":{"line":910,"column":48}},"426":{"start":{"line":913,"column":12},"end":{"line":913,"column":28}},"427":{"start":{"line":914,"column":12},"end":{"line":914,"column":29}},"428":{"start":{"line":915,"column":12},"end":{"line":915,"column":97}},"429":{"start":{"line":917,"column":10},"end":{"line":917,"column":16}},"430":{"start":{"line":920,"column":10},"end":{"line":924,"column":11}},"431":{"start":{"line":921,"column":12},"end":{"line":921,"column":29}},"432":{"start":{"line":922,"column":12},"end":{"line":922,"column":80}},"433":{"start":{"line":923,"column":12},"end":{"line":923,"column":18}},"434":{"start":{"line":926,"column":10},"end":{"line":926,"column":27}},"435":{"start":{"line":927,"column":10},"end":{"line":927,"column":27}},"436":{"start":{"line":928,"column":10},"end":{"line":969,"column":11}},"437":{"start":{"line":929,"column":12},"end":{"line":952,"column":13}},"438":{"start":{"line":930,"column":14},"end":{"line":932,"column":15}},"439":{"start":{"line":931,"column":16},"end":{"line":931,"column":84}},"440":{"start":{"line":934,"column":14},"end":{"line":951,"column":15}},"441":{"start":{"line":938,"column":18},"end":{"line":938,"column":46}},"442":{"start":{"line":939,"column":18},"end":{"line":939,"column":24}},"443":{"start":{"line":941,"column":18},"end":{"line":943,"column":19}},"444":{"start":{"line":942,"column":20},"end":{"line":942,"column":58}},"445":{"start":{"line":944,"column":18},"end":{"line":947,"column":19}},"446":{"start":{"line":945,"column":20},"end":{"line":945,"column":56}},"447":{"start":{"line":946,"column":20},"end":{"line":946,"column":26}},"448":{"start":{"line":949,"column":18},"end":{"line":949,"column":89}},"449":{"start":{"line":950,"column":18},"end":{"line":950,"column":24}},"450":{"start":{"line":953,"column":17},"end":{"line":969,"column":11}},"451":{"start":{"line":954,"column":12},"end":{"line":954,"column":160}},"452":{"start":{"line":955,"column":17},"end":{"line":969,"column":11}},"453":{"start":{"line":956,"column":12},"end":{"line":956,"column":35}},"454":{"start":{"line":957,"column":17},"end":{"line":969,"column":11}},"455":{"start":{"line":958,"column":12},"end":{"line":958,"column":48}},"456":{"start":{"line":959,"column":17},"end":{"line":969,"column":11}},"457":{"start":{"line":960,"column":12},"end":{"line":960,"column":43}},"458":{"start":{"line":961,"column":17},"end":{"line":969,"column":11}},"459":{"start":{"line":962,"column":12},"end":{"line":962,"column":34}},"460":{"start":{"line":963,"column":17},"end":{"line":969,"column":11}},"461":{"start":{"line":964,"column":12},"end":{"line":964,"column":153}},"462":{"start":{"line":965,"column":17},"end":{"line":969,"column":11}},"463":{"start":{"line":966,"column":12},"end":{"line":966,"column":42}},"464":{"start":{"line":968,"column":12},"end":{"line":968,"column":57}},"465":{"start":{"line":970,"column":10},"end":{"line":970,"column":16}},"466":{"start":{"line":973,"column":4},"end":{"line":973,"column":22}},"467":{"start":{"line":983,"column":2},"end":{"line":1054,"column":4}},"468":{"start":{"line":984,"column":4},"end":{"line":984,"column":42}},"469":{"start":{"line":985,"column":4},"end":{"line":985,"column":26}},"470":{"start":{"line":988,"column":4},"end":{"line":1053,"column":11}},"471":{"start":{"line":989,"column":6},"end":{"line":989,"column":42}},"472":{"start":{"line":993,"column":9},"end":{"line":1053,"column":11}},"473":{"start":{"line":994,"column":8},"end":{"line":994,"column":33}},"474":{"start":{"line":995,"column":8},"end":{"line":1003,"column":9}},"475":{"start":{"line":996,"column":10},"end":{"line":999,"column":11}},"476":{"start":{"line":997,"column":12},"end":{"line":997,"column":33}},"477":{"start":{"line":998,"column":12},"end":{"line":998,"column":22}},"478":{"start":{"line":1000,"column":10},"end":{"line":1000,"column":31}},"479":{"start":{"line":1001,"column":15},"end":{"line":1003,"column":9}},"480":{"start":{"line":1002,"column":10},"end":{"line":1002,"column":36}},"481":{"start":{"line":1004,"column":8},"end":{"line":1010,"column":10}},"482":{"start":{"line":1005,"column":10},"end":{"line":1009,"column":11}},"483":{"start":{"line":1006,"column":12},"end":{"line":1006,"column":74}},"484":{"start":{"line":1006,"column":26},"end":{"line":1006,"column":74}},"485":{"start":{"line":1007,"column":12},"end":{"line":1007,"column":32}},"486":{"start":{"line":1008,"column":12},"end":{"line":1008,"column":71}},"487":{"start":{"line":1008,"column":26},"end":{"line":1008,"column":71}},"488":{"start":{"line":1015,"column":11},"end":{"line":1053,"column":11}},"489":{"start":{"line":1016,"column":10},"end":{"line":1026,"column":12}},"490":{"start":{"line":1017,"column":12},"end":{"line":1025,"column":13}},"491":{"start":{"line":1018,"column":14},"end":{"line":1018,"column":34}},"492":{"start":{"line":1019,"column":14},"end":{"line":1024,"column":15}},"493":{"start":{"line":1020,"column":16},"end":{"line":1020,"column":38}},"494":{"start":{"line":1021,"column":16},"end":{"line":1023,"column":17}},"495":{"start":{"line":1022,"column":18},"end":{"line":1022,"column":45}},"496":{"start":{"line":1031,"column":12},"end":{"line":1031,"column":30}},"497":{"start":{"line":1032,"column":12},"end":{"line":1032,"column":53}},"498":{"start":{"line":1033,"column":12},"end":{"line":1052,"column":14}},"499":{"start":{"line":1034,"column":14},"end":{"line":1051,"column":15}},"500":{"start":{"line":1035,"column":16},"end":{"line":1035,"column":36}},"501":{"start":{"line":1036,"column":16},"end":{"line":1050,"column":17}},"502":{"start":{"line":1037,"column":18},"end":{"line":1049,"column":19}},"503":{"start":{"line":1038,"column":20},"end":{"line":1041,"column":21}},"504":{"start":{"line":1039,"column":22},"end":{"line":1039,"column":36}},"505":{"start":{"line":1040,"column":22},"end":{"line":1040,"column":58}},"506":{"start":{"line":1042,"column":20},"end":{"line":1042,"column":47}},"507":{"start":{"line":1044,"column":20},"end":{"line":1044,"column":47}},"508":{"start":{"line":1045,"column":20},"end":{"line":1048,"column":21}},"509":{"start":{"line":1046,"column":22},"end":{"line":1046,"column":35}},"510":{"start":{"line":1047,"column":22},"end":{"line":1047,"column":55}},"511":{"start":{"line":1060,"column":2},"end":{"line":1087,"column":4}},"512":{"start":{"line":1061,"column":4},"end":{"line":1061,"column":26}},"513":{"start":{"line":1062,"column":4},"end":{"line":1085,"column":6}},"514":{"start":{"line":1063,"column":6},"end":{"line":1084,"column":7}},"515":{"start":{"line":1064,"column":8},"end":{"line":1064,"column":25}},"516":{"start":{"line":1065,"column":8},"end":{"line":1083,"column":9}},"517":{"start":{"line":1066,"column":10},"end":{"line":1080,"column":11}},"518":{"start":{"line":1067,"column":12},"end":{"line":1067,"column":36}},"519":{"start":{"line":1068,"column":17},"end":{"line":1080,"column":11}},"520":{"start":{"line":1069,"column":12},"end":{"line":1069,"column":49}},"521":{"start":{"line":1070,"column":17},"end":{"line":1080,"column":11}},"522":{"start":{"line":1071,"column":12},"end":{"line":1071,"column":44}},"523":{"start":{"line":1072,"column":17},"end":{"line":1080,"column":11}},"524":{"start":{"line":1073,"column":12},"end":{"line":1073,"column":35}},"525":{"start":{"line":1074,"column":17},"end":{"line":1080,"column":11}},"526":{"start":{"line":1075,"column":12},"end":{"line":1075,"column":56}},"527":{"start":{"line":1076,"column":17},"end":{"line":1080,"column":11}},"528":{"start":{"line":1077,"column":12},"end":{"line":1077,"column":52}},"529":{"start":{"line":1079,"column":12},"end":{"line":1079,"column":59}},"530":{"start":{"line":1082,"column":10},"end":{"line":1082,"column":56}},"531":{"start":{"line":1086,"column":4},"end":{"line":1086,"column":23}},"532":{"start":{"line":1089,"column":2},"end":{"line":1089,"column":49}},"533":{"start":{"line":1095,"column":2},"end":{"line":1095,"column":26}},"534":{"start":{"line":1096,"column":2},"end":{"line":1149,"column":3}},"535":{"start":{"line":1104,"column":4},"end":{"line":1113,"column":6}},"536":{"start":{"line":1105,"column":6},"end":{"line":1105,"column":34}},"537":{"start":{"line":1106,"column":6},"end":{"line":1106,"column":32}},"538":{"start":{"line":1107,"column":6},"end":{"line":1112,"column":7}},"539":{"start":{"line":1108,"column":8},"end":{"line":1108,"column":28}},"540":{"start":{"line":1109,"column":8},"end":{"line":1111,"column":9}},"541":{"start":{"line":1110,"column":10},"end":{"line":1110,"column":38}},"542":{"start":{"line":1117,"column":4},"end":{"line":1127,"column":6}},"543":{"start":{"line":1118,"column":6},"end":{"line":1120,"column":7}},"544":{"start":{"line":1119,"column":8},"end":{"line":1119,"column":34}},"545":{"start":{"line":1122,"column":6},"end":{"line":1122,"column":35}},"546":{"start":{"line":1123,"column":6},"end":{"line":1123,"column":35}},"547":{"start":{"line":1124,"column":6},"end":{"line":1126,"column":7}},"548":{"start":{"line":1125,"column":8},"end":{"line":1125,"column":43}},"549":{"start":{"line":1132,"column":4},"end":{"line":1148,"column":5}},"550":{"start":{"line":1133,"column":6},"end":{"line":1140,"column":63}},"551":{"start":{"line":1134,"column":8},"end":{"line":1134,"column":36}},"552":{"start":{"line":1135,"column":8},"end":{"line":1139,"column":9}},"553":{"start":{"line":1136,"column":10},"end":{"line":1136,"column":34}},"554":{"start":{"line":1137,"column":10},"end":{"line":1137,"column":57}},"555":{"start":{"line":1138,"column":10},"end":{"line":1138,"column":52}},"556":{"start":{"line":1142,"column":6},"end":{"line":1144,"column":16}},"557":{"start":{"line":1143,"column":8},"end":{"line":1143,"column":50}},"558":{"start":{"line":1145,"column":6},"end":{"line":1147,"column":16}},"559":{"start":{"line":1146,"column":8},"end":{"line":1146,"column":47}},"560":{"start":{"line":1153,"column":2},"end":{"line":1153,"column":32}},"561":{"start":{"line":1158,"column":2},"end":{"line":1158,"column":28}},"562":{"start":{"line":1164,"column":2},"end":{"line":1172,"column":3}},"563":{"start":{"line":1165,"column":4},"end":{"line":1165,"column":37}},"564":{"start":{"line":1166,"column":4},"end":{"line":1170,"column":5}},"565":{"start":{"line":1167,"column":6},"end":{"line":1167,"column":48}},"566":{"start":{"line":1169,"column":6},"end":{"line":1169,"column":37}},"567":{"start":{"line":1171,"column":4},"end":{"line":1171,"column":16}},"568":{"start":{"line":1178,"column":2},"end":{"line":1187,"column":3}},"569":{"start":{"line":1179,"column":4},"end":{"line":1179,"column":32}},"570":{"start":{"line":1180,"column":4},"end":{"line":1180,"column":78}},"571":{"start":{"line":1181,"column":4},"end":{"line":1181,"column":65}},"572":{"start":{"line":1182,"column":4},"end":{"line":1182,"column":55}},"573":{"start":{"line":1183,"column":4},"end":{"line":1183,"column":66}},"574":{"start":{"line":1184,"column":4},"end":{"line":1184,"column":39}},"575":{"start":{"line":1185,"column":4},"end":{"line":1185,"column":26}},"576":{"start":{"line":1186,"column":4},"end":{"line":1186,"column":31}},"577":{"start":{"line":1190,"column":2},"end":{"line":1195,"column":3}},"578":{"start":{"line":1191,"column":4},"end":{"line":1191,"column":34}},"579":{"start":{"line":1192,"column":4},"end":{"line":1194,"column":5}},"580":{"start":{"line":1193,"column":6},"end":{"line":1193,"column":32}},"581":{"start":{"line":1201,"column":2},"end":{"line":1209,"column":3}},"582":{"start":{"line":1202,"column":4},"end":{"line":1202,"column":19}},"583":{"start":{"line":1203,"column":4},"end":{"line":1203,"column":60}},"584":{"start":{"line":1204,"column":4},"end":{"line":1204,"column":46}},"585":{"start":{"line":1205,"column":4},"end":{"line":1205,"column":52}},"586":{"start":{"line":1206,"column":4},"end":{"line":1206,"column":52}},"587":{"start":{"line":1207,"column":4},"end":{"line":1207,"column":34}},"588":{"start":{"line":1208,"column":4},"end":{"line":1208,"column":16}},"589":{"start":{"line":1213,"column":2},"end":{"line":1213,"column":26}},"590":{"start":{"line":1214,"column":2},"end":{"line":1216,"column":4}},"591":{"start":{"line":1215,"column":4},"end":{"line":1215,"column":74}},"592":{"start":{"line":1219,"column":2},"end":{"line":1219,"column":28}},"593":{"start":{"line":1230,"column":2},"end":{"line":1232,"column":4}},"594":{"start":{"line":1231,"column":4},"end":{"line":1231,"column":79}},"595":{"start":{"line":1240,"column":2},"end":{"line":1264,"column":4}},"596":{"start":{"line":1241,"column":4},"end":{"line":1245,"column":25}},"597":{"start":{"line":1246,"column":4},"end":{"line":1263,"column":6}},"598":{"start":{"line":1247,"column":6},"end":{"line":1247,"column":32}},"599":{"start":{"line":1248,"column":6},"end":{"line":1248,"column":39}},"600":{"start":{"line":1249,"column":6},"end":{"line":1254,"column":7}},"601":{"start":{"line":1250,"column":8},"end":{"line":1250,"column":27}},"602":{"start":{"line":1251,"column":8},"end":{"line":1251,"column":37}},"603":{"start":{"line":1252,"column":8},"end":{"line":1252,"column":94}},"604":{"start":{"line":1253,"column":8},"end":{"line":1253,"column":41}},"605":{"start":{"line":1255,"column":6},"end":{"line":1255,"column":37}},"606":{"start":{"line":1256,"column":6},"end":{"line":1261,"column":7}},"607":{"start":{"line":1257,"column":8},"end":{"line":1259,"column":9}},"608":{"start":{"line":1258,"column":10},"end":{"line":1258,"column":60}},"609":{"start":{"line":1260,"column":8},"end":{"line":1260,"column":36}},"610":{"start":{"line":1262,"column":6},"end":{"line":1262,"column":18}},"611":{"start":{"line":1269,"column":2},"end":{"line":1279,"column":4}},"612":{"start":{"line":1270,"column":4},"end":{"line":1270,"column":30}},"613":{"start":{"line":1271,"column":4},"end":{"line":1271,"column":30}},"614":{"start":{"line":1272,"column":4},"end":{"line":1272,"column":18}},"615":{"start":{"line":1273,"column":4},"end":{"line":1276,"column":5}},"616":{"start":{"line":1274,"column":6},"end":{"line":1274,"column":29}},"617":{"start":{"line":1275,"column":6},"end":{"line":1275,"column":40}},"618":{"start":{"line":1277,"column":4},"end":{"line":1277,"column":41}},"619":{"start":{"line":1277,"column":15},"end":{"line":1277,"column":41}},"620":{"start":{"line":1278,"column":4},"end":{"line":1278,"column":50}},"621":{"start":{"line":1291,"column":2},"end":{"line":1302,"column":4}},"622":{"start":{"line":1292,"column":4},"end":{"line":1292,"column":37}},"623":{"start":{"line":1293,"column":4},"end":{"line":1293,"column":35}},"624":{"start":{"line":1294,"column":4},"end":{"line":1294,"column":23}},"625":{"start":{"line":1295,"column":4},"end":{"line":1300,"column":5}},"626":{"start":{"line":1296,"column":6},"end":{"line":1296,"column":32}},"627":{"start":{"line":1297,"column":6},"end":{"line":1299,"column":7}},"628":{"start":{"line":1298,"column":8},"end":{"line":1298,"column":30}},"629":{"start":{"line":1301,"column":4},"end":{"line":1301,"column":71}},"630":{"start":{"line":1310,"column":2},"end":{"line":1312,"column":4}},"631":{"start":{"line":1311,"column":4},"end":{"line":1311,"column":32}},"632":{"start":{"line":1313,"column":2},"end":{"line":1313,"column":29}},"633":{"start":{"line":1315,"column":2},"end":{"line":1315,"column":30}},"634":{"start":{"line":1316,"column":2},"end":{"line":1316,"column":20}},"635":{"start":{"line":1317,"column":2},"end":{"line":1317,"column":24}},"636":{"start":{"line":1318,"column":2},"end":{"line":1318,"column":23}},"637":{"start":{"line":1319,"column":2},"end":{"line":1319,"column":22}},"638":{"start":{"line":1320,"column":2},"end":{"line":1320,"column":20}},"639":{"start":{"line":1324,"column":2},"end":{"line":1324,"column":17}},"640":{"start":{"line":1329,"column":2},"end":{"line":1331,"column":3}},"641":{"start":{"line":1330,"column":4},"end":{"line":1330,"column":292}},"642":{"start":{"line":1341,"column":2},"end":{"line":1341,"column":15}},"643":{"start":{"line":1344,"column":0},"end":{"line":1344,"column":27}}},"branchMap":{"1":{"line":49,"type":"binary-expr","locations":[{"start":{"line":49,"column":12},"end":{"line":49,"column":17}},{"start":{"line":49,"column":21},"end":{"line":60,"column":3}}]},"2":{"line":63,"type":"binary-expr","locations":[{"start":{"line":63,"column":16},"end":{"line":63,"column":25}},{"start":{"line":63,"column":29},"end":{"line":75,"column":3}}]},"3":{"line":78,"type":"binary-expr","locations":[{"start":{"line":78,"column":16},"end":{"line":78,"column":25}},{"start":{"line":78,"column":29},"end":{"line":88,"column":3}}]},"4":{"line":91,"type":"binary-expr","locations":[{"start":{"line":91,"column":16},"end":{"line":91,"column":29}},{"start":{"line":91,"column":33},"end":{"line":95,"column":16}}]},"5":{"line":97,"type":"binary-expr","locations":[{"start":{"line":97,"column":13},"end":{"line":97,"column":21}},{"start":{"line":97,"column":25},"end":{"line":99,"column":3}}]},"6":{"line":125,"type":"switch","locations":[{"start":{"line":126,"column":8},"end":{"line":126,"column":22}},{"start":{"line":127,"column":8},"end":{"line":129,"column":71}},{"start":{"line":130,"column":8},"end":{"line":132,"column":57}}]},"7":{"line":128,"type":"binary-expr","locations":[{"start":{"line":128,"column":19},"end":{"line":128,"column":25}},{"start":{"line":128,"column":30},"end":{"line":128,"column":52}}]},"8":{"line":129,"type":"binary-expr","locations":[{"start":{"line":129,"column":17},"end":{"line":129,"column":27}},{"start":{"line":129,"column":31},"end":{"line":129,"column":70}}]},"9":{"line":131,"type":"binary-expr","locations":[{"start":{"line":131,"column":19},"end":{"line":131,"column":25}},{"start":{"line":131,"column":30},"end":{"line":131,"column":51}}]},"10":{"line":132,"type":"binary-expr","locations":[{"start":{"line":132,"column":17},"end":{"line":132,"column":23}},{"start":{"line":132,"column":28},"end":{"line":132,"column":55}}]},"11":{"line":149,"type":"binary-expr","locations":[{"start":{"line":149,"column":21},"end":{"line":149,"column":42}},{"start":{"line":149,"column":46},"end":{"line":149,"column":58}}]},"12":{"line":150,"type":"cond-expr","locations":[{"start":{"line":150,"column":55},"end":{"line":150,"column":64}},{"start":{"line":150,"column":67},"end":{"line":150,"column":69}}]},"13":{"line":159,"type":"binary-expr","locations":[{"start":{"line":159,"column":15},"end":{"line":159,"column":35}},{"start":{"line":159,"column":39},"end":{"line":159,"column":67}},{"start":{"line":159,"column":71},"end":{"line":159,"column":84}}]},"14":{"line":186,"type":"cond-expr","locations":[{"start":{"line":186,"column":53},"end":{"line":186,"column":77}},{"start":{"line":186,"column":80},"end":{"line":186,"column":85}}]},"15":{"line":189,"type":"if","locations":[{"start":{"line":189,"column":11},"end":{"line":189,"column":11}},{"start":{"line":189,"column":11},"end":{"line":189,"column":11}}]},"16":{"line":204,"type":"binary-expr","locations":[{"start":{"line":204,"column":15},"end":{"line":204,"column":27}},{"start":{"line":204,"column":32},"end":{"line":204,"column":64}}]},"17":{"line":226,"type":"if","locations":[{"start":{"line":226,"column":6},"end":{"line":226,"column":6}},{"start":{"line":226,"column":6},"end":{"line":226,"column":6}}]},"18":{"line":237,"type":"if","locations":[{"start":{"line":237,"column":8},"end":{"line":237,"column":8}},{"start":{"line":237,"column":8},"end":{"line":237,"column":8}}]},"19":{"line":249,"type":"binary-expr","locations":[{"start":{"line":249,"column":11},"end":{"line":249,"column":29}},{"start":{"line":249,"column":33},"end":{"line":249,"column":37}}]},"20":{"line":294,"type":"cond-expr","locations":[{"start":{"line":294,"column":27},"end":{"line":296,"column":3}},{"start":{"line":296,"column":6},"end":{"line":301,"column":3}}]},"21":{"line":308,"type":"binary-expr","locations":[{"start":{"line":308,"column":17},"end":{"line":308,"column":19}},{"start":{"line":308,"column":23},"end":{"line":308,"column":26}}]},"22":{"line":308,"type":"binary-expr","locations":[{"start":{"line":308,"column":37},"end":{"line":308,"column":39}},{"start":{"line":308,"column":43},"end":{"line":308,"column":46}}]},"23":{"line":315,"type":"cond-expr","locations":[{"start":{"line":315,"column":40},"end":{"line":315,"column":51}},{"start":{"line":315,"column":54},"end":{"line":315,"column":66}}]},"24":{"line":322,"type":"cond-expr","locations":[{"start":{"line":322,"column":39},"end":{"line":338,"column":3}},{"start":{"line":346,"column":2},"end":{"line":348,"column":3},"skip":true}]},"25":{"line":324,"type":"binary-expr","locations":[{"start":{"line":324,"column":21},"end":{"line":324,"column":36}},{"start":{"line":332,"column":4},"end":{"line":332,"column":6},"skip":true}]},"26":{"line":351,"type":"cond-expr","locations":[{"start":{"line":351,"column":35},"end":{"line":353,"column":3}},{"start":{"line":353,"column":6},"end":{"line":355,"column":3}}]},"27":{"line":378,"type":"if","locations":[{"start":{"line":378,"column":4},"end":{"line":378,"column":4}},{"start":{"line":378,"column":4},"end":{"line":378,"column":4}}]},"28":{"line":380,"type":"binary-expr","locations":[{"start":{"line":380,"column":4},"end":{"line":380,"column":40}},{"start":{"line":382,"column":4},"end":{"line":382,"column":56}},{"start":{"line":382,"column":60},"end":{"line":382,"column":86}}]},"29":{"line":382,"type":"binary-expr","locations":[{"start":{"line":382,"column":27},"end":{"line":382,"column":38}},{"start":{"line":382,"column":42},"end":{"line":382,"column":44}}]},"30":{"line":388,"type":"binary-expr","locations":[{"start":{"line":388,"column":15},"end":{"line":388,"column":35}},{"start":{"line":388,"column":40},"end":{"line":388,"column":71}}]},"31":{"line":402,"type":"cond-expr","locations":[{"start":{"line":402,"column":34},"end":{"line":406,"column":3}},{"start":{"line":406,"column":6},"end":{"line":418,"column":3}}]},"32":{"line":409,"type":"if","locations":[{"start":{"line":409,"column":4},"end":{"line":409,"column":4}},{"start":{"line":409,"column":4},"end":{"line":409,"column":4}}]},"33":{"line":422,"type":"cond-expr","locations":[{"start":{"line":422,"column":33},"end":{"line":428,"column":3}},{"start":{"line":428,"column":6},"end":{"line":434,"column":3}}]},"34":{"line":454,"type":"if","locations":[{"start":{"line":454,"column":4},"end":{"line":454,"column":4}},{"start":{"line":454,"column":4},"end":{"line":454,"column":4}}]},"35":{"line":479,"type":"switch","locations":[{"start":{"line":480,"column":6},"end":{"line":480,"column":24}},{"start":{"line":481,"column":6},"end":{"line":483,"column":14}},{"start":{"line":484,"column":6},"end":{"line":487,"column":14}},{"start":{"line":488,"column":6},"end":{"line":490,"column":14}}]},"36":{"line":521,"type":"if","locations":[{"start":{"line":521,"column":4},"end":{"line":521,"column":4}},{"start":{"line":521,"column":4},"end":{"line":521,"column":4}}]},"37":{"line":537,"type":"switch","locations":[{"start":{"line":538,"column":8},"end":{"line":561,"column":11}},{"start":{"line":562,"column":8},"end":{"line":568,"column":16}}]},"38":{"line":539,"type":"if","locations":[{"start":{"line":539,"column":10},"end":{"line":539,"column":10}},{"start":{"line":539,"column":10},"end":{"line":539,"column":10}}]},"39":{"line":540,"type":"if","locations":[{"start":{"line":540,"column":12},"end":{"line":540,"column":12}},{"start":{"line":540,"column":12},"end":{"line":540,"column":12}}]},"40":{"line":541,"type":"if","locations":[{"start":{"line":541,"column":14},"end":{"line":541,"column":14}},{"start":{"line":541,"column":14},"end":{"line":541,"column":14}}]},"41":{"line":542,"type":"if","locations":[{"start":{"line":542,"column":16},"end":{"line":542,"column":16}},{"start":{"line":542,"column":16},"end":{"line":542,"column":16}}]},"42":{"line":544,"type":"if","locations":[{"start":{"line":544,"column":20},"end":{"line":544,"column":20}},{"start":{"line":544,"column":20},"end":{"line":544,"column":20}}]},"43":{"line":551,"type":"if","locations":[{"start":{"line":551,"column":14},"end":{"line":551,"column":14}},{"start":{"line":551,"column":14},"end":{"line":551,"column":14}}]},"44":{"line":553,"type":"cond-expr","locations":[{"start":{"line":553,"column":31},"end":{"line":553,"column":33}},{"start":{"line":553,"column":36},"end":{"line":553,"column":41}}]},"45":{"line":556,"type":"cond-expr","locations":[{"start":{"line":556,"column":89},"end":{"line":556,"column":101}},{"start":{"line":556,"column":104},"end":{"line":556,"column":109}}]},"46":{"line":556,"type":"binary-expr","locations":[{"start":{"line":556,"column":27},"end":{"line":556,"column":52}},{"start":{"line":556,"column":56},"end":{"line":556,"column":86}}]},"47":{"line":559,"type":"if","locations":[{"start":{"line":559,"column":12},"end":{"line":559,"column":12}},{"start":{"line":559,"column":12},"end":{"line":559,"column":12}}]},"48":{"line":563,"type":"if","locations":[{"start":{"line":563,"column":10},"end":{"line":563,"column":10}},{"start":{"line":563,"column":10},"end":{"line":563,"column":10}}]},"49":{"line":566,"type":"if","locations":[{"start":{"line":566,"column":12},"end":{"line":566,"column":12}},{"start":{"line":566,"column":12},"end":{"line":566,"column":12}}]},"50":{"line":566,"type":"binary-expr","locations":[{"start":{"line":566,"column":37},"end":{"line":566,"column":45}},{"start":{"line":566,"column":49},"end":{"line":566,"column":51}}]},"51":{"line":566,"type":"binary-expr","locations":[{"start":{"line":566,"column":73},"end":{"line":566,"column":81}},{"start":{"line":566,"column":85},"end":{"line":566,"column":87}}]},"52":{"line":611,"type":"binary-expr","locations":[{"start":{"line":611,"column":14},"end":{"line":611,"column":21}},{"start":{"line":611,"column":25},"end":{"line":611,"column":33}}]},"53":{"line":612,"type":"cond-expr","locations":[{"start":{"line":612,"column":38},"end":{"line":612,"column":42}},{"start":{"line":612,"column":45},"end":{"line":612,"column":63}}]},"54":{"line":621,"type":"binary-expr","locations":[{"start":{"line":621,"column":11},"end":{"line":621,"column":37}},{"start":{"line":621,"column":41},"end":{"line":621,"column":65}}]},"55":{"line":622,"type":"if","locations":[{"start":{"line":622,"column":6},"end":{"line":622,"column":6}},{"start":{"line":622,"column":6},"end":{"line":622,"column":6}}]},"56":{"line":624,"type":"if","locations":[{"start":{"line":624,"column":13},"end":{"line":624,"column":13}},{"start":{"line":624,"column":13},"end":{"line":624,"column":13}}]},"57":{"line":626,"type":"if","locations":[{"start":{"line":626,"column":13},"end":{"line":626,"column":13}},{"start":{"line":626,"column":13},"end":{"line":626,"column":13}}]},"58":{"line":628,"type":"if","locations":[{"start":{"line":628,"column":13},"end":{"line":628,"column":13}},{"start":{"line":628,"column":13},"end":{"line":628,"column":13}}]},"59":{"line":630,"type":"if","locations":[{"start":{"line":630,"column":13},"end":{"line":630,"column":13}},{"start":{"line":630,"column":13},"end":{"line":630,"column":13}}]},"60":{"line":633,"type":"if","locations":[{"start":{"line":633,"column":13},"end":{"line":633,"column":13}},{"start":{"line":633,"column":13},"end":{"line":633,"column":13}}]},"61":{"line":636,"type":"if","locations":[{"start":{"line":636,"column":13},"end":{"line":636,"column":13}},{"start":{"line":636,"column":13},"end":{"line":636,"column":13}}]},"62":{"line":640,"type":"if","locations":[{"start":{"line":640,"column":13},"end":{"line":640,"column":13}},{"start":{"line":640,"column":13},"end":{"line":640,"column":13}}]},"63":{"line":646,"type":"if","locations":[{"start":{"line":646,"column":8},"end":{"line":646,"column":8}},{"start":{"line":646,"column":8},"end":{"line":646,"column":8}}]},"64":{"line":652,"type":"binary-expr","locations":[{"start":{"line":652,"column":17},"end":{"line":652,"column":32}},{"start":{"line":652,"column":36},"end":{"line":652,"column":50}},{"start":{"line":652,"column":54},"end":{"line":652,"column":88}}]},"65":{"line":656,"type":"if","locations":[{"start":{"line":656,"column":10},"end":{"line":656,"column":10}},{"start":{"line":656,"column":10},"end":{"line":656,"column":10}}]},"66":{"line":657,"type":"if","locations":[{"start":{"line":657,"column":12},"end":{"line":657,"column":12}},{"start":{"line":657,"column":12},"end":{"line":657,"column":12}}]},"67":{"line":675,"type":"if","locations":[{"start":{"line":675,"column":4},"end":{"line":675,"column":4}},{"start":{"line":675,"column":4},"end":{"line":675,"column":4}}]},"68":{"line":675,"type":"binary-expr","locations":[{"start":{"line":675,"column":8},"end":{"line":675,"column":34}},{"start":{"line":675,"column":38},"end":{"line":675,"column":62}}]},"69":{"line":676,"type":"if","locations":[{"start":{"line":676,"column":6},"end":{"line":676,"column":6}},{"start":{"line":676,"column":6},"end":{"line":676,"column":6}}]},"70":{"line":678,"type":"cond-expr","locations":[{"start":{"line":678,"column":34},"end":{"line":678,"column":40}},{"start":{"line":678,"column":43},"end":{"line":678,"column":54}}]},"71":{"line":679,"type":"if","locations":[{"start":{"line":679,"column":8},"end":{"line":679,"column":8}},{"start":{"line":679,"column":8},"end":{"line":679,"column":8}}]},"72":{"line":689,"type":"if","locations":[{"start":{"line":689,"column":8},"end":{"line":689,"column":8}},{"start":{"line":689,"column":8},"end":{"line":689,"column":8}}]},"73":{"line":690,"type":"if","locations":[{"start":{"line":690,"column":8},"end":{"line":690,"column":8}},{"start":{"line":690,"column":8},"end":{"line":690,"column":8}}]},"74":{"line":718,"type":"cond-expr","locations":[{"start":{"line":718,"column":36},"end":{"line":718,"column":40}},{"start":{"line":718,"column":43},"end":{"line":723,"column":105}}]},"75":{"line":718,"type":"cond-expr","locations":[{"start":{"line":723,"column":4},"end":{"line":723,"column":78},"skip":true},{"start":{"line":723,"column":81},"end":{"line":723,"column":105}}]},"76":{"line":723,"type":"cond-expr","locations":[{"start":{"line":723,"column":16},"end":{"line":723,"column":45},"skip":true},{"start":{"line":723,"column":48},"end":{"line":723,"column":78},"skip":true}]},"77":{"line":723,"type":"cond-expr","locations":[{"start":{"line":723,"column":20},"end":{"line":723,"column":33},"skip":true},{"start":{"line":723,"column":36},"end":{"line":723,"column":45},"skip":true}]},"78":{"line":723,"type":"cond-expr","locations":[{"start":{"line":723,"column":52},"end":{"line":723,"column":65},"skip":true},{"start":{"line":723,"column":68},"end":{"line":723,"column":78},"skip":true}]},"79":{"line":728,"type":"binary-expr","locations":[{"start":{"line":728,"column":11},"end":{"line":728,"column":34}},{"start":{"line":728,"column":38},"end":{"line":728,"column":59}},{"start":{"line":728,"column":63},"end":{"line":728,"column":89}}]},"80":{"line":744,"type":"switch","locations":[{"start":{"line":745,"column":8},"end":{"line":747,"column":16}},{"start":{"line":748,"column":8},"end":{"line":750,"column":16}},{"start":{"line":751,"column":8},"end":{"line":754,"column":16}}]},"81":{"line":773,"type":"switch","locations":[{"start":{"line":774,"column":8},"end":{"line":777,"column":16}},{"start":{"line":778,"column":8},"end":{"line":787,"column":16}},{"start":{"line":788,"column":8},"end":{"line":798,"column":16}}]},"82":{"line":779,"type":"if","locations":[{"start":{"line":779,"column":10},"end":{"line":779,"column":10}},{"start":{"line":779,"column":10},"end":{"line":779,"column":10}}]},"83":{"line":785,"type":"cond-expr","locations":[{"start":{"line":785,"column":58},"end":{"line":785,"column":83}},{"start":{"line":785,"column":86},"end":{"line":785,"column":111}}]},"84":{"line":794,"type":"if","locations":[{"start":{"line":794,"column":10},"end":{"line":794,"column":10},"skip":true},{"start":{"line":794,"column":10},"end":{"line":794,"column":10}}]},"85":{"line":794,"type":"binary-expr","locations":[{"start":{"line":794,"column":14},"end":{"line":794,"column":57}},{"start":{"line":794,"column":61},"end":{"line":794,"column":98}}]},"86":{"line":820,"type":"if","locations":[{"start":{"line":820,"column":6},"end":{"line":820,"column":6}},{"start":{"line":820,"column":6},"end":{"line":820,"column":6}}]},"87":{"line":825,"type":"if","locations":[{"start":{"line":825,"column":8},"end":{"line":825,"column":8}},{"start":{"line":825,"column":8},"end":{"line":825,"column":8},"skip":true}]},"88":{"line":827,"type":"binary-expr","locations":[{"start":{"line":827,"column":24},"end":{"line":827,"column":44}},{"start":{"line":831,"column":10},"end":{"line":831,"column":44},"skip":true}]},"89":{"line":841,"type":"if","locations":[{"start":{"line":841,"column":6},"end":{"line":841,"column":6}},{"start":{"line":841,"column":6},"end":{"line":841,"column":6}}]},"90":{"line":853,"type":"if","locations":[{"start":{"line":853,"column":4},"end":{"line":853,"column":4}},{"start":{"line":853,"column":4},"end":{"line":853,"column":4}}]},"91":{"line":874,"type":"if","locations":[{"start":{"line":874,"column":4},"end":{"line":874,"column":4}},{"start":{"line":874,"column":4},"end":{"line":874,"column":4}}]},"92":{"line":876,"type":"if","locations":[{"start":{"line":876,"column":11},"end":{"line":876,"column":11}},{"start":{"line":876,"column":11},"end":{"line":876,"column":11}}]},"93":{"line":878,"type":"if","locations":[{"start":{"line":878,"column":11},"end":{"line":878,"column":11}},{"start":{"line":878,"column":11},"end":{"line":878,"column":11}}]},"94":{"line":887,"type":"binary-expr","locations":[{"start":{"line":887,"column":11},"end":{"line":887,"column":24}},{"start":{"line":887,"column":28},"end":{"line":887,"column":43}}]},"95":{"line":903,"type":"switch","locations":[{"start":{"line":904,"column":8},"end":{"line":904,"column":22}},{"start":{"line":905,"column":8},"end":{"line":905,"column":22}},{"start":{"line":906,"column":8},"end":{"line":917,"column":16}},{"start":{"line":918,"column":8},"end":{"line":918,"column":22}},{"start":{"line":919,"column":8},"end":{"line":924,"column":11}},{"start":{"line":925,"column":8},"end":{"line":970,"column":16}}]},"96":{"line":907,"type":"if","locations":[{"start":{"line":907,"column":10},"end":{"line":907,"column":10}},{"start":{"line":907,"column":10},"end":{"line":907,"column":10}}]},"97":{"line":908,"type":"if","locations":[{"start":{"line":908,"column":12},"end":{"line":908,"column":12}},{"start":{"line":908,"column":12},"end":{"line":908,"column":12}}]},"98":{"line":920,"type":"if","locations":[{"start":{"line":920,"column":10},"end":{"line":920,"column":10}},{"start":{"line":920,"column":10},"end":{"line":920,"column":10}}]},"99":{"line":928,"type":"if","locations":[{"start":{"line":928,"column":10},"end":{"line":928,"column":10}},{"start":{"line":928,"column":10},"end":{"line":928,"column":10}}]},"100":{"line":929,"type":"if","locations":[{"start":{"line":929,"column":12},"end":{"line":929,"column":12}},{"start":{"line":929,"column":12},"end":{"line":929,"column":12}}]},"101":{"line":930,"type":"if","locations":[{"start":{"line":930,"column":14},"end":{"line":930,"column":14}},{"start":{"line":930,"column":14},"end":{"line":930,"column":14}}]},"102":{"line":934,"type":"switch","locations":[{"start":{"line":935,"column":16},"end":{"line":935,"column":30}},{"start":{"line":936,"column":16},"end":{"line":936,"column":30}},{"start":{"line":937,"column":16},"end":{"line":939,"column":24}},{"start":{"line":940,"column":16},"end":{"line":947,"column":19}},{"start":{"line":948,"column":16},"end":{"line":950,"column":24}}]},"103":{"line":941,"type":"if","locations":[{"start":{"line":941,"column":18},"end":{"line":941,"column":18}},{"start":{"line":941,"column":18},"end":{"line":941,"column":18}}]},"104":{"line":944,"type":"if","locations":[{"start":{"line":944,"column":18},"end":{"line":944,"column":18}},{"start":{"line":944,"column":18},"end":{"line":944,"column":18}}]},"105":{"line":953,"type":"if","locations":[{"start":{"line":953,"column":17},"end":{"line":953,"column":17}},{"start":{"line":953,"column":17},"end":{"line":953,"column":17}}]},"106":{"line":954,"type":"cond-expr","locations":[{"start":{"line":954,"column":106},"end":{"line":954,"column":134}},{"start":{"line":954,"column":137},"end":{"line":954,"column":144}}]},"107":{"line":955,"type":"if","locations":[{"start":{"line":955,"column":17},"end":{"line":955,"column":17}},{"start":{"line":955,"column":17},"end":{"line":955,"column":17}}]},"108":{"line":957,"type":"if","locations":[{"start":{"line":957,"column":17},"end":{"line":957,"column":17}},{"start":{"line":957,"column":17},"end":{"line":957,"column":17}}]},"109":{"line":959,"type":"if","locations":[{"start":{"line":959,"column":17},"end":{"line":959,"column":17}},{"start":{"line":959,"column":17},"end":{"line":959,"column":17}}]},"110":{"line":961,"type":"if","locations":[{"start":{"line":961,"column":17},"end":{"line":961,"column":17}},{"start":{"line":961,"column":17},"end":{"line":961,"column":17}}]},"111":{"line":963,"type":"if","locations":[{"start":{"line":963,"column":17},"end":{"line":963,"column":17}},{"start":{"line":963,"column":17},"end":{"line":963,"column":17}}]},"112":{"line":965,"type":"if","locations":[{"start":{"line":965,"column":17},"end":{"line":965,"column":17}},{"start":{"line":965,"column":17},"end":{"line":965,"column":17}}]},"113":{"line":988,"type":"if","locations":[{"start":{"line":988,"column":4},"end":{"line":988,"column":4}},{"start":{"line":988,"column":4},"end":{"line":988,"column":4}}]},"114":{"line":993,"type":"if","locations":[{"start":{"line":993,"column":9},"end":{"line":993,"column":9}},{"start":{"line":993,"column":9},"end":{"line":993,"column":9}}]},"115":{"line":995,"type":"if","locations":[{"start":{"line":995,"column":8},"end":{"line":995,"column":8}},{"start":{"line":995,"column":8},"end":{"line":995,"column":8}}]},"116":{"line":995,"type":"binary-expr","locations":[{"start":{"line":995,"column":12},"end":{"line":995,"column":30}},{"start":{"line":995,"column":34},"end":{"line":995,"column":55}}]},"117":{"line":996,"type":"if","locations":[{"start":{"line":996,"column":10},"end":{"line":996,"column":10}},{"start":{"line":996,"column":10},"end":{"line":996,"column":10}}]},"118":{"line":1001,"type":"if","locations":[{"start":{"line":1001,"column":15},"end":{"line":1001,"column":15}},{"start":{"line":1001,"column":15},"end":{"line":1001,"column":15}}]},"119":{"line":1005,"type":"if","locations":[{"start":{"line":1005,"column":10},"end":{"line":1005,"column":10}},{"start":{"line":1005,"column":10},"end":{"line":1005,"column":10}}]},"120":{"line":1006,"type":"if","locations":[{"start":{"line":1006,"column":12},"end":{"line":1006,"column":12}},{"start":{"line":1006,"column":12},"end":{"line":1006,"column":12}}]},"121":{"line":1008,"type":"if","locations":[{"start":{"line":1008,"column":12},"end":{"line":1008,"column":12}},{"start":{"line":1008,"column":12},"end":{"line":1008,"column":12}}]},"122":{"line":1015,"type":"if","locations":[{"start":{"line":1015,"column":11},"end":{"line":1015,"column":11}},{"start":{"line":1015,"column":11},"end":{"line":1015,"column":11}}]},"123":{"line":1015,"type":"binary-expr","locations":[{"start":{"line":1015,"column":15},"end":{"line":1015,"column":30}},{"start":{"line":1015,"column":34},"end":{"line":1015,"column":40}},{"start":{"line":1015,"column":44},"end":{"line":1015,"column":56}}]},"124":{"line":1017,"type":"if","locations":[{"start":{"line":1017,"column":12},"end":{"line":1017,"column":12}},{"start":{"line":1017,"column":12},"end":{"line":1017,"column":12}}]},"125":{"line":1019,"type":"if","locations":[{"start":{"line":1019,"column":14},"end":{"line":1019,"column":14}},{"start":{"line":1019,"column":14},"end":{"line":1019,"column":14}}]},"126":{"line":1021,"type":"if","locations":[{"start":{"line":1021,"column":16},"end":{"line":1021,"column":16}},{"start":{"line":1021,"column":16},"end":{"line":1021,"column":16}}]},"127":{"line":1034,"type":"if","locations":[{"start":{"line":1034,"column":14},"end":{"line":1034,"column":14}},{"start":{"line":1034,"column":14},"end":{"line":1034,"column":14}}]},"128":{"line":1036,"type":"if","locations":[{"start":{"line":1036,"column":16},"end":{"line":1036,"column":16}},{"start":{"line":1036,"column":16},"end":{"line":1036,"column":16}}]},"129":{"line":1037,"type":"if","locations":[{"start":{"line":1037,"column":18},"end":{"line":1037,"column":18}},{"start":{"line":1037,"column":18},"end":{"line":1037,"column":18}}]},"130":{"line":1038,"type":"if","locations":[{"start":{"line":1038,"column":20},"end":{"line":1038,"column":20}},{"start":{"line":1038,"column":20},"end":{"line":1038,"column":20}}]},"131":{"line":1045,"type":"if","locations":[{"start":{"line":1045,"column":20},"end":{"line":1045,"column":20}},{"start":{"line":1045,"column":20},"end":{"line":1045,"column":20}}]},"132":{"line":1063,"type":"if","locations":[{"start":{"line":1063,"column":6},"end":{"line":1063,"column":6}},{"start":{"line":1063,"column":6},"end":{"line":1063,"column":6}}]},"133":{"line":1065,"type":"if","locations":[{"start":{"line":1065,"column":8},"end":{"line":1065,"column":8}},{"start":{"line":1065,"column":8},"end":{"line":1065,"column":8}}]},"134":{"line":1065,"type":"binary-expr","locations":[{"start":{"line":1065,"column":12},"end":{"line":1065,"column":37}},{"start":{"line":1065,"column":41},"end":{"line":1065,"column":46}}]},"135":{"line":1066,"type":"if","locations":[{"start":{"line":1066,"column":10},"end":{"line":1066,"column":10}},{"start":{"line":1066,"column":10},"end":{"line":1066,"column":10}}]},"136":{"line":1068,"type":"if","locations":[{"start":{"line":1068,"column":17},"end":{"line":1068,"column":17}},{"start":{"line":1068,"column":17},"end":{"line":1068,"column":17}}]},"137":{"line":1070,"type":"if","locations":[{"start":{"line":1070,"column":17},"end":{"line":1070,"column":17}},{"start":{"line":1070,"column":17},"end":{"line":1070,"column":17}}]},"138":{"line":1072,"type":"if","locations":[{"start":{"line":1072,"column":17},"end":{"line":1072,"column":17}},{"start":{"line":1072,"column":17},"end":{"line":1072,"column":17}}]},"139":{"line":1074,"type":"if","locations":[{"start":{"line":1074,"column":17},"end":{"line":1074,"column":17}},{"start":{"line":1074,"column":17},"end":{"line":1074,"column":17}}]},"140":{"line":1076,"type":"if","locations":[{"start":{"line":1076,"column":17},"end":{"line":1076,"column":17}},{"start":{"line":1076,"column":17},"end":{"line":1076,"column":17}}]},"141":{"line":1082,"type":"cond-expr","locations":[{"start":{"line":1082,"column":45},"end":{"line":1082,"column":47}},{"start":{"line":1082,"column":50},"end":{"line":1082,"column":55}}]},"142":{"line":1109,"type":"if","locations":[{"start":{"line":1109,"column":8},"end":{"line":1109,"column":8}},{"start":{"line":1109,"column":8},"end":{"line":1109,"column":8}}]},"143":{"line":1118,"type":"if","locations":[{"start":{"line":1118,"column":6},"end":{"line":1118,"column":6}},{"start":{"line":1118,"column":6},"end":{"line":1118,"column":6}}]},"144":{"line":1166,"type":"if","locations":[{"start":{"line":1166,"column":4},"end":{"line":1166,"column":4}},{"start":{"line":1166,"column":4},"end":{"line":1166,"column":4}}]},"145":{"line":1166,"type":"binary-expr","locations":[{"start":{"line":1166,"column":8},"end":{"line":1166,"column":14}},{"start":{"line":1166,"column":18},"end":{"line":1166,"column":54}}]},"146":{"line":1180,"type":"binary-expr","locations":[{"start":{"line":1180,"column":15},"end":{"line":1180,"column":38}},{"start":{"line":1180,"column":42},"end":{"line":1180,"column":77}}]},"147":{"line":1215,"type":"cond-expr","locations":[{"start":{"line":1215,"column":36},"end":{"line":1215,"column":38}},{"start":{"line":1215,"column":41},"end":{"line":1215,"column":73}}]},"148":{"line":1231,"type":"cond-expr","locations":[{"start":{"line":1231,"column":25},"end":{"line":1231,"column":48}},{"start":{"line":1231,"column":51},"end":{"line":1231,"column":78}}]},"149":{"line":1231,"type":"binary-expr","locations":[{"start":{"line":1231,"column":33},"end":{"line":1231,"column":37}},{"start":{"line":1231,"column":41},"end":{"line":1231,"column":47}}]},"150":{"line":1231,"type":"binary-expr","locations":[{"start":{"line":1231,"column":63},"end":{"line":1231,"column":67}},{"start":{"line":1231,"column":71},"end":{"line":1231,"column":77}}]},"151":{"line":1249,"type":"if","locations":[{"start":{"line":1249,"column":6},"end":{"line":1249,"column":6}},{"start":{"line":1249,"column":6},"end":{"line":1249,"column":6}}]},"152":{"line":1252,"type":"cond-expr","locations":[{"start":{"line":1252,"column":37},"end":{"line":1252,"column":83}},{"start":{"line":1252,"column":86},"end":{"line":1252,"column":93}}]},"153":{"line":1256,"type":"if","locations":[{"start":{"line":1256,"column":6},"end":{"line":1256,"column":6}},{"start":{"line":1256,"column":6},"end":{"line":1256,"column":6}}]},"154":{"line":1257,"type":"if","locations":[{"start":{"line":1257,"column":8},"end":{"line":1257,"column":8}},{"start":{"line":1257,"column":8},"end":{"line":1257,"column":8}}]},"155":{"line":1273,"type":"if","locations":[{"start":{"line":1273,"column":4},"end":{"line":1273,"column":4}},{"start":{"line":1273,"column":4},"end":{"line":1273,"column":4}}]},"156":{"line":1275,"type":"binary-expr","locations":[{"start":{"line":1275,"column":13},"end":{"line":1275,"column":29}},{"start":{"line":1275,"column":33},"end":{"line":1275,"column":39}}]},"157":{"line":1277,"type":"if","locations":[{"start":{"line":1277,"column":4},"end":{"line":1277,"column":4}},{"start":{"line":1277,"column":4},"end":{"line":1277,"column":4}}]},"158":{"line":1278,"type":"binary-expr","locations":[{"start":{"line":1278,"column":11},"end":{"line":1278,"column":19}},{"start":{"line":1278,"column":24},"end":{"line":1278,"column":48}}]},"159":{"line":1297,"type":"if","locations":[{"start":{"line":1297,"column":6},"end":{"line":1297,"column":6}},{"start":{"line":1297,"column":6},"end":{"line":1297,"column":6}}]},"160":{"line":1297,"type":"binary-expr","locations":[{"start":{"line":1297,"column":10},"end":{"line":1297,"column":41}},{"start":{"line":1297,"column":45},"end":{"line":1297,"column":86}}]},"161":{"line":1301,"type":"cond-expr","locations":[{"start":{"line":1301,"column":36},"end":{"line":1301,"column":48}},{"start":{"line":1301,"column":51},"end":{"line":1301,"column":70}}]},"162":{"line":1330,"type":"cond-expr","locations":[{"start":{"line":1330,"column":34},"end":{"line":1330,"column":219}},{"start":{"line":1330,"column":222},"end":{"line":1330,"column":291}}]},"163":{"line":1330,"type":"cond-expr","locations":[{"start":{"line":1330,"column":49},"end":{"line":1330,"column":64}},{"start":{"line":1330,"column":67},"end":{"line":1330,"column":219}}]},"164":{"line":1330,"type":"cond-expr","locations":[{"start":{"line":1330,"column":94},"end":{"line":1330,"column":116}},{"start":{"line":1330,"column":119},"end":{"line":1330,"column":219}}]},"165":{"line":1330,"type":"cond-expr","locations":[{"start":{"line":1330,"column":135},"end":{"line":1330,"column":156}},{"start":{"line":1330,"column":159},"end":{"line":1330,"column":219}}]},"166":{"line":1330,"type":"cond-expr","locations":[{"start":{"line":1330,"column":180},"end":{"line":1330,"column":196}},{"start":{"line":1330,"column":199},"end":{"line":1330,"column":219}}]},"167":{"line":1330,"type":"cond-expr","locations":[{"start":{"line":1330,"column":239},"end":{"line":1330,"column":254}},{"start":{"line":1330,"column":257},"end":{"line":1330,"column":267}}]}}}}