TN:
SF:/home/webreflection/code/hyperHTML/index.js
FN:1,(anonymous_1)
FN:16,hyper
FN:38,adopt
FN:39,(anonymous_4)
FN:50,bind
FN:53,define
FN:62,escape
FN:69,wire
FN:83,Component
FN:88,(anonymous_10)
FN:101,(anonymous_11)
FN:103,(anonymous_12)
FN:105,(anonymous_13)
FN:145,Aura
FN:151,splice
FN:190,render
FN:207,setAttribute
FN:232,eventAttr
FN:240,specialAttr
FN:270,normalAttr
FN:296,setTextContent
FN:298,(anonymous_22)
FN:308,setAnyContent
FN:310,anyContent
FN:424,attributesSeeker
FN:451,hyperSeeker
FN:497,(anonymous_27)
FN:510,(anonymous_28)
FN:512,(anonymous_29)
FN:531,fnEscape
FN:536,asHTML
FN:541,createContent
FN:562,createDocumentFragment
FN:568,createFragment
FN:577,createHTMLFragment
FN:613,createSVGFragment
FN:629,createText
FN:634,dispatchAll
FN:649,getCEClass
FN:657,isSpecialAttribute
FN:667,invokeAtDistance
FN:681,invokeTransformer
FN:691,isNode_ish
FN:696,isPromise_ish
FN:702,lazyGetter
FN:705,(anonymous_46)
FN:708,(anonymous_47)
FN:715,removeAttributeList
FN:722,setContent
FN:740,Path
FN:756,(anonymous_51)
FN:764,(anonymous_52)
FN:772,(anonymous_53)
FN:775,(anonymous_54)
FN:782,(anonymous_55)
FN:784,(anonymous_56)
FN:785,(anonymous_57)
FN:796,(anonymous_58)
FN:799,(anonymous_59)
FN:800,(anonymous_60)
FN:807,(anonymous_61)
FN:810,(anonymous_62)
FN:816,(anonymous_63)
FN:827,(anonymous_64)
FN:832,(anonymous_65)
FN:839,(anonymous_66)
FN:854,unique
FN:862,(anonymous_68)
FN:865,appendNodes
FN:877,(anonymous_70)
FN:891,(anonymous_71)
FN:896,(anonymous_72)
FN:910,(anonymous_73)
FN:920,(anonymous_74)
FN:924,(anonymous_75)
FN:945,(anonymous_76)
FN:949,(anonymous_77)
FN:960,(anonymous_78)
FN:971,(anonymous_79)
FN:977,(anonymous_80)
FN:980,(anonymous_81)
FN:986,(anonymous_82)
FN:989,removePreviousText
FN:998,insertBefore
FN:1008,discoverNode
FN:1087,discoverUpdates
FN:1114,createTemplate
FN:1126,createPath
FN:1160,createUpdates
FN:1181,update
FN:1189,upgrade
FN:1210,wireContent
FN:1213,before
FN:1221,after
FN:1233,adopt
FN:1239,(anonymous_96)
FN:1260,update
FN:1273,wireWeakly
FN:1304,(anonymous_99)
FN:1318,majinbuu
FN:1346,aura
FN:1348,hodor
FN:1365,levenstein
FN:1401,addOperation
FN:1412,getOperations
FN:1455,performOperations
FNF:106
FNH:106
FNDA:2,(anonymous_1)
FNDA:20,hyper
FNDA:28,adopt
FNDA:32,(anonymous_4)
FNDA:233,bind
FNDA:4,define
FNDA:2,escape
FNDA:78,wire
FNDA:16,Component
FNDA:12,(anonymous_10)
FNDA:6,(anonymous_11)
FNDA:4,(anonymous_12)
FNDA:6,(anonymous_13)
FNDA:117,Aura
FNDA:98,splice
FNDA:318,render
FNDA:62,setAttribute
FNDA:34,eventAttr
FNDA:28,specialAttr
FNDA:72,normalAttr
FNDA:4,setTextContent
FNDA:6,(anonymous_22)
FNDA:117,setAnyContent
FNDA:316,anyContent
FNDA:128,attributesSeeker
FNDA:247,hyperSeeker
FNDA:2,(anonymous_27)
FNDA:2,(anonymous_28)
FNDA:228,(anonymous_29)
FNDA:4,fnEscape
FNDA:2,asHTML
FNDA:72,createContent
FNDA:160,createDocumentFragment
FNDA:147,createFragment
FNDA:145,createHTMLFragment
FNDA:2,createSVGFragment
FNDA:82,createText
FNDA:16,dispatchAll
FNDA:4,getCEClass
FNDA:60,isSpecialAttribute
FNDA:10,invokeAtDistance
FNDA:12,invokeTransformer
FNDA:86,isNode_ish
FNDA:109,isPromise_ish
FNDA:6,lazyGetter
FNDA:44,(anonymous_46)
FNDA:20,(anonymous_47)
FNDA:173,removeAttributeList
FNDA:183,setContent
FNDA:130,Path
FNDA:3,(anonymous_51)
FNDA:5,(anonymous_52)
FNDA:2,(anonymous_53)
FNDA:4,(anonymous_54)
FNDA:3,(anonymous_55)
FNDA:202,(anonymous_56)
FNDA:108,(anonymous_57)
FNDA:1,(anonymous_58)
FNDA:2,(anonymous_59)
FNDA:5,(anonymous_60)
FNDA:1,(anonymous_61)
FNDA:89,(anonymous_62)
FNDA:61,(anonymous_63)
FNDA:1,(anonymous_64)
FNDA:113,(anonymous_65)
FNDA:26,(anonymous_66)
FNDA:242,unique
FNDA:75,(anonymous_68)
FNDA:5,appendNodes
FNDA:189,(anonymous_70)
FNDA:106,(anonymous_71)
FNDA:99,(anonymous_72)
FNDA:92,(anonymous_73)
FNDA:44,(anonymous_74)
FNDA:56,(anonymous_75)
FNDA:2,(anonymous_76)
FNDA:248,(anonymous_77)
FNDA:68,(anonymous_78)
FNDA:21,(anonymous_79)
FNDA:21,(anonymous_80)
FNDA:18,(anonymous_81)
FNDA:18,(anonymous_82)
FNDA:40,removePreviousText
FNDA:36,insertBefore
FNDA:46,discoverNode
FNDA:32,discoverUpdates
FNDA:119,createTemplate
FNDA:130,createPath
FNDA:141,createUpdates
FNDA:318,update
FNDA:173,upgrade
FNDA:70,wireContent
FNDA:70,before
FNDA:110,after
FNDA:14,adopt
FNDA:14,(anonymous_96)
FNDA:96,update
FNDA:62,wireWeakly
FNDA:2,(anonymous_99)
FNDA:67,majinbuu
FNDA:117,aura
FNDA:98,hodor
FNDA:34,levenstein
FNDA:34,addOperation
FNDA:34,getOperations
FNDA:34,performOperations
DA:1,2
DA:11,2
DA:14,2
DA:16,1
DA:17,20
DA:38,2
DA:39,28
DA:40,32
DA:41,32
DA:42,32
DA:43,32
DA:49,2
DA:50,233
DA:53,2
DA:54,4
DA:55,2
DA:57,4
DA:62,2
DA:63,2
DA:68,2
DA:69,1
DA:70,78
DA:82,2
DA:83,1
DA:84,2
DA:90,12
DA:91,12
DA:101,6
DA:103,4
DA:106,6
DA:107,6
DA:108,11
DA:109,6
DA:126,2
DA:127,2
DA:128,2
DA:129,2
DA:130,2
DA:133,2
DA:134,2
DA:136,2
DA:137,2
DA:138,2
DA:139,2
DA:145,1
DA:146,117
DA:147,117
DA:148,117
DA:151,2
DA:152,98
DA:163,55
DA:165,55
DA:166,49
DA:169,98
DA:170,98
DA:171,98
DA:172,56
DA:173,40
DA:175,16
DA:176,16
DA:177,44
DA:180,56
DA:182,98
DA:190,1
DA:191,318
DA:192,318
DA:196,173
DA:197,173
DA:199,318
DA:200,318
DA:207,1
DA:208,62
DA:220,62
DA:221,26
DA:222,26
DA:223,18
DA:224,4
DA:226,14
DA:227,12
DA:231,62
DA:233,34
DA:234,22
DA:235,22
DA:236,22
DA:241,28
DA:242,24
DA:243,20
DA:246,20
DA:250,14
DA:253,4
DA:254,4
DA:256,10
DA:261,4
DA:262,4
DA:263,2
DA:265,2
DA:266,2
DA:271,72
DA:272,50
DA:275,50
DA:276,46
DA:277,4
DA:279,2
DA:280,2
DA:283,42
DA:284,42
DA:285,2
DA:286,2
DA:296,1
DA:297,4
DA:298,4
DA:299,6
DA:300,4
DA:301,4
DA:308,1
DA:309,117
DA:310,117
DA:311,316
DA:315,132
DA:316,132
DA:320,54
DA:321,28
DA:322,28
DA:325,78
DA:326,78
DA:327,2
DA:329,76
DA:335,132
DA:337,4
DA:338,4
DA:341,180
DA:342,8
DA:343,8
DA:344,8
DA:345,172
DA:346,2
DA:349,172
DA:350,172
DA:351,86
DA:352,86
DA:353,5
DA:355,81
DA:359,24
DA:360,24
DA:362,10
DA:363,10
DA:364,12
DA:366,10
DA:367,10
DA:369,47
DA:370,12
DA:372,47
DA:373,4
DA:374,4
DA:376,43
DA:377,94
DA:378,4
DA:383,43
DA:384,43
DA:387,86
DA:388,24
DA:395,62
DA:396,4
DA:397,58
DA:398,10
DA:399,48
DA:400,4
DA:401,44
DA:402,4
DA:403,40
DA:404,28
DA:405,28
DA:406,28
DA:407,28
DA:408,28
DA:409,12
DA:410,4
DA:412,8
DA:414,172
DA:424,1
DA:425,128
DA:433,64
DA:434,64
DA:435,56
DA:436,56
DA:437,56
DA:451,1
DA:452,247
DA:458,351
DA:459,351
DA:461,128
DA:462,128
DA:463,128
DA:465,72
DA:466,70
DA:467,70
DA:469,72
DA:471,151
DA:475,4
DA:476,4
DA:478,151
DA:486,2
DA:491,2
DA:497,2
DA:498,2
DA:499,2
DA:500,2
DA:505,2
DA:510,2
DA:511,2
DA:512,228
DA:513,2
DA:521,2
DA:524,2
DA:531,1
DA:532,4
DA:536,1
DA:537,2
DA:541,1
DA:542,72
DA:550,106
DA:551,106
DA:555,76
DA:558,72
DA:562,1
DA:563,160
DA:568,1
DA:569,147
DA:577,1
DA:578,145
DA:579,145
DA:580,145
DA:581,145
DA:582,145
DA:583,145
DA:585,70
DA:592,70
DA:594,145
DA:598,1
DA:599,1
DA:600,1
DA:602,144
DA:603,144
DA:604,75
DA:606,69
DA:609,145
DA:613,1
DA:614,2
DA:615,2
DA:616,2
DA:617,1
DA:618,1
DA:619,1
DA:621,1
DA:622,1
DA:623,1
DA:625,2
DA:629,1
DA:630,82
DA:634,1
DA:635,16
DA:640,11
DA:641,11
DA:642,6
DA:649,1
DA:650,4
DA:651,4
DA:652,4
DA:657,1
DA:658,60
DA:659,60
DA:660,4
DA:661,4
DA:663,60
DA:667,1
DA:668,10
DA:669,10
DA:670,2
DA:671,8
DA:672,2
DA:673,6
DA:674,2
DA:676,4
DA:681,1
DA:682,12
DA:683,10
DA:684,10
DA:685,8
DA:691,1
DA:692,86
DA:696,1
DA:697,109
DA:702,1
DA:703,6
DA:704,6
DA:706,44
DA:709,20
DA:715,1
DA:716,173
DA:717,26
DA:722,1
DA:723,183
DA:724,183
DA:727,117
DA:728,117
DA:730,62
DA:731,62
DA:733,4
DA:734,4
DA:736,183
DA:740,1
DA:741,130
DA:748,2
DA:749,2
DA:750,2
DA:752,2
DA:753,2
DA:754,1
DA:756,1
DA:757,3
DA:758,3
DA:759,3
DA:763,2
DA:764,2
DA:765,5
DA:766,5
DA:767,5
DA:768,5
DA:772,1
DA:773,2
DA:775,1
DA:776,4
DA:781,2
DA:783,3
DA:784,202
DA:786,108
DA:795,2
DA:797,1
DA:798,1
DA:799,2
DA:800,5
DA:806,2
DA:808,1
DA:809,1
DA:811,89
DA:817,61
DA:826,2
DA:828,1
DA:831,1
DA:832,1
DA:833,113
DA:838,2
DA:839,26
DA:846,2
DA:849,2
DA:850,2
DA:853,2
DA:854,1
DA:855,242
DA:856,242
DA:861,2
DA:863,75
DA:866,5
DA:871,6
DA:876,2
DA:878,189
DA:885,439
DA:886,439
DA:887,232
DA:889,189
DA:891,106
DA:895,2
DA:897,99
DA:898,171
DA:899,171
DA:901,78
DA:902,78
DA:904,93
DA:905,93
DA:908,99
DA:911,92
DA:912,156
DA:914,92
DA:918,2
DA:919,2
DA:920,2
DA:921,44
DA:924,2
DA:925,56
DA:929,2
DA:932,2
DA:935,2
DA:938,2
DA:941,2
DA:945,2
DA:946,2
DA:947,2
DA:948,2
DA:950,248
DA:956,175
DA:958,248
DA:961,68
DA:970,2
DA:972,21
DA:973,15
DA:975,15
DA:977,21
DA:979,2
DA:981,18
DA:982,12
DA:984,14
DA:986,18
DA:989,1
DA:990,40
DA:991,40
DA:992,10
DA:993,10
DA:998,1
DA:999,36
DA:1000,10
DA:1002,26
DA:1008,1
DA:1009,46
DA:1018,82
DA:1020,8
DA:1021,8
DA:1022,6
DA:1024,8
DA:1025,8
DA:1027,36
DA:1028,36
DA:1029,36
DA:1030,36
DA:1031,36
DA:1032,36
DA:1033,36
DA:1034,36
DA:1040,26
DA:1041,26
DA:1044,4
DA:1047,10
DA:1048,10
DA:1050,36
DA:1054,36
DA:1055,6
DA:1061,30
DA:1067,36
DA:1068,30
DA:1070,36
DA:1073,38
DA:1079,38
DA:1080,38
DA:1083,46
DA:1087,1
DA:1088,32
DA:1095,46
DA:1096,46
DA:1097,46
DA:1104,32
DA:1105,32
DA:1114,1
DA:1115,119
DA:1116,119
DA:1117,119
DA:1118,119
DA:1119,119
DA:1120,119
DA:1126,1
DA:1127,130
DA:1128,130
DA:1129,130
DA:1132,4
DA:1133,4
DA:1135,70
DA:1136,70
DA:1140,70
DA:1143,56
DA:1144,56
DA:1145,56
DA:1147,130
DA:1152,107
DA:1154,130
DA:1160,1
DA:1161,141
DA:1168,137
DA:1169,137
DA:1176,141
DA:1177,141
DA:1181,1
DA:1182,318
DA:1183,360
DA:1189,1
DA:1190,173
DA:1191,173
DA:1192,173
DA:1194,173
DA:1195,141
DA:1196,141
DA:1197,141
DA:1198,141
DA:1200,32
DA:1202,173
DA:1210,1
DA:1211,70
DA:1213,1
DA:1214,70
DA:1215,70
DA:1218,70
DA:1221,1
DA:1222,110
DA:1223,72
DA:1224,72
DA:1225,8
DA:1227,72
DA:1229,110
DA:1232,70
DA:1234,14
DA:1235,14
DA:1236,14
DA:1237,10
DA:1238,10
DA:1239,10
DA:1240,14
DA:1241,10
DA:1242,2
DA:1243,2
DA:1248,2
DA:1250,8
DA:1251,8
DA:1254,14
DA:1255,14
DA:1258,14
DA:1261,96
DA:1262,96
DA:1263,62
DA:1264,62
DA:1265,62
DA:1267,96
DA:1268,96
DA:1273,1
DA:1274,62
DA:1275,62
DA:1276,62
DA:1277,62
DA:1278,12
DA:1279,12
DA:1281,62
DA:1282,32
DA:1283,32
DA:1285,62
DA:1297,2
DA:1302,2
DA:1309,2
DA:1318,1
DA:1319,67
DA:1324,67
DA:1325,29
DA:1326,27
DA:1328,29
DA:1330,38
DA:1331,4
DA:1332,4
DA:1334,34
DA:1346,2
DA:1347,117
DA:1348,117
DA:1349,98
DA:1350,98
DA:1351,98
DA:1352,98
DA:1354,117
DA:1357,2
DA:1365,1
DA:1366,34
DA:1367,34
DA:1368,34
DA:1369,34
DA:1370,34
DA:1371,34
DA:1372,34
DA:1373,34
DA:1374,34
DA:1375,34
DA:1376,34
DA:1377,34
DA:1378,59
DA:1379,34
DA:1380,55
DA:1381,55
DA:1382,55
DA:1383,55
DA:1384,55
DA:1385,106
DA:1386,106
DA:1387,106
DA:1388,106
DA:1393,106
DA:1395,55
DA:1397,34
DA:1401,1
DA:1402,34
DA:1412,1
DA:1413,34
DA:1422,34
DA:1423,60
DA:1424,60
DA:1425,60
DA:1426,60
DA:1427,60
DA:1428,60
DA:1429,60
DA:1430,50
DA:1431,50
DA:1432,50
DA:1433,20
DA:1436,10
DA:1437,7
DA:1438,7
DA:1441,3
DA:1442,3
DA:1445,34
DA:1446,2
DA:1448,34
DA:1449,2
DA:1451,34
DA:1455,1
DA:1456,34
DA:1462,34
DA:1463,24
DA:1464,24
DA:1465,10
DA:1466,10
DA:1467,2
DA:1468,2
DA:1470,8
DA:1471,8
DA:1474,8
DA:1476,10
DA:1478,24
DA:1497,2
LF:640
LH:640
BRDA:17,1,0,14
BRDA:17,1,1,6
BRDA:18,2,0,2
BRDA:18,2,1,12
BRDA:20,3,0,2
BRDA:20,3,1,10
BRDA:22,4,0,2
BRDA:22,4,1,8
BRDA:24,5,0,4
BRDA:24,5,1,4
BRDA:30,6,0,2
BRDA:30,6,1,4
BRDA:54,7,0,2
BRDA:54,7,1,2
BRDA:70,8,0,14
BRDA:70,8,1,64
BRDA:72,9,0,6
BRDA:72,9,1,58
BRDA:73,10,0,6
BRDA:73,10,1,2
BRDA:74,11,0,58
BRDA:74,11,1,32
BRDA:92,12,0,12
BRDA:92,12,1,10
BRDA:92,12,2,10
BRDA:107,13,0,2
BRDA:107,13,1,4
BRDA:165,14,0,49
BRDA:165,14,1,6
BRDA:171,15,0,56
BRDA:171,15,1,42
BRDA:172,16,0,40
BRDA:172,16,1,16
BRDA:192,17,0,173
BRDA:192,17,1,145
BRDA:193,18,0,318
BRDA:193,18,1,187
BRDA:211,19,0,62
BRDA:211,19,1,60
BRDA:212,20,0,62
BRDA:212,20,1,60
BRDA:212,20,2,20
BRDA:215,21,0,18
BRDA:215,21,1,44
BRDA:216,22,0,62
BRDA:216,22,1,42
BRDA:217,23,0,62
BRDA:217,23,1,20
BRDA:217,23,2,18
BRDA:220,24,0,26
BRDA:220,24,1,36
BRDA:220,25,0,62
BRDA:220,25,1,44
BRDA:222,26,0,18
BRDA:222,26,1,8
BRDA:223,27,0,4
BRDA:223,27,1,14
BRDA:223,28,0,18
BRDA:223,28,1,16
BRDA:226,29,0,12
BRDA:226,29,1,2
BRDA:231,30,0,18
BRDA:231,30,1,44
BRDA:233,31,0,22
BRDA:233,31,1,12
BRDA:234,32,0,4
BRDA:234,32,1,18
BRDA:236,33,0,20
BRDA:236,33,1,2
BRDA:239,34,0,10
BRDA:239,34,1,34
BRDA:241,35,0,24
BRDA:241,35,1,4
BRDA:242,36,0,20
BRDA:242,36,1,4
BRDA:246,37,0,14
BRDA:246,37,1,6
BRDA:250,38,0,4
BRDA:250,38,1,10
BRDA:262,39,0,2
BRDA:262,39,1,2
BRDA:271,40,0,50
BRDA:271,40,1,22
BRDA:275,41,0,46
BRDA:275,41,1,4
BRDA:276,42,0,4
BRDA:276,42,1,42
BRDA:277,43,0,2
BRDA:277,43,1,2
BRDA:284,44,0,2
BRDA:284,44,1,40
BRDA:299,45,0,4
BRDA:299,45,1,2
BRDA:311,46,0,118
BRDA:311,46,1,130
BRDA:311,46,2,132
BRDA:311,46,3,4
BRDA:311,46,4,174
BRDA:311,46,5,180
BRDA:311,46,6,172
BRDA:316,47,0,54
BRDA:316,47,1,78
BRDA:317,48,0,132
BRDA:317,48,1,56
BRDA:320,49,0,28
BRDA:320,49,1,26
BRDA:326,50,0,2
BRDA:326,50,1,76
BRDA:341,51,0,8
BRDA:341,51,1,172
BRDA:345,52,0,2
BRDA:345,52,1,170
BRDA:350,53,0,86
BRDA:350,53,1,86
BRDA:352,54,0,5
BRDA:352,54,1,81
BRDA:355,55,0,16
BRDA:355,55,1,24
BRDA:355,55,2,24
BRDA:355,55,3,10
BRDA:355,55,4,47
BRDA:355,55,5,43
BRDA:369,56,0,12
BRDA:369,56,1,35
BRDA:372,57,0,4
BRDA:372,57,1,43
BRDA:377,58,0,4
BRDA:377,58,1,90
BRDA:387,59,0,24
BRDA:387,59,1,62
BRDA:390,60,0,8
BRDA:390,60,1,16
BRDA:395,61,0,4
BRDA:395,61,1,58
BRDA:397,62,0,10
BRDA:397,62,1,48
BRDA:399,63,0,4
BRDA:399,63,1,44
BRDA:401,64,0,4
BRDA:401,64,1,40
BRDA:403,65,0,28
BRDA:403,65,1,12
BRDA:409,66,0,4
BRDA:409,66,1,8
BRDA:434,67,0,56
BRDA:434,67,1,8
BRDA:442,68,0,56
BRDA:442,68,1,4
BRDA:459,69,0,128
BRDA:459,69,1,72
BRDA:459,69,2,151
BRDA:465,70,0,70
BRDA:465,70,1,2
BRDA:471,71,0,4
BRDA:471,71,1,147
BRDA:472,72,0,151
BRDA:472,72,1,4
BRDA:491,73,0,2
BRDA:491,73,1,1
BRDA:491,73,2,1
BRDA:511,74,0,1
BRDA:511,74,1,1
BRDA:511,75,0,2
BRDA:511,75,1,2
BRDA:551,76,0,76
BRDA:551,76,1,30
BRDA:552,77,0,106
BRDA:552,77,1,44
BRDA:558,78,0,64
BRDA:558,78,1,8
BRDA:570,79,0,2
BRDA:570,79,1,145
BRDA:583,80,0,70
BRDA:583,80,1,75
BRDA:594,81,0,1
BRDA:594,81,1,144
BRDA:603,82,0,75
BRDA:603,82,1,69
BRDA:616,83,0,1
BRDA:616,83,1,1
BRDA:616,84,0,2
BRDA:616,84,1,1
BRDA:641,85,0,6
BRDA:641,85,1,5
BRDA:642,86,0,6
BRDA:642,86,1,6
BRDA:651,87,0,4
BRDA:651,87,1,4
BRDA:652,88,0,4
BRDA:652,88,1,4
BRDA:659,89,0,4
BRDA:659,89,1,56
BRDA:659,90,0,60
BRDA:659,90,1,60
BRDA:661,91,0,2
BRDA:661,91,1,2
BRDA:663,92,0,60
BRDA:663,92,1,60
BRDA:669,93,0,2
BRDA:669,93,1,8
BRDA:671,94,0,2
BRDA:671,94,1,6
BRDA:673,95,0,2
BRDA:673,95,1,4
BRDA:684,96,0,8
BRDA:684,96,1,2
BRDA:697,97,0,109
BRDA:697,97,1,109
BRDA:706,98,0,44
BRDA:706,98,1,16
BRDA:724,99,0,117
BRDA:724,99,1,62
BRDA:724,99,2,4
BRDA:781,100,0,1
BRDA:781,100,1,1
BRDA:795,101,0,1
BRDA:795,101,1,1
BRDA:806,102,0,1
BRDA:806,102,1,1
BRDA:826,103,0,2
BRDA:826,103,1,1
BRDA:838,104,0,2
BRDA:838,104,1,1
BRDA:856,105,0,242
BRDA:856,105,1,61
BRDA:861,106,0,1
BRDA:861,106,1,1
BRDA:876,107,0,1
BRDA:876,107,1,1
BRDA:876,108,0,2
BRDA:876,108,1,1
BRDA:886,109,0,232
BRDA:886,109,1,207
BRDA:895,110,0,1
BRDA:895,110,1,1
BRDA:895,111,0,2
BRDA:895,111,1,1
BRDA:899,112,0,78
BRDA:899,112,1,93
BRDA:925,113,0,56
BRDA:925,113,1,29
BRDA:925,114,0,56
BRDA:925,114,1,29
BRDA:948,115,0,1
BRDA:948,115,1,1
BRDA:970,116,0,1
BRDA:970,116,1,1
BRDA:973,117,0,6
BRDA:973,117,1,9
BRDA:979,118,0,1
BRDA:979,118,1,1
BRDA:982,119,0,4
BRDA:982,119,1,8
BRDA:991,120,0,10
BRDA:991,120,1,30
BRDA:991,121,0,40
BRDA:991,121,1,16
BRDA:999,122,0,10
BRDA:999,122,1,26
BRDA:1018,123,0,8
BRDA:1018,123,1,36
BRDA:1018,123,2,38
BRDA:1021,124,0,6
BRDA:1021,124,1,2
BRDA:1030,125,0,8
BRDA:1030,125,1,28
BRDA:1032,126,0,10
BRDA:1032,126,1,26
BRDA:1034,127,0,26
BRDA:1034,127,1,4
BRDA:1034,127,2,10
BRDA:1054,128,0,6
BRDA:1054,128,1,30
BRDA:1067,129,0,30
BRDA:1067,129,1,6
BRDA:1073,130,0,38
BRDA:1073,130,1,8
BRDA:1129,131,0,4
BRDA:1129,131,1,4
BRDA:1129,131,2,70
BRDA:1129,131,3,18
BRDA:1129,131,4,56
BRDA:1192,132,0,173
BRDA:1192,132,1,119
BRDA:1194,133,0,141
BRDA:1194,133,1,32
BRDA:1215,134,0,8
BRDA:1215,134,1,62
BRDA:1222,135,0,72
BRDA:1222,135,1,38
BRDA:1224,136,0,8
BRDA:1224,136,1,64
BRDA:1232,137,0,8
BRDA:1232,137,1,62
BRDA:1236,138,0,10
BRDA:1236,138,1,4
BRDA:1240,139,0,10
BRDA:1240,139,1,4
BRDA:1241,140,0,2
BRDA:1241,140,1,8
BRDA:1250,141,0,2
BRDA:1250,141,1,6
BRDA:1262,142,0,62
BRDA:1262,142,1,34
BRDA:1277,143,0,12
BRDA:1277,143,1,50
BRDA:1279,144,0,12
BRDA:1279,144,1,12
BRDA:1281,145,0,32
BRDA:1281,145,1,30
BRDA:1285,146,0,62
BRDA:1285,146,1,34
BRDA:1313,147,0,1
BRDA:1313,147,1,1
BRDA:1322,148,0,67
BRDA:1322,148,1,38
BRDA:1324,149,0,29
BRDA:1324,149,1,38
BRDA:1324,150,0,67
BRDA:1324,150,1,38
BRDA:1325,151,0,27
BRDA:1325,151,1,2
BRDA:1325,152,0,29
BRDA:1325,152,1,2
BRDA:1330,153,0,4
BRDA:1330,153,1,34
BRDA:1387,154,0,38
BRDA:1387,154,1,68
BRDA:1388,155,0,25
BRDA:1388,155,1,81
BRDA:1389,156,0,13
BRDA:1389,156,1,12
BRDA:1391,157,0,19
BRDA:1391,157,1,62
BRDA:1422,158,0,94
BRDA:1422,158,1,62
BRDA:1429,159,0,50
BRDA:1429,159,1,10
BRDA:1429,160,0,60
BRDA:1429,160,1,53
BRDA:1429,160,2,50
BRDA:1432,161,0,20
BRDA:1432,161,1,30
BRDA:1436,162,0,7
BRDA:1436,162,1,3
BRDA:1436,163,0,10
BRDA:1436,163,1,7
BRDA:1462,164,0,24
BRDA:1462,164,1,10
BRDA:1466,165,0,2
BRDA:1466,165,1,8
BRDA:1466,166,0,10
BRDA:1466,166,1,6
BRDA:1466,166,2,2
BRDA:1471,167,0,2
BRDA:1471,167,1,6
BRDA:1472,168,0,2
BRDA:1472,168,1,4
BRF:358
BRH:358
end_of_record
