TN:
SF:/home/webreflection/code/hyperHTML/hyperhtml.js
FN:1,(anonymous_1)
FN:14,hyperHTML
FN:31,adopt
FN:32,(anonymous_4)
FN:41,wire
FN:81,indexOfDifferences
FN:97,populateNode
FN:119,removeNodeList
FN:128,resetAndPopulate
FN:134,updateViaArray
FN:151,setAnyContent
FN:152,any
FN:183,setAttribute
FN:197,specialAttr
FN:210,attr
FN:219,setTextContent
FN:221,text
FN:230,setVirtualContent
FN:231,anyVirtual
FN:280,attributesSeeker
FN:305,commentsSeeker
FN:356,(anonymous_22)
FN:369,createContent
FN:391,createFragment
FN:400,createHTMLFragment
FN:436,createSVGFragment
FN:446,createText
FN:452,discoverNode
FN:543,emptyFragment
FN:548,getTextContent
FN:563,handleEvent
FN:568,removeAttributeList
FN:575,setContent
FN:595,Path
FN:605,(anonymous_35)
FN:607,(anonymous_36)
FN:608,(anonymous_37)
FN:620,(anonymous_38)
FN:623,(anonymous_39)
FN:629,(anonymous_40)
FN:637,(anonymous_41)
FN:638,(anonymous_42)
FN:648,(anonymous_43)
FN:657,(anonymous_44)
FN:660,appendNodes
FN:672,(anonymous_46)
FN:673,(anonymous_47)
FN:691,(anonymous_48)
FN:708,(anonymous_49)
FN:719,(anonymous_50)
FN:743,createTemplate
FN:760,createPath
FN:802,createUpdates
FN:823,discoverUpdates
FN:845,update
FN:852,upgrade
FN:870,wireContent
FN:872,update
FN:896,wireWeakly
FNF:59
FNH:59
FNDA:2,(anonymous_1)
FNDA:132,hyperHTML
FNDA:14,adopt
FNDA:16,(anonymous_4)
FNDA:30,wire
FNDA:22,indexOfDifferences
FNDA:16,populateNode
FNDA:34,removeNodeList
FNDA:70,resetAndPopulate
FNDA:10,updateViaArray
FNDA:14,setAnyContent
FNDA:58,any
FNDA:16,setAttribute
FNDA:24,specialAttr
FNDA:12,attr
FNDA:18,setTextContent
FNDA:28,text
FNDA:16,setVirtualContent
FNDA:30,anyVirtual
FNDA:62,attributesSeeker
FNDA:122,commentsSeeker
FNDA:2,(anonymous_22)
FNDA:22,createContent
FNDA:76,createFragment
FNDA:74,createHTMLFragment
FNDA:2,createSVGFragment
FNDA:34,createText
FNDA:26,discoverNode
FNDA:12,emptyFragment
FNDA:16,getTextContent
FNDA:6,handleEvent
FNDA:68,removeAttributeList
FNDA:64,setContent
FNDA:56,Path
FNDA:2,(anonymous_35)
FNDA:108,(anonymous_36)
FNDA:36,(anonymous_37)
FNDA:1,(anonymous_38)
FNDA:34,(anonymous_39)
FNDA:30,(anonymous_40)
FNDA:27,(anonymous_41)
FNDA:8,(anonymous_42)
FNDA:99,(anonymous_43)
FNDA:43,(anonymous_44)
FNDA:8,appendNodes
FNDA:38,(anonymous_46)
FNDA:59,(anonymous_47)
FNDA:32,(anonymous_48)
FNDA:32,(anonymous_49)
FNDA:8,(anonymous_50)
FNDA:60,createTemplate
FNDA:56,createPath
FNDA:54,createUpdates
FNDA:14,discoverUpdates
FNDA:132,update
FNDA:68,upgrade
FNDA:20,wireContent
FNDA:36,update
FNDA:16,wireWeakly
DA:1,2
DA:11,2
DA:14,1
DA:15,132
DA:16,132
DA:20,68
DA:21,68
DA:22,54
DA:24,68
DA:26,132
DA:27,132
DA:31,2
DA:32,14
DA:33,16
DA:34,16
DA:35,16
DA:36,16
DA:41,2
DA:42,30
DA:59,2
DA:60,2
DA:61,2
DA:62,2
DA:63,2
DA:66,2
DA:67,2
DA:69,2
DA:70,2
DA:71,2
DA:72,2
DA:73,2
DA:81,1
DA:82,22
DA:87,22
DA:88,20
DA:89,8
DA:91,14
DA:97,1
DA:98,16
DA:100,6
DA:101,6
DA:102,2
DA:103,2
DA:105,4
DA:106,4
DA:108,6
DA:109,4
DA:111,6
DA:113,2
DA:114,2
DA:119,1
DA:120,34
DA:121,34
DA:122,16
DA:123,16
DA:128,1
DA:129,70
DA:130,70
DA:134,1
DA:135,10
DA:136,10
DA:137,2
DA:138,2
DA:139,2
DA:141,8
DA:142,8
DA:151,1
DA:152,14
DA:153,58
DA:154,58
DA:158,18
DA:159,18
DA:161,40
DA:162,24
DA:163,24
DA:164,6
DA:166,18
DA:167,18
DA:168,6
DA:170,12
DA:171,12
DA:175,16
DA:177,40
DA:183,1
DA:184,16
DA:195,16
DA:196,16
DA:198,24
DA:199,12
DA:200,2
DA:202,12
DA:203,12
DA:204,4
DA:206,8
DA:211,12
DA:212,8
DA:213,8
DA:219,1
DA:220,18
DA:221,18
DA:222,28
DA:223,22
DA:224,22
DA:230,1
DA:231,16
DA:232,30
DA:236,16
DA:237,16
DA:238,16
DA:239,16
DA:240,16
DA:242,14
DA:243,8
DA:244,8
DA:245,2
DA:246,2
DA:248,6
DA:249,6
DA:250,2
DA:252,4
DA:253,4
DA:254,2
DA:255,2
DA:256,2
DA:257,2
DA:258,2
DA:259,2
DA:264,6
DA:265,6
DA:268,6
DA:270,14
DA:280,1
DA:281,62
DA:288,22
DA:289,22
DA:290,16
DA:305,1
DA:306,122
DA:312,170
DA:313,170
DA:315,62
DA:316,62
DA:317,62
DA:319,38
DA:320,36
DA:321,8
DA:322,28
DA:326,14
DA:328,14
DA:329,14
DA:330,14
DA:333,38
DA:335,70
DA:336,4
DA:338,70
DA:350,2
DA:356,2
DA:357,2
DA:358,2
DA:366,2
DA:369,1
DA:370,22
DA:378,30
DA:379,30
DA:383,22
DA:386,22
DA:391,1
DA:392,76
DA:400,1
DA:401,74
DA:402,74
DA:403,74
DA:404,74
DA:405,74
DA:406,74
DA:408,35
DA:415,35
DA:417,74
DA:421,1
DA:422,1
DA:423,1
DA:425,73
DA:426,73
DA:427,39
DA:429,34
DA:432,74
DA:436,1
DA:437,2
DA:438,2
DA:439,2
DA:440,2
DA:441,2
DA:442,2
DA:446,1
DA:447,34
DA:452,1
DA:453,26
DA:462,40
DA:465,4
DA:466,4
DA:467,2
DA:469,4
DA:470,4
DA:472,16
DA:475,8
DA:476,8
DA:477,8
DA:478,16
DA:479,16
DA:480,8
DA:482,8
DA:485,8
DA:486,8
DA:487,6
DA:489,8
DA:490,8
DA:491,6
DA:493,8
DA:494,8
DA:497,8
DA:498,8
DA:499,8
DA:500,8
DA:501,8
DA:502,8
DA:503,8
DA:504,8
DA:510,2
DA:511,2
DA:514,2
DA:517,6
DA:518,6
DA:520,8
DA:524,8
DA:530,8
DA:532,16
DA:534,20
DA:535,20
DA:536,20
DA:539,26
DA:543,1
DA:544,12
DA:548,1
DA:549,16
DA:550,16
DA:552,16
DA:553,28
DA:554,28
DA:555,12
DA:557,16
DA:563,1
DA:564,6
DA:568,1
DA:569,68
DA:570,10
DA:575,1
DA:576,64
DA:577,64
DA:579,14
DA:580,14
DA:582,16
DA:583,16
DA:585,18
DA:586,18
DA:588,16
DA:589,16
DA:591,64
DA:595,1
DA:596,56
DA:604,2
DA:606,2
DA:607,108
DA:609,36
DA:619,2
DA:621,1
DA:622,1
DA:624,34
DA:630,30
DA:637,27
DA:638,8
DA:645,2
DA:646,2
DA:647,1
DA:648,1
DA:649,99
DA:650,99
DA:656,2
DA:658,43
DA:661,8
DA:666,10
DA:671,2
DA:672,38
DA:674,59
DA:681,201
DA:682,201
DA:683,109
DA:685,59
DA:690,2
DA:692,32
DA:693,44
DA:694,44
DA:696,21
DA:697,21
DA:699,8
DA:700,8
DA:702,15
DA:703,15
DA:706,32
DA:709,32
DA:710,44
DA:712,32
DA:716,2
DA:717,1
DA:718,1
DA:719,1
DA:720,8
DA:721,8
DA:726,2
DA:729,2
DA:732,2
DA:735,2
DA:743,1
DA:744,60
DA:745,60
DA:746,60
DA:747,30
DA:748,30
DA:750,60
DA:751,60
DA:752,60
DA:753,60
DA:754,60
DA:760,1
DA:761,56
DA:762,56
DA:763,56
DA:766,12
DA:767,12
DA:770,28
DA:771,28
DA:775,28
DA:778,16
DA:779,16
DA:780,8
DA:782,8
DA:787,16
DA:789,56
DA:794,40
DA:796,56
DA:802,1
DA:803,54
DA:810,38
DA:811,38
DA:812,38
DA:813,4
DA:814,4
DA:816,38
DA:818,54
DA:819,54
DA:823,1
DA:824,14
DA:831,26
DA:832,26
DA:833,26
DA:840,14
DA:841,14
DA:845,1
DA:846,132
DA:847,138
DA:852,1
DA:853,68
DA:854,68
DA:855,68
DA:857,68
DA:858,68
DA:861,68
DA:862,68
DA:870,1
DA:871,20
DA:872,20
DA:873,36
DA:874,36
DA:875,22
DA:876,22
DA:877,22
DA:878,22
DA:881,22
DA:883,36
DA:884,36
DA:885,22
DA:886,22
DA:887,2
DA:889,22
DA:891,36
DA:896,1
DA:897,16
DA:898,16
DA:899,16
DA:900,16
DA:901,8
DA:902,8
DA:904,16
DA:905,4
DA:906,4
DA:908,16
DA:914,2
DA:919,2
LF:407
LH:407
BRDA:16,1,0,68
BRDA:16,1,1,64
BRDA:17,2,0,132
BRDA:17,2,1,94
BRDA:18,3,0,47
BRDA:18,3,1,47
BRDA:21,4,0,54
BRDA:21,4,1,14
BRDA:42,5,0,10
BRDA:42,5,1,20
BRDA:44,6,0,4
BRDA:44,6,1,16
BRDA:45,7,0,4
BRDA:45,7,1,2
BRDA:46,8,0,16
BRDA:46,8,1,8
BRDA:88,9,0,12
BRDA:88,9,1,8
BRDA:88,10,0,20
BRDA:88,10,1,16
BRDA:91,11,0,6
BRDA:91,11,1,8
BRDA:98,12,0,6
BRDA:98,12,1,6
BRDA:98,12,2,2
BRDA:101,13,0,2
BRDA:101,13,1,4
BRDA:108,14,0,4
BRDA:108,14,1,2
BRDA:136,15,0,2
BRDA:136,15,1,8
BRDA:154,16,0,12
BRDA:154,16,1,16
BRDA:154,16,2,18
BRDA:154,16,3,40
BRDA:161,17,0,24
BRDA:161,17,1,16
BRDA:163,18,0,6
BRDA:163,18,1,18
BRDA:166,19,0,16
BRDA:166,19,1,2
BRDA:167,20,0,6
BRDA:167,20,1,12
BRDA:171,21,0,10
BRDA:171,21,1,2
BRDA:188,22,0,16
BRDA:188,22,1,12
BRDA:190,23,0,12
BRDA:190,23,1,12
BRDA:195,24,0,10
BRDA:195,24,1,6
BRDA:196,25,0,10
BRDA:196,25,1,6
BRDA:198,26,0,12
BRDA:198,26,1,12
BRDA:199,27,0,2
BRDA:199,27,1,10
BRDA:199,28,0,12
BRDA:199,28,1,10
BRDA:199,28,2,2
BRDA:203,29,0,4
BRDA:203,29,1,8
BRDA:203,30,0,12
BRDA:203,30,1,10
BRDA:203,30,2,10
BRDA:211,31,0,8
BRDA:211,31,1,4
BRDA:222,32,0,22
BRDA:222,32,1,6
BRDA:232,33,0,14
BRDA:232,33,1,16
BRDA:232,33,2,16
BRDA:232,33,3,14
BRDA:242,34,0,8
BRDA:242,34,1,6
BRDA:244,35,0,2
BRDA:244,35,1,6
BRDA:249,36,0,2
BRDA:249,36,1,4
BRDA:253,37,0,2
BRDA:253,37,1,2
BRDA:265,38,0,2
BRDA:265,38,1,4
BRDA:289,39,0,16
BRDA:289,39,1,6
BRDA:295,40,0,8
BRDA:295,40,1,8
BRDA:313,41,0,62
BRDA:313,41,1,38
BRDA:313,41,2,70
BRDA:319,42,0,36
BRDA:319,42,1,2
BRDA:320,43,0,8
BRDA:320,43,1,28
BRDA:322,44,0,14
BRDA:322,44,1,14
BRDA:323,45,0,28
BRDA:323,45,1,22
BRDA:323,45,2,16
BRDA:323,45,3,14
BRDA:335,46,0,4
BRDA:335,46,1,66
BRDA:335,47,0,70
BRDA:335,47,1,4
BRDA:350,48,0,2
BRDA:350,48,1,1
BRDA:350,48,2,1
BRDA:379,49,0,22
BRDA:379,49,1,8
BRDA:380,50,0,30
BRDA:380,50,1,16
BRDA:386,51,0,18
BRDA:386,51,1,4
BRDA:393,52,0,2
BRDA:393,52,1,74
BRDA:406,53,0,35
BRDA:406,53,1,39
BRDA:417,54,0,1
BRDA:417,54,1,73
BRDA:426,55,0,39
BRDA:426,55,1,34
BRDA:462,56,0,2
BRDA:462,56,1,4
BRDA:462,56,2,16
BRDA:462,56,3,20
BRDA:466,57,0,2
BRDA:466,57,1,2
BRDA:472,58,0,8
BRDA:472,58,1,8
BRDA:479,59,0,8
BRDA:479,59,1,8
BRDA:479,60,0,16
BRDA:479,60,1,10
BRDA:486,61,0,6
BRDA:486,61,1,2
BRDA:490,62,0,6
BRDA:490,62,1,2
BRDA:500,63,0,6
BRDA:500,63,1,2
BRDA:502,64,0,6
BRDA:502,64,1,2
BRDA:504,65,0,2
BRDA:504,65,1,2
BRDA:504,65,2,6
BRDA:526,66,0,2
BRDA:526,66,1,6
BRDA:550,67,0,8
BRDA:550,67,1,8
BRDA:554,68,0,12
BRDA:554,68,1,16
BRDA:554,69,0,28
BRDA:554,69,1,14
BRDA:577,70,0,14
BRDA:577,70,1,16
BRDA:577,70,2,18
BRDA:577,70,3,16
BRDA:604,71,0,1
BRDA:604,71,1,1
BRDA:619,72,0,1
BRDA:619,72,1,1
BRDA:637,73,0,2
BRDA:637,73,1,1
BRDA:638,74,0,2
BRDA:638,74,1,1
BRDA:646,75,0,1
BRDA:646,75,1,1
BRDA:650,76,0,99
BRDA:650,76,1,30
BRDA:656,77,0,1
BRDA:656,77,1,1
BRDA:671,78,0,1
BRDA:671,78,1,1
BRDA:682,79,0,109
BRDA:682,79,1,92
BRDA:690,80,0,1
BRDA:690,80,1,1
BRDA:694,81,0,21
BRDA:694,81,1,8
BRDA:694,81,2,15
BRDA:716,82,0,1
BRDA:716,82,1,1
BRDA:746,83,0,30
BRDA:746,83,1,30
BRDA:763,84,0,10
BRDA:763,84,1,12
BRDA:763,84,2,14
BRDA:763,84,3,28
BRDA:763,84,4,8
BRDA:763,84,5,16
BRDA:779,85,0,8
BRDA:779,85,1,8
BRDA:812,86,0,4
BRDA:812,86,1,34
BRDA:853,87,0,34
BRDA:853,87,1,34
BRDA:855,88,0,68
BRDA:855,88,1,60
BRDA:858,89,0,54
BRDA:858,89,1,14
BRDA:873,90,0,18
BRDA:873,90,1,18
BRDA:874,91,0,22
BRDA:874,91,1,14
BRDA:878,92,0,2
BRDA:878,92,1,20
BRDA:884,93,0,22
BRDA:884,93,1,14
BRDA:886,94,0,2
BRDA:886,94,1,20
BRDA:900,95,0,8
BRDA:900,95,1,8
BRDA:902,96,0,8
BRDA:902,96,1,8
BRDA:904,97,0,4
BRDA:904,97,1,12
BRDA:908,98,0,16
BRDA:908,98,1,6
BRF:217
BRH:217
end_of_record
